<?xml version="1.0" encoding="UTF-8"?><TestSessionContainer xmlns="http://www.codecover.org/xml/testsession-container" Date="1428931102030" TestSessionContainerId="9c35dfda-c093-4c22-b46c-07ee3f4cea29" version="1.0">
<SrcFileList>
<SrcFile Content="/* ===========================================================&#13;&#10; * JFreeChart : a free chart library for the Java(tm) platform&#13;&#10; * ===========================================================&#13;&#10; *&#13;&#10; * (C) Copyright 2000-2013, by Object Refinery Limited and Contributors.&#13;&#10; *&#13;&#10; * Project Info:  http://www.jfree.org/jfreechart/index.html&#13;&#10; *&#13;&#10; * This library is free software; you can redistribute it and/or modify it&#13;&#10; * under the terms of the GNU Lesser General Public License as published by&#13;&#10; * the Free Software Foundation; either version 2.1 of the License, or&#13;&#10; * (at your option) any later version.&#13;&#10; *&#13;&#10; * This library is distributed in the hope that it will be useful, but&#13;&#10; * WITHOUT ANY WARRANTY; without even the implied warranty of MERCHANTABILITY&#13;&#10; * or FITNESS FOR A PARTICULAR PURPOSE. See the GNU Lesser General Public&#13;&#10; * License for more details.&#13;&#10; *&#13;&#10; * You should have received a copy of the GNU Lesser General Public&#13;&#10; * License along with this library; if not, write to the Free Software&#13;&#10; * Foundation, Inc., 51 Franklin Street, Fifth Floor, Boston, MA  02110-1301,&#13;&#10; * USA.&#13;&#10; *&#13;&#10; * [Oracle and Java are registered trademarks of Oracle and/or its affiliates. &#13;&#10; * Other names may be trademarks of their respective owners.]&#13;&#10; *&#13;&#10; * --------&#13;&#10; * CSV.java&#13;&#10; * --------&#13;&#10; * (C) Copyright 2003-2008, by Object Refinery Limited.&#13;&#10; *&#13;&#10; * Original Author:  David Gilbert (for Object Refinery Limited);&#13;&#10; * Contributor(s):   -;&#13;&#10; *&#13;&#10; * Changes&#13;&#10; * -------&#13;&#10; * 24-Nov-2003 : Version 1 (DG);&#13;&#10; *&#13;&#10; */&#13;&#10;&#13;&#10;package org.jfree.data.io;&#13;&#10;&#13;&#10;import java.io.BufferedReader;&#13;&#10;import java.io.IOException;&#13;&#10;import java.io.Reader;&#13;&#10;import java.util.List;&#13;&#10;&#13;&#10;import org.jfree.data.category.CategoryDataset;&#13;&#10;import org.jfree.data.category.DefaultCategoryDataset;&#13;&#10;&#13;&#10;/**&#13;&#10; * A utility class for reading {@link CategoryDataset} data from a CSV file.&#13;&#10; * This initial version is very basic, and won't handle errors in the data&#13;&#10; * file very gracefully.&#13;&#10; */&#13;&#10;public class CSV {&#13;&#10;&#13;&#10;    /** The field delimiter. */&#13;&#10;    private char fieldDelimiter;&#13;&#10;&#13;&#10;    /** The text delimiter. */&#13;&#10;    private char textDelimiter;&#13;&#10;&#13;&#10;    /**&#13;&#10;     * Creates a new CSV reader where the field delimiter is a comma, and the&#13;&#10;     * text delimiter is a double-quote.&#13;&#10;     */&#13;&#10;    public CSV() {&#13;&#10;        this(',', '&quot;');&#13;&#10;    }&#13;&#10;&#13;&#10;    /**&#13;&#10;     * Creates a new reader with the specified field and text delimiters.&#13;&#10;     *&#13;&#10;     * @param fieldDelimiter  the field delimiter (usually a comma, semi-colon,&#13;&#10;     *                        colon, tab or space).&#13;&#10;     * @param textDelimiter  the text delimiter (usually a single or double&#13;&#10;     *                       quote).&#13;&#10;     */&#13;&#10;    public CSV(char fieldDelimiter, char textDelimiter) {&#13;&#10;        this.fieldDelimiter = fieldDelimiter;&#13;&#10;        this.textDelimiter = textDelimiter;&#13;&#10;    }&#13;&#10;&#13;&#10;    /**&#13;&#10;     * Reads a {@link CategoryDataset} from a CSV file or input source.&#13;&#10;     *&#13;&#10;     * @param in  the input source.&#13;&#10;     *&#13;&#10;     * @return A category dataset.&#13;&#10;     *&#13;&#10;     * @throws IOException if there is an I/O problem.&#13;&#10;     */&#13;&#10;    public CategoryDataset readCategoryDataset(Reader in) throws IOException {&#13;&#10;&#13;&#10;        DefaultCategoryDataset dataset = new DefaultCategoryDataset();&#13;&#10;        BufferedReader reader = new BufferedReader(in);&#13;&#10;        List columnKeys = null;&#13;&#10;        int lineIndex = 0;&#13;&#10;        String line = reader.readLine();&#13;&#10;        while (line != null) {&#13;&#10;            if (lineIndex == 0) {  // first line contains column keys&#13;&#10;                columnKeys = extractColumnKeys(line);&#13;&#10;            }&#13;&#10;            else {  // remaining lines contain a row key and data values&#13;&#10;                extractRowKeyAndData(line, dataset, columnKeys);&#13;&#10;            }&#13;&#10;            line = reader.readLine();&#13;&#10;            lineIndex++;&#13;&#10;        }&#13;&#10;        return dataset;&#13;&#10;&#13;&#10;    }&#13;&#10;&#13;&#10;    /**&#13;&#10;     * Extracts the column keys from a string.&#13;&#10;     *&#13;&#10;     * @param line  a line from the input file.&#13;&#10;     *&#13;&#10;     * @return A list of column keys.&#13;&#10;     */&#13;&#10;    private List extractColumnKeys(String line) {&#13;&#10;        List keys = new java.util.ArrayList();&#13;&#10;        int fieldIndex = 0;&#13;&#10;        int start = 0;&#13;&#10;        for (int i = 0; i &lt; line.length(); i++) {&#13;&#10;            if (line.charAt(i) == this.fieldDelimiter) {&#13;&#10;                if (fieldIndex &gt; 0) {  // first field is ignored, since&#13;&#10;                                       // column 0 is for row keys&#13;&#10;                    String key = line.substring(start, i);&#13;&#10;                    keys.add(removeStringDelimiters(key));&#13;&#10;                }&#13;&#10;                start = i + 1;&#13;&#10;                fieldIndex++;&#13;&#10;            }&#13;&#10;        }&#13;&#10;        String key = line.substring(start, line.length());&#13;&#10;        keys.add(removeStringDelimiters(key));&#13;&#10;        return keys;&#13;&#10;    }&#13;&#10;&#13;&#10;    /**&#13;&#10;     * Extracts the row key and data for a single line from the input source.&#13;&#10;     *&#13;&#10;     * @param line  the line from the input source.&#13;&#10;     * @param dataset  the dataset to be populated.&#13;&#10;     * @param columnKeys  the column keys.&#13;&#10;     */&#13;&#10;    private void extractRowKeyAndData(String line,&#13;&#10;                                      DefaultCategoryDataset dataset,&#13;&#10;                                      List columnKeys) {&#13;&#10;        Comparable rowKey = null;&#13;&#10;        int fieldIndex = 0;&#13;&#10;        int start = 0;&#13;&#10;        for (int i = 0; i &lt; line.length(); i++) {&#13;&#10;            if (line.charAt(i) == this.fieldDelimiter) {&#13;&#10;                if (fieldIndex == 0) {  // first field contains the row key&#13;&#10;                    String key = line.substring(start, i);&#13;&#10;                    rowKey = removeStringDelimiters(key);&#13;&#10;                }&#13;&#10;                else {  // remaining fields contain values&#13;&#10;                    Double value = Double.valueOf(&#13;&#10;                        removeStringDelimiters(line.substring(start, i))&#13;&#10;                    );&#13;&#10;                    dataset.addValue(&#13;&#10;                        value, rowKey,&#13;&#10;                        (Comparable) columnKeys.get(fieldIndex - 1)&#13;&#10;                    );&#13;&#10;                }&#13;&#10;                start = i + 1;&#13;&#10;                fieldIndex++;&#13;&#10;            }&#13;&#10;        }&#13;&#10;        Double value = Double.valueOf(&#13;&#10;            removeStringDelimiters(line.substring(start, line.length()))&#13;&#10;        );&#13;&#10;        dataset.addValue(&#13;&#10;            value, rowKey, (Comparable) columnKeys.get(fieldIndex - 1)&#13;&#10;        );&#13;&#10;    }&#13;&#10;&#13;&#10;    /**&#13;&#10;     * Removes the string delimiters from a key (as well as any white space&#13;&#10;     * outside the delimiters).&#13;&#10;     *&#13;&#10;     * @param key  the key (including delimiters).&#13;&#10;     *&#13;&#10;     * @return The key without delimiters.&#13;&#10;     */&#13;&#10;    private String removeStringDelimiters(String key) {&#13;&#10;        String k = key.trim();&#13;&#10;        if (k.charAt(0) == this.textDelimiter) {&#13;&#10;            k = k.substring(1);&#13;&#10;        }&#13;&#10;        if (k.charAt(k.length() - 1) == this.textDelimiter) {&#13;&#10;            k = k.substring(0, k.length() - 1);&#13;&#10;        }&#13;&#10;        return k;&#13;&#10;    }&#13;&#10;&#13;&#10;}&#13;&#10;" Filename="CSV.java" Intrnl_Id="1"/>
<SrcFile Content="package Test;&#13;&#10;&#13;&#10;import java.io.IOException;&#13;&#10;import java.io.StringReader;&#13;&#10;&#13;&#10;import org.junit.Assert;&#13;&#10;import org.junit.Test;&#13;&#10;import org.jfree.data.category.CategoryDataset;&#13;&#10;import org.jfree.data.io.CSV;;&#13;&#10;&#13;&#10;public class TestCSV {&#13;&#10;&#13;&#10;&#9;@Test&#13;&#10;&#9;public void testReadCategoryDataset() throws IOException&#13;&#10;&#9;{&#13;&#10;&#9;&#9;CSV csv = new CSV();&#13;&#10;&#9;&#9;StringReader stringReader = new StringReader(&quot; , A,B\nC,1,2\nD,3,4&quot;);&#13;&#10;&#9;&#9;CategoryDataset categoryDataset = csv.readCategoryDataset(stringReader);&#13;&#10;&#9;&#9;Assert.assertEquals(2, categoryDataset.getColumnKeys().size());&#13;&#10;&#9;&#9;Assert.assertEquals(2, categoryDataset.getRowKeys().size());&#13;&#10;&#9;&#9;Assert.assertEquals(1.0, categoryDataset.getValue(0, 0));&#13;&#10;&#9;&#9;Assert.assertEquals(2.0, categoryDataset.getValue(0, 1));&#13;&#10;&#9;&#9;Assert.assertEquals(3.0, categoryDataset.getValue(1, 0));&#13;&#10;&#9;&#9;Assert.assertEquals(4.0, categoryDataset.getValue(1, 1));&#13;&#10;&#9;}&#13;&#10;}&#13;&#10;" Filename="TestCSV.java" Intrnl_Id="2"/>
</SrcFileList>
<CritList>
<CritListEntry Name="org.codecover.model.utils.criteria.BranchCoverage" PluginName="org.codecover"/>
<CritListEntry Name="org.codecover.model.utils.criteria.StatementCoverage" PluginName="org.codecover"/>
</CritList>
<BoolOpList/>
<HierarchyLvlTypeList>
<HierarchyLvlType EnglishName="package" IntrnlName="package" Intrnl_Id="3"/>
<HierarchyLvlType EnglishName="class" IntrnlName="class" Intrnl_Id="4"/>
<HierarchyLvlType EnglishName="method" IntrnlName="method" Intrnl_Id="5"/>
<HierarchyLvlType EnglishName="default package" IntrnlName="default package" Intrnl_Id="6"/>
</HierarchyLvlTypeList>
<MASTRoot>
<HierarchyLvl HierarchyLvlId="372" HierarchyLvlTypeId="6" Intrnl_Id="7" Name="default package">
<Header/>
<LocList/>
<HierarchyLvl HierarchyLvlId="370" HierarchyLvlTypeId="3" Intrnl_Id="8" Name="org">
<Header/>
<LocList/>
<HierarchyLvl HierarchyLvlId="369" HierarchyLvlTypeId="3" Intrnl_Id="9" Name="jfree">
<Header/>
<LocList/>
<HierarchyLvl HierarchyLvlId="368" HierarchyLvlTypeId="3" Intrnl_Id="10" Name="data">
<Header/>
<LocList/>
<HierarchyLvl HierarchyLvlId="367" HierarchyLvlTypeId="3" Intrnl_Id="11" Name="io">
<Header/>
<LocList/>
<HierarchyLvl HierarchyLvlId="364" HierarchyLvlTypeId="4" Intrnl_Id="12" Name="CSV">
<Header>
<Loc EndOffset="1969" SrcFileId="1" StartOffset="1953"/>
</Header>
<LocList>
<Loc EndOffset="6910" SrcFileId="1" StartOffset="1953"/>
</LocList>
<HierarchyLvl HierarchyLvlId="358" HierarchyLvlTypeId="5" Intrnl_Id="13" Name="CSV">
<Header>
<Loc EndOffset="2266" SrcFileId="1" StartOffset="2254"/>
</Header>
<LocList>
<Loc EndOffset="2300" SrcFileId="1" StartOffset="2254"/>
</LocList>
<StmntSeq Intrnl_Id="14">
<LocList>
<Loc EndOffset="2293" SrcFileId="1" StartOffset="2278"/>
</LocList>
<BasicStmnt CovItemId="S1" CovItemPrefix="org.jfree.data.io.CSV.java" Intrnl_Id="15">
<LocList>
<Loc EndOffset="2293" SrcFileId="1" StartOffset="2278"/>
</LocList>
</BasicStmnt>
</StmntSeq>
</HierarchyLvl>
<HierarchyLvl HierarchyLvlId="359" HierarchyLvlTypeId="5" Intrnl_Id="16" Name="CSV">
<Header>
<Loc EndOffset="2709" SrcFileId="1" StartOffset="2658"/>
</Header>
<LocList>
<Loc EndOffset="2810" SrcFileId="1" StartOffset="2658"/>
</LocList>
<StmntSeq Intrnl_Id="17">
<LocList>
<Loc EndOffset="2758" SrcFileId="1" StartOffset="2721"/>
<Loc EndOffset="2803" SrcFileId="1" StartOffset="2768"/>
</LocList>
<BasicStmnt CovItemId="S2" CovItemPrefix="org.jfree.data.io.CSV.java" Intrnl_Id="18">
<LocList>
<Loc EndOffset="2758" SrcFileId="1" StartOffset="2721"/>
</LocList>
</BasicStmnt>
<BasicStmnt CovItemId="S3" CovItemPrefix="org.jfree.data.io.CSV.java" Intrnl_Id="19">
<LocList>
<Loc EndOffset="2803" SrcFileId="1" StartOffset="2768"/>
</LocList>
</BasicStmnt>
</StmntSeq>
</HierarchyLvl>
<HierarchyLvl HierarchyLvlId="360" HierarchyLvlTypeId="5" Intrnl_Id="20" Name="readCategoryDataset">
<Header>
<Loc EndOffset="3134" SrcFileId="1" StartOffset="3062"/>
</Header>
<LocList>
<Loc EndOffset="3808" SrcFileId="1" StartOffset="3062"/>
</LocList>
<StmntSeq Intrnl_Id="21">
<LocList>
<Loc EndOffset="3210" SrcFileId="1" StartOffset="3148"/>
<Loc EndOffset="3267" SrcFileId="1" StartOffset="3220"/>
<Loc EndOffset="3300" SrcFileId="1" StartOffset="3277"/>
<Loc EndOffset="3328" SrcFileId="1" StartOffset="3310"/>
<Loc EndOffset="3370" SrcFileId="1" StartOffset="3338"/>
<Loc EndOffset="3774" SrcFileId="1" StartOffset="3380"/>
<Loc EndOffset="3799" SrcFileId="1" StartOffset="3784"/>
</LocList>
<BasicStmnt CovItemId="S4" CovItemPrefix="org.jfree.data.io.CSV.java" Intrnl_Id="22">
<LocList>
<Loc EndOffset="3210" SrcFileId="1" StartOffset="3148"/>
</LocList>
</BasicStmnt>
<BasicStmnt CovItemId="S5" CovItemPrefix="org.jfree.data.io.CSV.java" Intrnl_Id="23">
<LocList>
<Loc EndOffset="3267" SrcFileId="1" StartOffset="3220"/>
</LocList>
</BasicStmnt>
<BasicStmnt CovItemId="S6" CovItemPrefix="org.jfree.data.io.CSV.java" Intrnl_Id="24">
<LocList>
<Loc EndOffset="3300" SrcFileId="1" StartOffset="3277"/>
</LocList>
</BasicStmnt>
<BasicStmnt CovItemId="S7" CovItemPrefix="org.jfree.data.io.CSV.java" Intrnl_Id="25">
<LocList>
<Loc EndOffset="3328" SrcFileId="1" StartOffset="3310"/>
</LocList>
</BasicStmnt>
<BasicStmnt CovItemId="S8" CovItemPrefix="org.jfree.data.io.CSV.java" Intrnl_Id="26">
<LocList>
<Loc EndOffset="3370" SrcFileId="1" StartOffset="3338"/>
</LocList>
</BasicStmnt>
<LoopStmnt CovItemId="S9" CovItemPrefix="org.jfree.data.io.CSV.java" Intrnl_Id="27" MltplExecId="L1-2" MltplExecPrefix="org.jfree.data.io.CSV.java" NvrExecId="L1-0" NvrExecPrefix="org.jfree.data.io.CSV.java" OnceExecutedId="L1-1" OnceExecutedPrefix="org.jfree.data.io.CSV.java" OptBodyExec="true">
<StmntSeq Intrnl_Id="28">
<LocList>
<Loc EndOffset="3698" SrcFileId="1" StartOffset="3416"/>
<Loc EndOffset="3737" SrcFileId="1" StartOffset="3712"/>
<Loc EndOffset="3763" SrcFileId="1" StartOffset="3751"/>
</LocList>
<CondStmnt CovItemId="S10" CovItemPrefix="org.jfree.data.io.CSV.java" Intrnl_Id="29">
<Branch CovItemId="B1" CovItemPrefix="org.jfree.data.io.CSV.java" Implct="false" Intrnl_Id="30">
<Cond/>
<LocList>
<Loc EndOffset="3543" SrcFileId="1" StartOffset="3436"/>
</LocList>
<StmntSeq Intrnl_Id="31">
<LocList>
<Loc EndOffset="3528" SrcFileId="1" StartOffset="3491"/>
</LocList>
<BasicStmnt CovItemId="S11" CovItemPrefix="org.jfree.data.io.CSV.java" Intrnl_Id="32">
<LocList>
<Loc EndOffset="3528" SrcFileId="1" StartOffset="3491"/>
</LocList>
</BasicStmnt>
</StmntSeq>
</Branch>
<Branch CovItemId="B2" CovItemPrefix="org.jfree.data.io.CSV.java" Implct="false" Intrnl_Id="33">
<Cond>
<Loc EndOffset="3561" SrcFileId="1" StartOffset="3557"/>
</Cond>
<LocList>
<Loc EndOffset="3698" SrcFileId="1" StartOffset="3562"/>
</LocList>
<StmntSeq Intrnl_Id="34">
<LocList>
<Loc EndOffset="3683" SrcFileId="1" StartOffset="3635"/>
</LocList>
<BasicStmnt CovItemId="S12" CovItemPrefix="org.jfree.data.io.CSV.java" Intrnl_Id="35">
<LocList>
<Loc EndOffset="3683" SrcFileId="1" StartOffset="3635"/>
</LocList>
</BasicStmnt>
</StmntSeq>
</Branch>
<Keyword EndOffset="3418" SrcFileId="1" StartOffset="3416"/>
<LocList>
<Loc EndOffset="3698" SrcFileId="1" StartOffset="3416"/>
</LocList>
</CondStmnt>
<BasicStmnt CovItemId="S13" CovItemPrefix="org.jfree.data.io.CSV.java" Intrnl_Id="36">
<LocList>
<Loc EndOffset="3737" SrcFileId="1" StartOffset="3712"/>
</LocList>
</BasicStmnt>
<BasicStmnt CovItemId="S14" CovItemPrefix="org.jfree.data.io.CSV.java" Intrnl_Id="37">
<LocList>
<Loc EndOffset="3763" SrcFileId="1" StartOffset="3751"/>
</LocList>
</BasicStmnt>
</StmntSeq>
<Keyword EndOffset="3385" SrcFileId="1" StartOffset="3380"/>
<LocList>
<Loc EndOffset="3774" SrcFileId="1" StartOffset="3380"/>
</LocList>
</LoopStmnt>
<BasicStmnt CovItemId="S15" CovItemPrefix="org.jfree.data.io.CSV.java" Intrnl_Id="38">
<LocList>
<Loc EndOffset="3799" SrcFileId="1" StartOffset="3784"/>
</LocList>
</BasicStmnt>
</StmntSeq>
</HierarchyLvl>
<HierarchyLvl HierarchyLvlId="361" HierarchyLvlTypeId="5" Intrnl_Id="39" Name="extractColumnKeys">
<Header>
<Loc EndOffset="4029" SrcFileId="1" StartOffset="3986"/>
</Header>
<LocList>
<Loc EndOffset="4747" SrcFileId="1" StartOffset="3986"/>
</LocList>
<StmntSeq Intrnl_Id="40">
<LocList>
<Loc EndOffset="4079" SrcFileId="1" StartOffset="4041"/>
<Loc EndOffset="4108" SrcFileId="1" StartOffset="4089"/>
<Loc EndOffset="4132" SrcFileId="1" StartOffset="4118"/>
<Loc EndOffset="4610" SrcFileId="1" StartOffset="4142"/>
<Loc EndOffset="4670" SrcFileId="1" StartOffset="4620"/>
<Loc EndOffset="4718" SrcFileId="1" StartOffset="4680"/>
<Loc EndOffset="4740" SrcFileId="1" StartOffset="4728"/>
</LocList>
<BasicStmnt CovItemId="S16" CovItemPrefix="org.jfree.data.io.CSV.java" Intrnl_Id="41">
<LocList>
<Loc EndOffset="4079" SrcFileId="1" StartOffset="4041"/>
</LocList>
</BasicStmnt>
<BasicStmnt CovItemId="S17" CovItemPrefix="org.jfree.data.io.CSV.java" Intrnl_Id="42">
<LocList>
<Loc EndOffset="4108" SrcFileId="1" StartOffset="4089"/>
</LocList>
</BasicStmnt>
<BasicStmnt CovItemId="S18" CovItemPrefix="org.jfree.data.io.CSV.java" Intrnl_Id="43">
<LocList>
<Loc EndOffset="4132" SrcFileId="1" StartOffset="4118"/>
</LocList>
</BasicStmnt>
<LoopStmnt CovItemId="S19" CovItemPrefix="org.jfree.data.io.CSV.java" Intrnl_Id="44" MltplExecId="L2-2" MltplExecPrefix="org.jfree.data.io.CSV.java" NvrExecId="L2-0" NvrExecPrefix="org.jfree.data.io.CSV.java" OnceExecutedId="L2-1" OnceExecutedPrefix="org.jfree.data.io.CSV.java" OptBodyExec="true">
<StmntSeq Intrnl_Id="45">
<LocList>
<Loc EndOffset="4599" SrcFileId="1" StartOffset="4197"/>
</LocList>
<CondStmnt CovItemId="S20" CovItemPrefix="org.jfree.data.io.CSV.java" Intrnl_Id="46">
<Branch CovItemId="B3" CovItemPrefix="org.jfree.data.io.CSV.java" Implct="false" Intrnl_Id="47">
<Cond/>
<LocList>
<Loc EndOffset="4599" SrcFileId="1" StartOffset="4240"/>
</LocList>
<StmntSeq Intrnl_Id="48">
<LocList>
<Loc EndOffset="4521" SrcFileId="1" StartOffset="4259"/>
<Loc EndOffset="4553" SrcFileId="1" StartOffset="4539"/>
<Loc EndOffset="4584" SrcFileId="1" StartOffset="4571"/>
</LocList>
<CondStmnt CovItemId="S21" CovItemPrefix="org.jfree.data.io.CSV.java" Intrnl_Id="49">
<Branch CovItemId="B5" CovItemPrefix="org.jfree.data.io.CSV.java" Implct="false" Intrnl_Id="50">
<Cond/>
<LocList>
<Loc EndOffset="4521" SrcFileId="1" StartOffset="4279"/>
</LocList>
<StmntSeq Intrnl_Id="51">
<LocList>
<Loc EndOffset="4442" SrcFileId="1" StartOffset="4404"/>
<Loc EndOffset="4502" SrcFileId="1" StartOffset="4464"/>
</LocList>
<BasicStmnt CovItemId="S22" CovItemPrefix="org.jfree.data.io.CSV.java" Intrnl_Id="52">
<LocList>
<Loc EndOffset="4442" SrcFileId="1" StartOffset="4404"/>
</LocList>
</BasicStmnt>
<BasicStmnt CovItemId="S23" CovItemPrefix="org.jfree.data.io.CSV.java" Intrnl_Id="53">
<LocList>
<Loc EndOffset="4502" SrcFileId="1" StartOffset="4464"/>
</LocList>
</BasicStmnt>
</StmntSeq>
</Branch>
<Branch CovItemId="B6" CovItemPrefix="org.jfree.data.io.CSV.java" Implct="true" Intrnl_Id="54">
<Cond/>
<LocList/>
<StmntSeq Intrnl_Id="55">
<LocList/>
</StmntSeq>
</Branch>
<Keyword EndOffset="4261" SrcFileId="1" StartOffset="4259"/>
<LocList>
<Loc EndOffset="4521" SrcFileId="1" StartOffset="4259"/>
</LocList>
</CondStmnt>
<BasicStmnt CovItemId="S24" CovItemPrefix="org.jfree.data.io.CSV.java" Intrnl_Id="56">
<LocList>
<Loc EndOffset="4553" SrcFileId="1" StartOffset="4539"/>
</LocList>
</BasicStmnt>
<BasicStmnt CovItemId="S25" CovItemPrefix="org.jfree.data.io.CSV.java" Intrnl_Id="57">
<LocList>
<Loc EndOffset="4584" SrcFileId="1" StartOffset="4571"/>
</LocList>
</BasicStmnt>
</StmntSeq>
</Branch>
<Branch CovItemId="B4" CovItemPrefix="org.jfree.data.io.CSV.java" Implct="true" Intrnl_Id="58">
<Cond/>
<LocList/>
<StmntSeq Intrnl_Id="59">
<LocList/>
</StmntSeq>
</Branch>
<Keyword EndOffset="4199" SrcFileId="1" StartOffset="4197"/>
<LocList>
<Loc EndOffset="4599" SrcFileId="1" StartOffset="4197"/>
</LocList>
</CondStmnt>
</StmntSeq>
<Keyword EndOffset="4145" SrcFileId="1" StartOffset="4142"/>
<LocList>
<Loc EndOffset="4610" SrcFileId="1" StartOffset="4142"/>
</LocList>
</LoopStmnt>
<BasicStmnt CovItemId="S26" CovItemPrefix="org.jfree.data.io.CSV.java" Intrnl_Id="60">
<LocList>
<Loc EndOffset="4670" SrcFileId="1" StartOffset="4620"/>
</LocList>
</BasicStmnt>
<BasicStmnt CovItemId="S27" CovItemPrefix="org.jfree.data.io.CSV.java" Intrnl_Id="61">
<LocList>
<Loc EndOffset="4718" SrcFileId="1" StartOffset="4680"/>
</LocList>
</BasicStmnt>
<BasicStmnt CovItemId="S28" CovItemPrefix="org.jfree.data.io.CSV.java" Intrnl_Id="62">
<LocList>
<Loc EndOffset="4740" SrcFileId="1" StartOffset="4728"/>
</LocList>
</BasicStmnt>
</StmntSeq>
</HierarchyLvl>
<HierarchyLvl HierarchyLvlId="362" HierarchyLvlTypeId="5" Intrnl_Id="63" Name="extractRowKeyAndData">
<Header>
<Loc EndOffset="5183" SrcFileId="1" StartOffset="5010"/>
</Header>
<LocList>
<Loc EndOffset="6331" SrcFileId="1" StartOffset="5010"/>
</LocList>
<StmntSeq Intrnl_Id="64">
<LocList>
<Loc EndOffset="5220" SrcFileId="1" StartOffset="5195"/>
<Loc EndOffset="5249" SrcFileId="1" StartOffset="5230"/>
<Loc EndOffset="5273" SrcFileId="1" StartOffset="5259"/>
<Loc EndOffset="6087" SrcFileId="1" StartOffset="5283"/>
<Loc EndOffset="6213" SrcFileId="1" StartOffset="6097"/>
<Loc EndOffset="6324" SrcFileId="1" StartOffset="6223"/>
</LocList>
<BasicStmnt CovItemId="S29" CovItemPrefix="org.jfree.data.io.CSV.java" Intrnl_Id="65">
<LocList>
<Loc EndOffset="5220" SrcFileId="1" StartOffset="5195"/>
</LocList>
</BasicStmnt>
<BasicStmnt CovItemId="S30" CovItemPrefix="org.jfree.data.io.CSV.java" Intrnl_Id="66">
<LocList>
<Loc EndOffset="5249" SrcFileId="1" StartOffset="5230"/>
</LocList>
</BasicStmnt>
<BasicStmnt CovItemId="S31" CovItemPrefix="org.jfree.data.io.CSV.java" Intrnl_Id="67">
<LocList>
<Loc EndOffset="5273" SrcFileId="1" StartOffset="5259"/>
</LocList>
</BasicStmnt>
<LoopStmnt CovItemId="S32" CovItemPrefix="org.jfree.data.io.CSV.java" Intrnl_Id="68" MltplExecId="L3-2" MltplExecPrefix="org.jfree.data.io.CSV.java" NvrExecId="L3-0" NvrExecPrefix="org.jfree.data.io.CSV.java" OnceExecutedId="L3-1" OnceExecutedPrefix="org.jfree.data.io.CSV.java" OptBodyExec="true">
<StmntSeq Intrnl_Id="69">
<LocList>
<Loc EndOffset="6076" SrcFileId="1" StartOffset="5338"/>
</LocList>
<CondStmnt CovItemId="S33" CovItemPrefix="org.jfree.data.io.CSV.java" Intrnl_Id="70">
<Branch CovItemId="B7" CovItemPrefix="org.jfree.data.io.CSV.java" Implct="false" Intrnl_Id="71">
<Cond/>
<LocList>
<Loc EndOffset="6076" SrcFileId="1" StartOffset="5381"/>
</LocList>
<StmntSeq Intrnl_Id="72">
<LocList>
<Loc EndOffset="5998" SrcFileId="1" StartOffset="5400"/>
<Loc EndOffset="6030" SrcFileId="1" StartOffset="6016"/>
<Loc EndOffset="6061" SrcFileId="1" StartOffset="6048"/>
</LocList>
<CondStmnt CovItemId="S34" CovItemPrefix="org.jfree.data.io.CSV.java" Intrnl_Id="73">
<Branch CovItemId="B9" CovItemPrefix="org.jfree.data.io.CSV.java" Implct="false" Intrnl_Id="74">
<Cond/>
<LocList>
<Loc EndOffset="5597" SrcFileId="1" StartOffset="5421"/>
</LocList>
<StmntSeq Intrnl_Id="75">
<LocList>
<Loc EndOffset="5519" SrcFileId="1" StartOffset="5481"/>
<Loc EndOffset="5578" SrcFileId="1" StartOffset="5541"/>
</LocList>
<BasicStmnt CovItemId="S35" CovItemPrefix="org.jfree.data.io.CSV.java" Intrnl_Id="76">
<LocList>
<Loc EndOffset="5519" SrcFileId="1" StartOffset="5481"/>
</LocList>
</BasicStmnt>
<BasicStmnt CovItemId="S36" CovItemPrefix="org.jfree.data.io.CSV.java" Intrnl_Id="77">
<LocList>
<Loc EndOffset="5578" SrcFileId="1" StartOffset="5541"/>
</LocList>
</BasicStmnt>
</StmntSeq>
</Branch>
<Branch CovItemId="B10" CovItemPrefix="org.jfree.data.io.CSV.java" Implct="false" Intrnl_Id="78">
<Cond>
<Loc EndOffset="5619" SrcFileId="1" StartOffset="5615"/>
</Cond>
<LocList>
<Loc EndOffset="5998" SrcFileId="1" StartOffset="5620"/>
</LocList>
<StmntSeq Intrnl_Id="79">
<LocList>
<Loc EndOffset="5807" SrcFileId="1" StartOffset="5679"/>
<Loc EndOffset="5979" SrcFileId="1" StartOffset="5829"/>
</LocList>
<BasicStmnt CovItemId="S37" CovItemPrefix="org.jfree.data.io.CSV.java" Intrnl_Id="80">
<LocList>
<Loc EndOffset="5807" SrcFileId="1" StartOffset="5679"/>
</LocList>
</BasicStmnt>
<BasicStmnt CovItemId="S38" CovItemPrefix="org.jfree.data.io.CSV.java" Intrnl_Id="81">
<LocList>
<Loc EndOffset="5979" SrcFileId="1" StartOffset="5829"/>
</LocList>
</BasicStmnt>
</StmntSeq>
</Branch>
<Keyword EndOffset="5402" SrcFileId="1" StartOffset="5400"/>
<LocList>
<Loc EndOffset="5998" SrcFileId="1" StartOffset="5400"/>
</LocList>
</CondStmnt>
<BasicStmnt CovItemId="S39" CovItemPrefix="org.jfree.data.io.CSV.java" Intrnl_Id="82">
<LocList>
<Loc EndOffset="6030" SrcFileId="1" StartOffset="6016"/>
</LocList>
</BasicStmnt>
<BasicStmnt CovItemId="S40" CovItemPrefix="org.jfree.data.io.CSV.java" Intrnl_Id="83">
<LocList>
<Loc EndOffset="6061" SrcFileId="1" StartOffset="6048"/>
</LocList>
</BasicStmnt>
</StmntSeq>
</Branch>
<Branch CovItemId="B8" CovItemPrefix="org.jfree.data.io.CSV.java" Implct="true" Intrnl_Id="84">
<Cond/>
<LocList/>
<StmntSeq Intrnl_Id="85">
<LocList/>
</StmntSeq>
</Branch>
<Keyword EndOffset="5340" SrcFileId="1" StartOffset="5338"/>
<LocList>
<Loc EndOffset="6076" SrcFileId="1" StartOffset="5338"/>
</LocList>
</CondStmnt>
</StmntSeq>
<Keyword EndOffset="5286" SrcFileId="1" StartOffset="5283"/>
<LocList>
<Loc EndOffset="6087" SrcFileId="1" StartOffset="5283"/>
</LocList>
</LoopStmnt>
<BasicStmnt CovItemId="S41" CovItemPrefix="org.jfree.data.io.CSV.java" Intrnl_Id="86">
<LocList>
<Loc EndOffset="6213" SrcFileId="1" StartOffset="6097"/>
</LocList>
</BasicStmnt>
<BasicStmnt CovItemId="S42" CovItemPrefix="org.jfree.data.io.CSV.java" Intrnl_Id="87">
<LocList>
<Loc EndOffset="6324" SrcFileId="1" StartOffset="6223"/>
</LocList>
</BasicStmnt>
</StmntSeq>
</HierarchyLvl>
<HierarchyLvl HierarchyLvlId="363" HierarchyLvlTypeId="5" Intrnl_Id="88" Name="removeStringDelimiters">
<Header>
<Loc EndOffset="6628" SrcFileId="1" StartOffset="6579"/>
</Header>
<LocList>
<Loc EndOffset="6905" SrcFileId="1" StartOffset="6579"/>
</LocList>
<StmntSeq Intrnl_Id="89">
<LocList>
<Loc EndOffset="6662" SrcFileId="1" StartOffset="6640"/>
<Loc EndOffset="6756" SrcFileId="1" StartOffset="6672"/>
<Loc EndOffset="6879" SrcFileId="1" StartOffset="6766"/>
<Loc EndOffset="6898" SrcFileId="1" StartOffset="6889"/>
</LocList>
<BasicStmnt CovItemId="S43" CovItemPrefix="org.jfree.data.io.CSV.java" Intrnl_Id="90">
<LocList>
<Loc EndOffset="6662" SrcFileId="1" StartOffset="6640"/>
</LocList>
</BasicStmnt>
<CondStmnt CovItemId="S44" CovItemPrefix="org.jfree.data.io.CSV.java" Intrnl_Id="91">
<Branch CovItemId="B11" CovItemPrefix="org.jfree.data.io.CSV.java" Implct="false" Intrnl_Id="92">
<Cond/>
<LocList>
<Loc EndOffset="6756" SrcFileId="1" StartOffset="6711"/>
</LocList>
<StmntSeq Intrnl_Id="93">
<LocList>
<Loc EndOffset="6745" SrcFileId="1" StartOffset="6726"/>
</LocList>
<BasicStmnt CovItemId="S45" CovItemPrefix="org.jfree.data.io.CSV.java" Intrnl_Id="94">
<LocList>
<Loc EndOffset="6745" SrcFileId="1" StartOffset="6726"/>
</LocList>
</BasicStmnt>
</StmntSeq>
</Branch>
<Branch CovItemId="B12" CovItemPrefix="org.jfree.data.io.CSV.java" Implct="true" Intrnl_Id="95">
<Cond/>
<LocList/>
<StmntSeq Intrnl_Id="96">
<LocList/>
</StmntSeq>
</Branch>
<Keyword EndOffset="6674" SrcFileId="1" StartOffset="6672"/>
<LocList>
<Loc EndOffset="6756" SrcFileId="1" StartOffset="6672"/>
</LocList>
</CondStmnt>
<CondStmnt CovItemId="S46" CovItemPrefix="org.jfree.data.io.CSV.java" Intrnl_Id="97">
<Branch CovItemId="B13" CovItemPrefix="org.jfree.data.io.CSV.java" Implct="false" Intrnl_Id="98">
<Cond/>
<LocList>
<Loc EndOffset="6879" SrcFileId="1" StartOffset="6818"/>
</LocList>
<StmntSeq Intrnl_Id="99">
<LocList>
<Loc EndOffset="6868" SrcFileId="1" StartOffset="6833"/>
</LocList>
<BasicStmnt CovItemId="S47" CovItemPrefix="org.jfree.data.io.CSV.java" Intrnl_Id="100">
<LocList>
<Loc EndOffset="6868" SrcFileId="1" StartOffset="6833"/>
</LocList>
</BasicStmnt>
</StmntSeq>
</Branch>
<Branch CovItemId="B14" CovItemPrefix="org.jfree.data.io.CSV.java" Implct="true" Intrnl_Id="101">
<Cond/>
<LocList/>
<StmntSeq Intrnl_Id="102">
<LocList/>
</StmntSeq>
</Branch>
<Keyword EndOffset="6768" SrcFileId="1" StartOffset="6766"/>
<LocList>
<Loc EndOffset="6879" SrcFileId="1" StartOffset="6766"/>
</LocList>
</CondStmnt>
<BasicStmnt CovItemId="S48" CovItemPrefix="org.jfree.data.io.CSV.java" Intrnl_Id="103">
<LocList>
<Loc EndOffset="6898" SrcFileId="1" StartOffset="6889"/>
</LocList>
</BasicStmnt>
</StmntSeq>
</HierarchyLvl>
</HierarchyLvl>
</HierarchyLvl>
</HierarchyLvl>
</HierarchyLvl>
</HierarchyLvl>
<HierarchyLvl HierarchyLvlId="371" HierarchyLvlTypeId="3" Intrnl_Id="104" Name="Test">
<Header/>
<LocList/>
<HierarchyLvl HierarchyLvlId="366" HierarchyLvlTypeId="4" Intrnl_Id="105" Name="TestCSV">
<Header>
<Loc EndOffset="231" SrcFileId="2" StartOffset="211"/>
</Header>
<LocList>
<Loc EndOffset="861" SrcFileId="2" StartOffset="211"/>
</LocList>
<HierarchyLvl HierarchyLvlId="365" HierarchyLvlTypeId="5" Intrnl_Id="106" Name="testReadCategoryDataset">
<Header>
<Loc EndOffset="302" SrcFileId="2" StartOffset="238"/>
</Header>
<LocList>
<Loc EndOffset="858" SrcFileId="2" StartOffset="238"/>
</LocList>
<StmntSeq Intrnl_Id="107">
<LocList>
<Loc EndOffset="330" SrcFileId="2" StartOffset="310"/>
<Loc EndOffset="403" SrcFileId="2" StartOffset="334"/>
<Loc EndOffset="479" SrcFileId="2" StartOffset="407"/>
<Loc EndOffset="546" SrcFileId="2" StartOffset="483"/>
<Loc EndOffset="610" SrcFileId="2" StartOffset="550"/>
<Loc EndOffset="671" SrcFileId="2" StartOffset="614"/>
<Loc EndOffset="732" SrcFileId="2" StartOffset="675"/>
<Loc EndOffset="793" SrcFileId="2" StartOffset="736"/>
<Loc EndOffset="854" SrcFileId="2" StartOffset="797"/>
</LocList>
<BasicStmnt CovItemId="S1" CovItemPrefix="Test.TestCSV.java" Intrnl_Id="108">
<LocList>
<Loc EndOffset="330" SrcFileId="2" StartOffset="310"/>
</LocList>
</BasicStmnt>
<BasicStmnt CovItemId="S2" CovItemPrefix="Test.TestCSV.java" Intrnl_Id="109">
<LocList>
<Loc EndOffset="403" SrcFileId="2" StartOffset="334"/>
</LocList>
</BasicStmnt>
<BasicStmnt CovItemId="S3" CovItemPrefix="Test.TestCSV.java" Intrnl_Id="110">
<LocList>
<Loc EndOffset="479" SrcFileId="2" StartOffset="407"/>
</LocList>
</BasicStmnt>
<BasicStmnt CovItemId="S4" CovItemPrefix="Test.TestCSV.java" Intrnl_Id="111">
<LocList>
<Loc EndOffset="546" SrcFileId="2" StartOffset="483"/>
</LocList>
</BasicStmnt>
<BasicStmnt CovItemId="S5" CovItemPrefix="Test.TestCSV.java" Intrnl_Id="112">
<LocList>
<Loc EndOffset="610" SrcFileId="2" StartOffset="550"/>
</LocList>
</BasicStmnt>
<BasicStmnt CovItemId="S6" CovItemPrefix="Test.TestCSV.java" Intrnl_Id="113">
<LocList>
<Loc EndOffset="671" SrcFileId="2" StartOffset="614"/>
</LocList>
</BasicStmnt>
<BasicStmnt CovItemId="S7" CovItemPrefix="Test.TestCSV.java" Intrnl_Id="114">
<LocList>
<Loc EndOffset="732" SrcFileId="2" StartOffset="675"/>
</LocList>
</BasicStmnt>
<BasicStmnt CovItemId="S8" CovItemPrefix="Test.TestCSV.java" Intrnl_Id="115">
<LocList>
<Loc EndOffset="793" SrcFileId="2" StartOffset="736"/>
</LocList>
</BasicStmnt>
<BasicStmnt CovItemId="S9" CovItemPrefix="Test.TestCSV.java" Intrnl_Id="116">
<LocList>
<Loc EndOffset="854" SrcFileId="2" StartOffset="797"/>
</LocList>
</BasicStmnt>
</StmntSeq>
</HierarchyLvl>
</HierarchyLvl>
</HierarchyLvl>
</HierarchyLvl>
</MASTRoot>
<TestSession Comment="" Date="1428931362351" Name="2015/4/13 下午 09:22:42">
<TestCase Comment="" Date="1428931362298" Name="Test.TestCSV:testReadCategoryDataset">
<CovList>
<CovPrefix CovItemPrefix="Test.TestCSV.java">
<Cov CovItemId="S1" Value="1"/>
<Cov CovItemId="S2" Value="1"/>
<Cov CovItemId="S3" Value="1"/>
<Cov CovItemId="S4" Value="1"/>
<Cov CovItemId="S5" Value="1"/>
<Cov CovItemId="S6" Value="1"/>
<Cov CovItemId="S7" Value="1"/>
<Cov CovItemId="S8" Value="1"/>
<Cov CovItemId="S9" Value="1"/>
</CovPrefix>
<CovPrefix CovItemPrefix="org.jfree.data.io.CSV.java">
<Cov CovItemId="B1" Value="1"/>
<Cov CovItemId="B10" Value="2"/>
<Cov CovItemId="B12" Value="8"/>
<Cov CovItemId="B14" Value="8"/>
<Cov CovItemId="B2" Value="2"/>
<Cov CovItemId="B3" Value="2"/>
<Cov CovItemId="B4" Value="4"/>
<Cov CovItemId="B5" Value="1"/>
<Cov CovItemId="B6" Value="1"/>
<Cov CovItemId="B7" Value="4"/>
<Cov CovItemId="B8" Value="6"/>
<Cov CovItemId="B9" Value="2"/>
<Cov CovItemId="S1" Value="1"/>
<Cov CovItemId="S10" Value="3"/>
<Cov CovItemId="S11" Value="1"/>
<Cov CovItemId="S12" Value="2"/>
<Cov CovItemId="S13" Value="3"/>
<Cov CovItemId="S14" Value="3"/>
<Cov CovItemId="S15" Value="1"/>
<Cov CovItemId="S16" Value="1"/>
<Cov CovItemId="S17" Value="1"/>
<Cov CovItemId="S18" Value="1"/>
<Cov CovItemId="S19" Value="1"/>
<Cov CovItemId="S2" Value="1"/>
<Cov CovItemId="S20" Value="6"/>
<Cov CovItemId="S21" Value="2"/>
<Cov CovItemId="S22" Value="1"/>
<Cov CovItemId="S23" Value="1"/>
<Cov CovItemId="S24" Value="2"/>
<Cov CovItemId="S25" Value="2"/>
<Cov CovItemId="S26" Value="1"/>
<Cov CovItemId="S27" Value="1"/>
<Cov CovItemId="S28" Value="1"/>
<Cov CovItemId="S29" Value="2"/>
<Cov CovItemId="S3" Value="1"/>
<Cov CovItemId="S30" Value="2"/>
<Cov CovItemId="S31" Value="2"/>
<Cov CovItemId="S32" Value="2"/>
<Cov CovItemId="S33" Value="10"/>
<Cov CovItemId="S34" Value="4"/>
<Cov CovItemId="S35" Value="2"/>
<Cov CovItemId="S36" Value="2"/>
<Cov CovItemId="S37" Value="2"/>
<Cov CovItemId="S38" Value="2"/>
<Cov CovItemId="S39" Value="4"/>
<Cov CovItemId="S4" Value="1"/>
<Cov CovItemId="S40" Value="4"/>
<Cov CovItemId="S41" Value="2"/>
<Cov CovItemId="S42" Value="2"/>
<Cov CovItemId="S43" Value="8"/>
<Cov CovItemId="S44" Value="8"/>
<Cov CovItemId="S46" Value="8"/>
<Cov CovItemId="S48" Value="8"/>
<Cov CovItemId="S5" Value="1"/>
<Cov CovItemId="S6" Value="1"/>
<Cov CovItemId="S7" Value="1"/>
<Cov CovItemId="S8" Value="1"/>
<Cov CovItemId="S9" Value="1"/>
</CovPrefix>
</CovList>
<AssgnmntList/>
<ObjMetaDataList/>
<MetaDataList/>
</TestCase>
<MetaDataList/>
</TestSession>
</TestSessionContainer>
