<?xml version="1.0" encoding="UTF-8"?><TestSessionContainer xmlns="http://www.codecover.org/xml/testsession-container" Date="1428931661098" TestSessionContainerId="6b6b22f6-12f9-4149-8211-a35c207f4cbc" version="1.0">
<SrcFileList>
<SrcFile Content="/* ===========================================================&#13;&#10; * JFreeChart : a free chart library for the Java(tm) platform&#13;&#10; * ===========================================================&#13;&#10; *&#13;&#10; * (C) Copyright 2000-2013, by Object Refinery Limited and Contributors.&#13;&#10; *&#13;&#10; * Project Info:  http://www.jfree.org/jfreechart/index.html&#13;&#10; *&#13;&#10; * This library is free software; you can redistribute it and/or modify it&#13;&#10; * under the terms of the GNU Lesser General Public License as published by&#13;&#10; * the Free Software Foundation; either version 2.1 of the License, or&#13;&#10; * (at your option) any later version.&#13;&#10; *&#13;&#10; * This library is distributed in the hope that it will be useful, but&#13;&#10; * WITHOUT ANY WARRANTY; without even the implied warranty of MERCHANTABILITY&#13;&#10; * or FITNESS FOR A PARTICULAR PURPOSE. See the GNU Lesser General Public&#13;&#10; * License for more details.&#13;&#10; *&#13;&#10; * You should have received a copy of the GNU Lesser General Public&#13;&#10; * License along with this library; if not, write to the Free Software&#13;&#10; * Foundation, Inc., 51 Franklin Street, Fifth Floor, Boston, MA  02110-1301,&#13;&#10; * USA.&#13;&#10; *&#13;&#10; * [Oracle and Java are registered trademarks of Oracle and/or its affiliates. &#13;&#10; * Other names may be trademarks of their respective owners.]&#13;&#10; *&#13;&#10; * --------&#13;&#10; * CSV.java&#13;&#10; * --------&#13;&#10; * (C) Copyright 2003-2008, by Object Refinery Limited.&#13;&#10; *&#13;&#10; * Original Author:  David Gilbert (for Object Refinery Limited);&#13;&#10; * Contributor(s):   -;&#13;&#10; *&#13;&#10; * Changes&#13;&#10; * -------&#13;&#10; * 24-Nov-2003 : Version 1 (DG);&#13;&#10; *&#13;&#10; */&#13;&#10;&#13;&#10;package org.jfree.data.io;&#13;&#10;&#13;&#10;import java.io.BufferedReader;&#13;&#10;import java.io.IOException;&#13;&#10;import java.io.Reader;&#13;&#10;import java.util.List;&#13;&#10;&#13;&#10;import org.jfree.data.category.CategoryDataset;&#13;&#10;import org.jfree.data.category.DefaultCategoryDataset;&#13;&#10;&#13;&#10;/**&#13;&#10; * A utility class for reading {@link CategoryDataset} data from a CSV file.&#13;&#10; * This initial version is very basic, and won't handle errors in the data&#13;&#10; * file very gracefully.&#13;&#10; */&#13;&#10;public class CSV {&#13;&#10;&#13;&#10;    /** The field delimiter. */&#13;&#10;    private char fieldDelimiter;&#13;&#10;&#13;&#10;    /** The text delimiter. */&#13;&#10;    private char textDelimiter;&#13;&#10;&#13;&#10;    /**&#13;&#10;     * Creates a new CSV reader where the field delimiter is a comma, and the&#13;&#10;     * text delimiter is a double-quote.&#13;&#10;     */&#13;&#10;    public CSV() {&#13;&#10;        this(',', '&quot;');&#13;&#10;    }&#13;&#10;&#13;&#10;    /**&#13;&#10;     * Creates a new reader with the specified field and text delimiters.&#13;&#10;     *&#13;&#10;     * @param fieldDelimiter  the field delimiter (usually a comma, semi-colon,&#13;&#10;     *                        colon, tab or space).&#13;&#10;     * @param textDelimiter  the text delimiter (usually a single or double&#13;&#10;     *                       quote).&#13;&#10;     */&#13;&#10;    public CSV(char fieldDelimiter, char textDelimiter) {&#13;&#10;        this.fieldDelimiter = fieldDelimiter;&#13;&#10;        this.textDelimiter = textDelimiter;&#13;&#10;    }&#13;&#10;&#13;&#10;    /**&#13;&#10;     * Reads a {@link CategoryDataset} from a CSV file or input source.&#13;&#10;     *&#13;&#10;     * @param in  the input source.&#13;&#10;     *&#13;&#10;     * @return A category dataset.&#13;&#10;     *&#13;&#10;     * @throws IOException if there is an I/O problem.&#13;&#10;     */&#13;&#10;    public CategoryDataset readCategoryDataset(Reader in) throws IOException {&#13;&#10;&#13;&#10;        DefaultCategoryDataset dataset = new DefaultCategoryDataset();&#13;&#10;        BufferedReader reader = new BufferedReader(in);&#13;&#10;        List columnKeys = null;&#13;&#10;        int lineIndex = 0;&#13;&#10;        String line = reader.readLine();&#13;&#10;        while (line != null) {&#13;&#10;            if (lineIndex == 0) {  // first line contains column keys&#13;&#10;                columnKeys = extractColumnKeys(line);&#13;&#10;            }&#13;&#10;            else {  // remaining lines contain a row key and data values&#13;&#10;                extractRowKeyAndData(line, dataset, columnKeys);&#13;&#10;            }&#13;&#10;            line = reader.readLine();&#13;&#10;            lineIndex++;&#13;&#10;        }&#13;&#10;        return dataset;&#13;&#10;&#13;&#10;    }&#13;&#10;&#13;&#10;    /**&#13;&#10;     * Extracts the column keys from a string.&#13;&#10;     *&#13;&#10;     * @param line  a line from the input file.&#13;&#10;     *&#13;&#10;     * @return A list of column keys.&#13;&#10;     */&#13;&#10;    private List extractColumnKeys(String line) {&#13;&#10;        List keys = new java.util.ArrayList();&#13;&#10;        int fieldIndex = 0;&#13;&#10;        int start = 0;&#13;&#10;        for (int i = 0; i &lt; line.length(); i++) {&#13;&#10;            if (line.charAt(i) == this.fieldDelimiter) {&#13;&#10;                if (fieldIndex &gt; 0) {  // first field is ignored, since&#13;&#10;                                       // column 0 is for row keys&#13;&#10;                    String key = line.substring(start, i);&#13;&#10;                    keys.add(removeStringDelimiters(key));&#13;&#10;                }&#13;&#10;                start = i + 1;&#13;&#10;                fieldIndex++;&#13;&#10;            }&#13;&#10;        }&#13;&#10;        String key = line.substring(start, line.length());&#13;&#10;        keys.add(removeStringDelimiters(key));&#13;&#10;        return keys;&#13;&#10;    }&#13;&#10;&#13;&#10;    /**&#13;&#10;     * Extracts the row key and data for a single line from the input source.&#13;&#10;     *&#13;&#10;     * @param line  the line from the input source.&#13;&#10;     * @param dataset  the dataset to be populated.&#13;&#10;     * @param columnKeys  the column keys.&#13;&#10;     */&#13;&#10;    private void extractRowKeyAndData(String line,&#13;&#10;                                      DefaultCategoryDataset dataset,&#13;&#10;                                      List columnKeys) {&#13;&#10;        Comparable rowKey = null;&#13;&#10;        int fieldIndex = 0;&#13;&#10;        int start = 0;&#13;&#10;        for (int i = 0; i &lt; line.length(); i++) {&#13;&#10;            if (line.charAt(i) == this.fieldDelimiter) {&#13;&#10;                if (fieldIndex == 0) {  // first field contains the row key&#13;&#10;                    String key = line.substring(start, i);&#13;&#10;                    rowKey = removeStringDelimiters(key);&#13;&#10;                }&#13;&#10;                else {  // remaining fields contain values&#13;&#10;                    Double value = Double.valueOf(&#13;&#10;                        removeStringDelimiters(line.substring(start, i))&#13;&#10;                    );&#13;&#10;                    dataset.addValue(&#13;&#10;                        value, rowKey,&#13;&#10;                        (Comparable) columnKeys.get(fieldIndex - 1)&#13;&#10;                    );&#13;&#10;                }&#13;&#10;                start = i + 1;&#13;&#10;                fieldIndex++;&#13;&#10;            }&#13;&#10;        }&#13;&#10;        Double value = Double.valueOf(&#13;&#10;            removeStringDelimiters(line.substring(start, line.length()))&#13;&#10;        );&#13;&#10;        dataset.addValue(&#13;&#10;            value, rowKey, (Comparable) columnKeys.get(fieldIndex - 1)&#13;&#10;        );&#13;&#10;    }&#13;&#10;&#13;&#10;    /**&#13;&#10;     * Removes the string delimiters from a key (as well as any white space&#13;&#10;     * outside the delimiters).&#13;&#10;     *&#13;&#10;     * @param key  the key (including delimiters).&#13;&#10;     *&#13;&#10;     * @return The key without delimiters.&#13;&#10;     */&#13;&#10;    private String removeStringDelimiters(String key) {&#13;&#10;        String k = key.trim();&#13;&#10;        if (k.charAt(0) == this.textDelimiter) {&#13;&#10;            k = k.substring(1);&#13;&#10;        }&#13;&#10;        if (k.charAt(k.length() - 1) == this.textDelimiter) {&#13;&#10;            k = k.substring(0, k.length() - 1);&#13;&#10;        }&#13;&#10;        return k;&#13;&#10;    }&#13;&#10;&#13;&#10;}&#13;&#10;" Filename="CSV.java" Intrnl_Id="1"/>
<SrcFile Content="/* ===========================================================&#13;&#10; * JFreeChart : a free chart library for the Java(tm) platform&#13;&#10; * ===========================================================&#13;&#10; *&#13;&#10; * (C) Copyright 2000-2014, by Object Refinery Limited and Contributors.&#13;&#10; *&#13;&#10; * Project Info:  http://www.jfree.org/jfreechart/index.html&#13;&#10; *&#13;&#10; * This library is free software; you can redistribute it and/or modify it&#13;&#10; * under the terms of the GNU Lesser General Public License as published by&#13;&#10; * the Free Software Foundation; either version 2.1 of the License, or&#13;&#10; * (at your option) any later version.&#13;&#10; *&#13;&#10; * This library is distributed in the hope that it will be useful, but&#13;&#10; * WITHOUT ANY WARRANTY; without even the implied warranty of MERCHANTABILITY&#13;&#10; * or FITNESS FOR A PARTICULAR PURPOSE. See the GNU Lesser General Public&#13;&#10; * License for more details.&#13;&#10; *&#13;&#10; * You should have received a copy of the GNU Lesser General Public&#13;&#10; * License along with this library; if not, write to the Free Software&#13;&#10; * Foundation, Inc., 51 Franklin Street, Fifth Floor, Boston, MA  02110-1301,&#13;&#10; * USA.&#13;&#10; *&#13;&#10; * [Oracle and Java are registered trademarks of Oracle and/or its affiliates. &#13;&#10; * Other names may be trademarks of their respective owners.]&#13;&#10; *&#13;&#10; * ----------&#13;&#10; * Range.java&#13;&#10; * ----------&#13;&#10; * (C) Copyright 2002-2014, by Object Refinery Limited and Contributors.&#13;&#10; *&#13;&#10; * Original Author:  David Gilbert (for Object Refinery Limited);&#13;&#10; * Contributor(s):   Chuanhao Chiu;&#13;&#10; *                   Bill Kelemen;&#13;&#10; *                   Nicolas Brodu;&#13;&#10; *                   Sergei Ivanov;&#13;&#10; *&#13;&#10; * Changes (from 23-Jun-2001)&#13;&#10; * --------------------------&#13;&#10; * 22-Apr-2002 : Version 1, loosely based by code by Bill Kelemen (DG);&#13;&#10; * 30-Apr-2002 : Added getLength() and getCentralValue() methods.  Changed&#13;&#10; *               argument check in constructor (DG);&#13;&#10; * 13-Jun-2002 : Added contains(double) method (DG);&#13;&#10; * 22-Aug-2002 : Added fix to combine method where both ranges are null, thanks&#13;&#10; *               to Chuanhao Chiu for reporting and fixing this (DG);&#13;&#10; * 07-Oct-2002 : Fixed errors reported by Checkstyle (DG);&#13;&#10; * 26-Mar-2003 : Implemented Serializable (DG);&#13;&#10; * 14-Aug-2003 : Added equals() method (DG);&#13;&#10; * 27-Aug-2003 : Added toString() method (BK);&#13;&#10; * 11-Sep-2003 : Added Clone Support (NB);&#13;&#10; * 23-Sep-2003 : Fixed Checkstyle issues (DG);&#13;&#10; * 25-Sep-2003 : Oops, Range immutable, clone not necessary (NB);&#13;&#10; * 05-May-2004 : Added constrain() and intersects() methods (DG);&#13;&#10; * 18-May-2004 : Added expand() method (DG);&#13;&#10; * ------------- JFreeChart 1.0.x ---------------------------------------------&#13;&#10; * 11-Jan-2006 : Added new method expandToInclude(Range, double) (DG);&#13;&#10; * 18-Dec-2007 : New methods intersects(Range) and scale(...) thanks to Sergei&#13;&#10; *               Ivanov (DG);&#13;&#10; * 08-Jan-2012 : New method combineIgnoringNaN() (DG);&#13;&#10; * 23-Feb-2014 : Added isNaNRange() method (DG);&#13;&#10; * &#13;&#10; */&#13;&#10;&#13;&#10;package org.jfree.data;&#13;&#10;&#13;&#10;import java.io.Serializable;&#13;&#10;import org.jfree.chart.util.ParamChecks;&#13;&#10;&#13;&#10;/**&#13;&#10; * Represents an immutable range of values.&#13;&#10; */&#13;&#10;public strictfp class Range implements Serializable {&#13;&#10;&#13;&#10;    /** For serialization. */&#13;&#10;    private static final long serialVersionUID = -906333695431863380L;&#13;&#10;&#13;&#10;    /** The lower bound of the range. */&#13;&#10;    private double lower;&#13;&#10;&#13;&#10;    /** The upper bound of the range. */&#13;&#10;    private double upper;&#13;&#10;&#13;&#10;    /**&#13;&#10;     * Creates a new range.&#13;&#10;     *&#13;&#10;     * @param lower  the lower bound (must be &amp;lt;= upper bound).&#13;&#10;     * @param upper  the upper bound (must be &amp;gt;= lower bound).&#13;&#10;     */&#13;&#10;    public Range(double lower, double upper) {&#13;&#10;        if (lower &gt; upper) {&#13;&#10;            String msg = &quot;Range(double, double): require lower (&quot; + lower&#13;&#10;                + &quot;) &lt;= upper (&quot; + upper + &quot;).&quot;;&#13;&#10;            throw new IllegalArgumentException(msg);&#13;&#10;        }&#13;&#10;        this.lower = lower;&#13;&#10;        this.upper = upper;&#13;&#10;    }&#13;&#10;&#13;&#10;    /**&#13;&#10;     * Returns the lower bound for the range.&#13;&#10;     *&#13;&#10;     * @return The lower bound.&#13;&#10;     */&#13;&#10;    public double getLowerBound() {&#13;&#10;        return this.lower;&#13;&#10;    }&#13;&#10;&#13;&#10;    /**&#13;&#10;     * Returns the upper bound for the range.&#13;&#10;     *&#13;&#10;     * @return The upper bound.&#13;&#10;     */&#13;&#10;    public double getUpperBound() {&#13;&#10;        return this.upper;&#13;&#10;    }&#13;&#10;&#13;&#10;    /**&#13;&#10;     * Returns the length of the range.&#13;&#10;     *&#13;&#10;     * @return The length.&#13;&#10;     */&#13;&#10;    public double getLength() {&#13;&#10;        return this.upper - this.lower;&#13;&#10;    }&#13;&#10;&#13;&#10;    /**&#13;&#10;     * Returns the central value for the range.&#13;&#10;     *&#13;&#10;     * @return The central value.&#13;&#10;     */&#13;&#10;    public double getCentralValue() {&#13;&#10;        return this.lower / 2.0 + this.upper / 2.0;&#13;&#10;    }&#13;&#10;&#13;&#10;    /**&#13;&#10;     * Returns &lt;code&gt;true&lt;/code&gt; if the range contains the specified value and&#13;&#10;     * &lt;code&gt;false&lt;/code&gt; otherwise.&#13;&#10;     *&#13;&#10;     * @param value  the value to lookup.&#13;&#10;     *&#13;&#10;     * @return &lt;code&gt;true&lt;/code&gt; if the range contains the specified value.&#13;&#10;     */&#13;&#10;    public boolean contains(double value) {&#13;&#10;        return (value &gt;= this.lower &amp;&amp; value &lt;= this.upper);&#13;&#10;    }&#13;&#10;&#13;&#10;    /**&#13;&#10;     * Returns &lt;code&gt;true&lt;/code&gt; if the range intersects with the specified&#13;&#10;     * range, and &lt;code&gt;false&lt;/code&gt; otherwise.&#13;&#10;     *&#13;&#10;     * @param b0  the lower bound (should be &amp;lt;= b1).&#13;&#10;     * @param b1  the upper bound (should be &amp;gt;= b0).&#13;&#10;     *&#13;&#10;     * @return A boolean.&#13;&#10;     */&#13;&#10;    public boolean intersects(double b0, double b1) {&#13;&#10;        if (b0 &lt;= this.lower) {&#13;&#10;            return (b1 &gt; this.lower);&#13;&#10;        }&#13;&#10;        else {&#13;&#10;            return (b0 &lt; this.upper &amp;&amp; b1 &gt;= b0);&#13;&#10;        }&#13;&#10;    }&#13;&#10;&#13;&#10;    /**&#13;&#10;     * Returns &lt;code&gt;true&lt;/code&gt; if the range intersects with the specified&#13;&#10;     * range, and &lt;code&gt;false&lt;/code&gt; otherwise.&#13;&#10;     *&#13;&#10;     * @param range  another range (&lt;code&gt;null&lt;/code&gt; not permitted).&#13;&#10;     *&#13;&#10;     * @return A boolean.&#13;&#10;     *&#13;&#10;     * @since 1.0.9&#13;&#10;     */&#13;&#10;    public boolean intersects(Range range) {&#13;&#10;        return intersects(range.getLowerBound(), range.getUpperBound());&#13;&#10;    }&#13;&#10;&#13;&#10;    /**&#13;&#10;     * Returns the value within the range that is closest to the specified&#13;&#10;     * value.&#13;&#10;     *&#13;&#10;     * @param value  the value.&#13;&#10;     *&#13;&#10;     * @return The constrained value.&#13;&#10;     */&#13;&#10;    public double constrain(double value) {&#13;&#10;        double result = value;&#13;&#10;        if (!contains(value)) {&#13;&#10;            if (value &gt; this.upper) {&#13;&#10;                result = this.upper;&#13;&#10;            }&#13;&#10;            else if (value &lt; this.lower) {&#13;&#10;                result = this.lower;&#13;&#10;            }&#13;&#10;        }&#13;&#10;        return result;&#13;&#10;    }&#13;&#10;&#13;&#10;    /**&#13;&#10;     * Creates a new range by combining two existing ranges.&#13;&#10;     * &lt;P&gt;&#13;&#10;     * Note that:&#13;&#10;     * &lt;ul&gt;&#13;&#10;     *   &lt;li&gt;either range can be &lt;code&gt;null&lt;/code&gt;, in which case the other&#13;&#10;     *       range is returned;&lt;/li&gt;&#13;&#10;     *   &lt;li&gt;if both ranges are &lt;code&gt;null&lt;/code&gt; the return value is&#13;&#10;     *       &lt;code&gt;null&lt;/code&gt;.&lt;/li&gt;&#13;&#10;     * &lt;/ul&gt;&#13;&#10;     *&#13;&#10;     * @param range1  the first range (&lt;code&gt;null&lt;/code&gt; permitted).&#13;&#10;     * @param range2  the second range (&lt;code&gt;null&lt;/code&gt; permitted).&#13;&#10;     *&#13;&#10;     * @return A new range (possibly &lt;code&gt;null&lt;/code&gt;).&#13;&#10;     */&#13;&#10;    public static Range combine(Range range1, Range range2) {&#13;&#10;        if (range1 == null) {&#13;&#10;            return range2;&#13;&#10;        }&#13;&#10;        if (range2 == null) {&#13;&#10;            return range1;&#13;&#10;        }&#13;&#10;        double l = Math.min(range1.getLowerBound(), range2.getLowerBound());&#13;&#10;        double u = Math.max(range1.getUpperBound(), range2.getUpperBound());&#13;&#10;        return new Range(l, u);&#13;&#10;    }&#13;&#10;&#13;&#10;    /**&#13;&#10;     * Returns a new range that spans both &lt;code&gt;range1&lt;/code&gt; and &#13;&#10;     * &lt;code&gt;range2&lt;/code&gt;.  This method has a special handling to ignore&#13;&#10;     * Double.NaN values.&#13;&#10;     *&#13;&#10;     * @param range1  the first range (&lt;code&gt;null&lt;/code&gt; permitted).&#13;&#10;     * @param range2  the second range (&lt;code&gt;null&lt;/code&gt; permitted).&#13;&#10;     *&#13;&#10;     * @return A new range (possibly &lt;code&gt;null&lt;/code&gt;).&#13;&#10;     *&#13;&#10;     * @since 1.0.15&#13;&#10;     */&#13;&#10;    public static Range combineIgnoringNaN(Range range1, Range range2) {&#13;&#10;        if (range1 == null) {&#13;&#10;            if (range2 != null &amp;&amp; range2.isNaNRange()) {&#13;&#10;                return null;&#13;&#10;            }&#13;&#10;            return range2;&#13;&#10;        }&#13;&#10;        if (range2 == null) {&#13;&#10;            if (range1.isNaNRange()) {&#13;&#10;                return null;&#13;&#10;            }&#13;&#10;            return range1;&#13;&#10;        }&#13;&#10;        double l = min(range1.getLowerBound(), range2.getLowerBound());&#13;&#10;        double u = max(range1.getUpperBound(), range2.getUpperBound());&#13;&#10;        if (Double.isNaN(l) &amp;&amp; Double.isNaN(u)) {&#13;&#10;            return null;&#13;&#10;        }&#13;&#10;        return new Range(l, u);&#13;&#10;    }&#13;&#10;    &#13;&#10;    /**&#13;&#10;     * Returns the minimum value.  If either value is NaN, the other value is &#13;&#10;     * returned.  If both are NaN, NaN is returned.&#13;&#10;     * &#13;&#10;     * @param d1  value 1.&#13;&#10;     * @param d2  value 2.&#13;&#10;     * &#13;&#10;     * @return The minimum of the two values. &#13;&#10;     */&#13;&#10;    private static double min(double d1, double d2) {&#13;&#10;        if (Double.isNaN(d1)) {&#13;&#10;            return d2;&#13;&#10;        }&#13;&#10;        if (Double.isNaN(d2)) {&#13;&#10;            return d1;&#13;&#10;        }&#13;&#10;        return Math.min(d1, d2);&#13;&#10;    }&#13;&#10;&#13;&#10;    private static double max(double d1, double d2) {&#13;&#10;        if (Double.isNaN(d1)) {&#13;&#10;            return d2;&#13;&#10;        }&#13;&#10;        if (Double.isNaN(d2)) {&#13;&#10;            return d1;&#13;&#10;        }&#13;&#10;        return Math.max(d1, d2);&#13;&#10;    }&#13;&#10;&#13;&#10;    /**&#13;&#10;     * Returns a range that includes all the values in the specified&#13;&#10;     * &lt;code&gt;range&lt;/code&gt; AND the specified &lt;code&gt;value&lt;/code&gt;.&#13;&#10;     *&#13;&#10;     * @param range  the range (&lt;code&gt;null&lt;/code&gt; permitted).&#13;&#10;     * @param value  the value that must be included.&#13;&#10;     *&#13;&#10;     * @return A range.&#13;&#10;     *&#13;&#10;     * @since 1.0.1&#13;&#10;     */&#13;&#10;    public static Range expandToInclude(Range range, double value) {&#13;&#10;        if (range == null) {&#13;&#10;            return new Range(value, value);&#13;&#10;        }&#13;&#10;        if (value &lt; range.getLowerBound()) {&#13;&#10;            return new Range(value, range.getUpperBound());&#13;&#10;        }&#13;&#10;        else if (value &gt; range.getUpperBound()) {&#13;&#10;            return new Range(range.getLowerBound(), value);&#13;&#10;        }&#13;&#10;        else {&#13;&#10;            return range;&#13;&#10;        }&#13;&#10;    }&#13;&#10;&#13;&#10;    /**&#13;&#10;     * Creates a new range by adding margins to an existing range.&#13;&#10;     *&#13;&#10;     * @param range  the range (&lt;code&gt;null&lt;/code&gt; not permitted).&#13;&#10;     * @param lowerMargin  the lower margin (expressed as a percentage of the&#13;&#10;     *                     range length).&#13;&#10;     * @param upperMargin  the upper margin (expressed as a percentage of the&#13;&#10;     *                     range length).&#13;&#10;     *&#13;&#10;     * @return The expanded range.&#13;&#10;     */&#13;&#10;    public static Range expand(Range range,&#13;&#10;                               double lowerMargin, double upperMargin) {&#13;&#10;        ParamChecks.nullNotPermitted(range, &quot;range&quot;);&#13;&#10;        double length = range.getLength();&#13;&#10;        double lower = range.getLowerBound() - length * lowerMargin;&#13;&#10;        double upper = range.getUpperBound() + length * upperMargin;&#13;&#10;        if (lower &gt; upper) {&#13;&#10;            lower = lower / 2.0 + upper / 2.0;&#13;&#10;            upper = lower;&#13;&#10;        }&#13;&#10;        return new Range(lower, upper);&#13;&#10;    }&#13;&#10;&#13;&#10;    /**&#13;&#10;     * Shifts the range by the specified amount.&#13;&#10;     *&#13;&#10;     * @param base  the base range (&lt;code&gt;null&lt;/code&gt; not permitted).&#13;&#10;     * @param delta  the shift amount.&#13;&#10;     *&#13;&#10;     * @return A new range.&#13;&#10;     */&#13;&#10;    public static Range shift(Range base, double delta) {&#13;&#10;        return shift(base, delta, false);&#13;&#10;    }&#13;&#10;&#13;&#10;    /**&#13;&#10;     * Shifts the range by the specified amount.&#13;&#10;     *&#13;&#10;     * @param base  the base range (&lt;code&gt;null&lt;/code&gt; not permitted).&#13;&#10;     * @param delta  the shift amount.&#13;&#10;     * @param allowZeroCrossing  a flag that determines whether or not the&#13;&#10;     *                           bounds of the range are allowed to cross&#13;&#10;     *                           zero after adjustment.&#13;&#10;     *&#13;&#10;     * @return A new range.&#13;&#10;     */&#13;&#10;    public static Range shift(Range base, double delta,&#13;&#10;                              boolean allowZeroCrossing) {&#13;&#10;        ParamChecks.nullNotPermitted(base, &quot;base&quot;);&#13;&#10;        if (allowZeroCrossing) {&#13;&#10;            return new Range(base.getLowerBound() + delta,&#13;&#10;                    base.getUpperBound() + delta);&#13;&#10;        }&#13;&#10;        else {&#13;&#10;            return new Range(shiftWithNoZeroCrossing(base.getLowerBound(),&#13;&#10;                    delta), shiftWithNoZeroCrossing(base.getUpperBound(),&#13;&#10;                    delta));&#13;&#10;        }&#13;&#10;    }&#13;&#10;&#13;&#10;    /**&#13;&#10;     * Returns the given &lt;code&gt;value&lt;/code&gt; adjusted by &lt;code&gt;delta&lt;/code&gt; but&#13;&#10;     * with a check to prevent the result from crossing &lt;code&gt;0.0&lt;/code&gt;.&#13;&#10;     *&#13;&#10;     * @param value  the value.&#13;&#10;     * @param delta  the adjustment.&#13;&#10;     *&#13;&#10;     * @return The adjusted value.&#13;&#10;     */&#13;&#10;    private static double shiftWithNoZeroCrossing(double value, double delta) {&#13;&#10;        if (value &gt; 0.0) {&#13;&#10;            return Math.max(value + delta, 0.0);&#13;&#10;        }&#13;&#10;        else if (value &lt; 0.0) {&#13;&#10;            return Math.min(value + delta, 0.0);&#13;&#10;        }&#13;&#10;        else {&#13;&#10;            return value + delta;&#13;&#10;        }&#13;&#10;    }&#13;&#10;&#13;&#10;    /**&#13;&#10;     * Scales the range by the specified factor.&#13;&#10;     *&#13;&#10;     * @param base the base range (&lt;code&gt;null&lt;/code&gt; not permitted).&#13;&#10;     * @param factor the scaling factor (must be non-negative).&#13;&#10;     *&#13;&#10;     * @return A new range.&#13;&#10;     *&#13;&#10;     * @since 1.0.9&#13;&#10;     */&#13;&#10;    public static Range scale(Range base, double factor) {&#13;&#10;        ParamChecks.nullNotPermitted(base, &quot;base&quot;);&#13;&#10;        if (factor &lt; 0) {&#13;&#10;            throw new IllegalArgumentException(&quot;Negative 'factor' argument.&quot;);&#13;&#10;        }&#13;&#10;        return new Range(base.getLowerBound() * factor,&#13;&#10;                base.getUpperBound() * factor);&#13;&#10;    }&#13;&#10;&#13;&#10;    /**&#13;&#10;     * Tests this object for equality with an arbitrary object.&#13;&#10;     *&#13;&#10;     * @param obj  the object to test against (&lt;code&gt;null&lt;/code&gt; permitted).&#13;&#10;     *&#13;&#10;     * @return A boolean.&#13;&#10;     */&#13;&#10;    @Override&#13;&#10;    public boolean equals(Object obj) {&#13;&#10;        if (!(obj instanceof Range)) {&#13;&#10;            return false;&#13;&#10;        }&#13;&#10;        Range range = (Range) obj;&#13;&#10;        if (!(this.lower == range.lower)) {&#13;&#10;            return false;&#13;&#10;        }&#13;&#10;        if (!(this.upper == range.upper)) {&#13;&#10;            return false;&#13;&#10;        }&#13;&#10;        return true;&#13;&#10;    }&#13;&#10;&#13;&#10;    /**&#13;&#10;     * Returns &lt;code&gt;true&lt;/code&gt; if both the lower and upper bounds are &#13;&#10;     * &lt;code&gt;Double.NaN&lt;/code&gt;, and &lt;code&gt;false&lt;/code&gt; otherwise.&#13;&#10;     * &#13;&#10;     * @return A boolean.&#13;&#10;     * &#13;&#10;     * @since 1.0.18&#13;&#10;     */&#13;&#10;    public boolean isNaNRange() {&#13;&#10;        return Double.isNaN(this.lower) &amp;&amp; Double.isNaN(this.upper);&#13;&#10;    }&#13;&#10;    &#13;&#10;    /**&#13;&#10;     * Returns a hash code.&#13;&#10;     *&#13;&#10;     * @return A hash code.&#13;&#10;     */&#13;&#10;    @Override&#13;&#10;    public int hashCode() {&#13;&#10;        int result;&#13;&#10;        long temp;&#13;&#10;        temp = Double.doubleToLongBits(this.lower);&#13;&#10;        result = (int) (temp ^ (temp &gt;&gt;&gt; 32));&#13;&#10;        temp = Double.doubleToLongBits(this.upper);&#13;&#10;        result = 29 * result + (int) (temp ^ (temp &gt;&gt;&gt; 32));&#13;&#10;        return result;&#13;&#10;    }&#13;&#10;&#13;&#10;    /**&#13;&#10;     * Returns a string representation of this Range.&#13;&#10;     *&#13;&#10;     * @return A String &quot;Range[lower,upper]&quot; where lower=lower range and&#13;&#10;     *         upper=upper range.&#13;&#10;     */&#13;&#10;    @Override&#13;&#10;    public String toString() {&#13;&#10;        return (&quot;Range[&quot; + this.lower + &quot;,&quot; + this.upper + &quot;]&quot;);&#13;&#10;    }&#13;&#10;&#13;&#10;}&#13;&#10;" Filename="Range.java" Intrnl_Id="2"/>
<SrcFile Content="package Test;&#13;&#10;&#13;&#10;import org.jfree.data.Range;&#13;&#10;import org.junit.Assert;&#13;&#10;import org.junit.Test;&#13;&#10;&#13;&#10;public class TestRange {&#13;&#10;&#9;@Test&#13;&#10;&#9;public void testCombine_WithTwoSameRange()&#13;&#10;&#9;{&#13;&#10;&#9;&#9;Range aRange1 = new Range(0, 0);&#13;&#10;&#9;&#9;Range aRange2 = new Range(0, 0);&#13;&#10;&#9;&#9;Range result = Range.combine(aRange1, aRange2);&#13;&#10;&#9;&#9;Assert.assertEquals(0, result.getLength(), 0.000001);&#13;&#10;&#9;&#9;Assert.assertEquals(0, result.getLowerBound(), 0.000001);&#13;&#10;&#9;&#9;Assert.assertEquals(0, result.getUpperBound(), 0.000001);&#13;&#10;&#9;&#9;Assert.assertEquals(0, result.getCentralValue(), 0.000001);&#13;&#10;&#9;}&#13;&#10;&#9;&#13;&#10;&#9;@Test&#13;&#10;&#9;public void testCombine_WithTwoIntersectRange()&#13;&#10;&#9;{&#13;&#10;&#9;&#9;Range aRange1 = new Range(-1, 1);&#13;&#10;&#9;&#9;Range aRange2 = new Range(-0.5, 5);&#13;&#10;&#9;&#9;Range result = Range.combine(aRange1, aRange2);&#13;&#10;&#9;&#9;Assert.assertEquals(6, result.getLength(), 0.000001);&#13;&#10;&#9;&#9;Assert.assertEquals(-1, result.getLowerBound(), 0.000001);&#13;&#10;&#9;&#9;Assert.assertEquals(5, result.getUpperBound(), 0.000001);&#13;&#10;&#9;&#9;Assert.assertEquals(2, result.getCentralValue(), 0.000001);&#13;&#10;&#9;}&#13;&#10;&#9;&#13;&#10;&#9;@Test&#13;&#10;&#9;public void testCombine_WithTwoUnintersectRange()&#13;&#10;&#9;{&#13;&#10;&#9;&#9;Range aRange1 = new Range(-1, 0);&#13;&#10;&#9;&#9;Range aRange2 = new Range(0, 9);&#13;&#10;&#9;&#9;Range result = Range.combine(aRange1, aRange2);&#13;&#10;&#9;&#9;Assert.assertEquals(10, result.getLength(), 0.000001);&#13;&#10;&#9;&#9;Assert.assertEquals(-1, result.getLowerBound(), 0.000001);&#13;&#10;&#9;&#9;Assert.assertEquals(9, result.getUpperBound(), 0.000001);&#13;&#10;&#9;&#9;Assert.assertEquals(4, result.getCentralValue(), 0.000001);&#13;&#10;&#9;}&#13;&#10;&#9;&#13;&#10;&#9;@Test&#13;&#10;&#9;public void testConstrain()&#13;&#10;&#9;{&#13;&#10;&#9;&#9;Range aRange = new Range(-1, 1);&#13;&#10;&#9;&#9;Assert.assertEquals(1, aRange.constrain(1), 0.000001);&#13;&#10;&#9;&#9;Assert.assertEquals(-1, aRange.constrain(-1), 0.000001);&#13;&#10;&#9;&#9;Assert.assertEquals(0, aRange.constrain(0), 0.000001);&#13;&#10;&#9;&#9;Assert.assertEquals(0.1, aRange.constrain(0.1), 0.000001);&#13;&#10;&#9;&#9;Assert.assertEquals(-0.1, aRange.constrain(-0.1), 0.000001);&#13;&#10;&#9;&#9;Assert.assertEquals(1, aRange.constrain(99), 0.000001);&#13;&#10;&#9;&#9;Assert.assertEquals(-1, aRange.constrain(-99), 0.000001);&#13;&#10;&#9;}&#13;&#10;&#9;&#13;&#10;&#9;@Test&#13;&#10;&#9;public void testContains()&#13;&#10;&#9;{&#13;&#10;&#9;&#9;Range aRange = new Range(-1, 1);&#13;&#10;&#9;&#9;Assert.assertFalse(aRange.contains(-1.1));&#13;&#10;&#9;&#9;Assert.assertTrue(aRange.contains(-1));&#13;&#10;&#9;&#9;Assert.assertTrue(aRange.contains(0));&#13;&#10;&#9;&#9;Assert.assertTrue(aRange.contains(1));&#13;&#10;&#9;&#9;Assert.assertFalse(aRange.contains(1.1));&#13;&#10;&#9;}&#13;&#10;&#9;&#13;&#10;&#9;@Test&#13;&#10;&#9;public void testGetCentralValue_WithNegativeRange()&#13;&#10;&#9;{&#13;&#10;&#9;&#9;Range aRange = new Range(-10, -5);&#13;&#10;&#9;&#9;Assert.assertEquals(-7.5, aRange.getCentralValue(), 0.000001);&#13;&#10;&#9;}&#13;&#10;&#9;&#13;&#10;&#9;@Test&#13;&#10;&#9;public void testGetCentralValue_WithNegativeAndPositiveRange()&#13;&#10;&#9;{&#13;&#10;&#9;&#9;Range aRange = new Range(-8, 6);&#13;&#10;&#9;&#9;Assert.assertEquals(-1, aRange.getCentralValue(), 0.000001);&#13;&#10;&#9;}&#13;&#10;&#9;&#13;&#10;&#9;@Test&#13;&#10;&#9;public void testGetCentralValue_WithPositiveRange()&#13;&#10;&#9;{&#13;&#10;&#9;&#9;Range aRange = new Range(1, 6);&#13;&#10;&#9;&#9;Assert.assertEquals(3.5, aRange.getCentralValue(), 0.000001);&#13;&#10;&#9;}&#13;&#10;&#9;&#13;&#10;&#9;@Test&#13;&#10;&#9;public void testGetLength_WithNegativeRange()&#13;&#10;&#9;{&#13;&#10;&#9;&#9;Range aRange = new Range(-10, -5);&#13;&#10;&#9;&#9;Assert.assertEquals(5, aRange.getLength(), 0.000001);&#13;&#10;&#9;}&#13;&#10;&#9;&#13;&#10;&#9;@Test&#13;&#10;&#9;public void testGetLength_WithNegativeAndPositiveRange()&#13;&#10;&#9;{&#13;&#10;&#9;&#9;Range aRange = new Range(-8, 6);&#13;&#10;&#9;&#9;Assert.assertEquals(14, aRange.getLength(), 0.000001);&#13;&#10;&#9;}&#13;&#10;&#9;&#13;&#10;&#9;@Test&#13;&#10;&#9;public void testGetLength_WithPositiveRange()&#13;&#10;&#9;{&#13;&#10;&#9;&#9;Range aRange = new Range(1, 6);&#13;&#10;&#9;&#9;Assert.assertEquals(5, aRange.getLength(), 0.000001);&#13;&#10;&#9;}&#13;&#10;}&#13;&#10;" Filename="TestRange.java" Intrnl_Id="3"/>
<SrcFile Content="package Test;&#13;&#10;&#13;&#10;import java.io.IOException;&#13;&#10;import java.io.StringReader;&#13;&#10;&#13;&#10;import org.junit.Assert;&#13;&#10;import org.junit.Test;&#13;&#10;import org.jfree.data.category.CategoryDataset;&#13;&#10;import org.jfree.data.io.CSV;;&#13;&#10;&#13;&#10;public class TestCSV {&#13;&#10;&#13;&#10;&#9;@Test&#13;&#10;&#9;public void testReadCategoryDataset() throws IOException&#13;&#10;&#9;{&#13;&#10;&#9;&#9;CSV csv = new CSV();&#13;&#10;&#9;&#9;StringReader stringReader = new StringReader(&quot; , A,B\nC,1,2\nD,3,4&quot;);&#13;&#10;&#9;&#9;CategoryDataset categoryDataset = csv.readCategoryDataset(stringReader);&#13;&#10;&#9;&#9;Assert.assertEquals(2, categoryDataset.getColumnKeys().size());&#13;&#10;&#9;&#9;Assert.assertEquals(2, categoryDataset.getRowKeys().size());&#13;&#10;&#9;&#9;Assert.assertEquals(1.0, categoryDataset.getValue(0, 0));&#13;&#10;&#9;&#9;Assert.assertEquals(2.0, categoryDataset.getValue(0, 1));&#13;&#10;&#9;&#9;Assert.assertEquals(3.0, categoryDataset.getValue(1, 0));&#13;&#10;&#9;&#9;Assert.assertEquals(4.0, categoryDataset.getValue(1, 1));&#13;&#10;&#9;}&#13;&#10;}&#13;&#10;" Filename="TestCSV.java" Intrnl_Id="4"/>
</SrcFileList>
<CritList>
<CritListEntry Name="org.codecover.model.utils.criteria.BranchCoverage" PluginName="org.codecover"/>
<CritListEntry Name="org.codecover.model.utils.criteria.StatementCoverage" PluginName="org.codecover"/>
</CritList>
<BoolOpList/>
<HierarchyLvlTypeList>
<HierarchyLvlType EnglishName="package" IntrnlName="package" Intrnl_Id="5"/>
<HierarchyLvlType EnglishName="class" IntrnlName="class" Intrnl_Id="6"/>
<HierarchyLvlType EnglishName="method" IntrnlName="method" Intrnl_Id="7"/>
<HierarchyLvlType EnglishName="default package" IntrnlName="default package" Intrnl_Id="8"/>
</HierarchyLvlTypeList>
<MASTRoot>
<HierarchyLvl HierarchyLvlId="478" HierarchyLvlTypeId="8" Intrnl_Id="9" Name="default package">
<Header/>
<LocList/>
<HierarchyLvl HierarchyLvlId="476" HierarchyLvlTypeId="5" Intrnl_Id="10" Name="org">
<Header/>
<LocList/>
<HierarchyLvl HierarchyLvlId="475" HierarchyLvlTypeId="5" Intrnl_Id="11" Name="jfree">
<Header/>
<LocList/>
<HierarchyLvl HierarchyLvlId="474" HierarchyLvlTypeId="5" Intrnl_Id="12" Name="data">
<Header/>
<LocList/>
<HierarchyLvl HierarchyLvlId="473" HierarchyLvlTypeId="5" Intrnl_Id="13" Name="io">
<Header/>
<LocList/>
<HierarchyLvl HierarchyLvlId="434" HierarchyLvlTypeId="6" Intrnl_Id="14" Name="CSV">
<Header>
<Loc EndOffset="1969" SrcFileId="1" StartOffset="1953"/>
</Header>
<LocList>
<Loc EndOffset="6910" SrcFileId="1" StartOffset="1953"/>
</LocList>
<HierarchyLvl HierarchyLvlId="428" HierarchyLvlTypeId="7" Intrnl_Id="15" Name="CSV">
<Header>
<Loc EndOffset="2266" SrcFileId="1" StartOffset="2254"/>
</Header>
<LocList>
<Loc EndOffset="2300" SrcFileId="1" StartOffset="2254"/>
</LocList>
<StmntSeq Intrnl_Id="16">
<LocList>
<Loc EndOffset="2293" SrcFileId="1" StartOffset="2278"/>
</LocList>
<BasicStmnt CovItemId="S1" CovItemPrefix="org.jfree.data.io.CSV.java" Intrnl_Id="17">
<LocList>
<Loc EndOffset="2293" SrcFileId="1" StartOffset="2278"/>
</LocList>
</BasicStmnt>
</StmntSeq>
</HierarchyLvl>
<HierarchyLvl HierarchyLvlId="429" HierarchyLvlTypeId="7" Intrnl_Id="18" Name="CSV">
<Header>
<Loc EndOffset="2709" SrcFileId="1" StartOffset="2658"/>
</Header>
<LocList>
<Loc EndOffset="2810" SrcFileId="1" StartOffset="2658"/>
</LocList>
<StmntSeq Intrnl_Id="19">
<LocList>
<Loc EndOffset="2758" SrcFileId="1" StartOffset="2721"/>
<Loc EndOffset="2803" SrcFileId="1" StartOffset="2768"/>
</LocList>
<BasicStmnt CovItemId="S2" CovItemPrefix="org.jfree.data.io.CSV.java" Intrnl_Id="20">
<LocList>
<Loc EndOffset="2758" SrcFileId="1" StartOffset="2721"/>
</LocList>
</BasicStmnt>
<BasicStmnt CovItemId="S3" CovItemPrefix="org.jfree.data.io.CSV.java" Intrnl_Id="21">
<LocList>
<Loc EndOffset="2803" SrcFileId="1" StartOffset="2768"/>
</LocList>
</BasicStmnt>
</StmntSeq>
</HierarchyLvl>
<HierarchyLvl HierarchyLvlId="430" HierarchyLvlTypeId="7" Intrnl_Id="22" Name="readCategoryDataset">
<Header>
<Loc EndOffset="3134" SrcFileId="1" StartOffset="3062"/>
</Header>
<LocList>
<Loc EndOffset="3808" SrcFileId="1" StartOffset="3062"/>
</LocList>
<StmntSeq Intrnl_Id="23">
<LocList>
<Loc EndOffset="3210" SrcFileId="1" StartOffset="3148"/>
<Loc EndOffset="3267" SrcFileId="1" StartOffset="3220"/>
<Loc EndOffset="3300" SrcFileId="1" StartOffset="3277"/>
<Loc EndOffset="3328" SrcFileId="1" StartOffset="3310"/>
<Loc EndOffset="3370" SrcFileId="1" StartOffset="3338"/>
<Loc EndOffset="3774" SrcFileId="1" StartOffset="3380"/>
<Loc EndOffset="3799" SrcFileId="1" StartOffset="3784"/>
</LocList>
<BasicStmnt CovItemId="S4" CovItemPrefix="org.jfree.data.io.CSV.java" Intrnl_Id="24">
<LocList>
<Loc EndOffset="3210" SrcFileId="1" StartOffset="3148"/>
</LocList>
</BasicStmnt>
<BasicStmnt CovItemId="S5" CovItemPrefix="org.jfree.data.io.CSV.java" Intrnl_Id="25">
<LocList>
<Loc EndOffset="3267" SrcFileId="1" StartOffset="3220"/>
</LocList>
</BasicStmnt>
<BasicStmnt CovItemId="S6" CovItemPrefix="org.jfree.data.io.CSV.java" Intrnl_Id="26">
<LocList>
<Loc EndOffset="3300" SrcFileId="1" StartOffset="3277"/>
</LocList>
</BasicStmnt>
<BasicStmnt CovItemId="S7" CovItemPrefix="org.jfree.data.io.CSV.java" Intrnl_Id="27">
<LocList>
<Loc EndOffset="3328" SrcFileId="1" StartOffset="3310"/>
</LocList>
</BasicStmnt>
<BasicStmnt CovItemId="S8" CovItemPrefix="org.jfree.data.io.CSV.java" Intrnl_Id="28">
<LocList>
<Loc EndOffset="3370" SrcFileId="1" StartOffset="3338"/>
</LocList>
</BasicStmnt>
<LoopStmnt CovItemId="S9" CovItemPrefix="org.jfree.data.io.CSV.java" Intrnl_Id="29" MltplExecId="L1-2" MltplExecPrefix="org.jfree.data.io.CSV.java" NvrExecId="L1-0" NvrExecPrefix="org.jfree.data.io.CSV.java" OnceExecutedId="L1-1" OnceExecutedPrefix="org.jfree.data.io.CSV.java" OptBodyExec="true">
<StmntSeq Intrnl_Id="30">
<LocList>
<Loc EndOffset="3698" SrcFileId="1" StartOffset="3416"/>
<Loc EndOffset="3737" SrcFileId="1" StartOffset="3712"/>
<Loc EndOffset="3763" SrcFileId="1" StartOffset="3751"/>
</LocList>
<CondStmnt CovItemId="S10" CovItemPrefix="org.jfree.data.io.CSV.java" Intrnl_Id="31">
<Branch CovItemId="B1" CovItemPrefix="org.jfree.data.io.CSV.java" Implct="false" Intrnl_Id="32">
<Cond/>
<LocList>
<Loc EndOffset="3543" SrcFileId="1" StartOffset="3436"/>
</LocList>
<StmntSeq Intrnl_Id="33">
<LocList>
<Loc EndOffset="3528" SrcFileId="1" StartOffset="3491"/>
</LocList>
<BasicStmnt CovItemId="S11" CovItemPrefix="org.jfree.data.io.CSV.java" Intrnl_Id="34">
<LocList>
<Loc EndOffset="3528" SrcFileId="1" StartOffset="3491"/>
</LocList>
</BasicStmnt>
</StmntSeq>
</Branch>
<Branch CovItemId="B2" CovItemPrefix="org.jfree.data.io.CSV.java" Implct="false" Intrnl_Id="35">
<Cond>
<Loc EndOffset="3561" SrcFileId="1" StartOffset="3557"/>
</Cond>
<LocList>
<Loc EndOffset="3698" SrcFileId="1" StartOffset="3562"/>
</LocList>
<StmntSeq Intrnl_Id="36">
<LocList>
<Loc EndOffset="3683" SrcFileId="1" StartOffset="3635"/>
</LocList>
<BasicStmnt CovItemId="S12" CovItemPrefix="org.jfree.data.io.CSV.java" Intrnl_Id="37">
<LocList>
<Loc EndOffset="3683" SrcFileId="1" StartOffset="3635"/>
</LocList>
</BasicStmnt>
</StmntSeq>
</Branch>
<Keyword EndOffset="3418" SrcFileId="1" StartOffset="3416"/>
<LocList>
<Loc EndOffset="3698" SrcFileId="1" StartOffset="3416"/>
</LocList>
</CondStmnt>
<BasicStmnt CovItemId="S13" CovItemPrefix="org.jfree.data.io.CSV.java" Intrnl_Id="38">
<LocList>
<Loc EndOffset="3737" SrcFileId="1" StartOffset="3712"/>
</LocList>
</BasicStmnt>
<BasicStmnt CovItemId="S14" CovItemPrefix="org.jfree.data.io.CSV.java" Intrnl_Id="39">
<LocList>
<Loc EndOffset="3763" SrcFileId="1" StartOffset="3751"/>
</LocList>
</BasicStmnt>
</StmntSeq>
<Keyword EndOffset="3385" SrcFileId="1" StartOffset="3380"/>
<LocList>
<Loc EndOffset="3774" SrcFileId="1" StartOffset="3380"/>
</LocList>
</LoopStmnt>
<BasicStmnt CovItemId="S15" CovItemPrefix="org.jfree.data.io.CSV.java" Intrnl_Id="40">
<LocList>
<Loc EndOffset="3799" SrcFileId="1" StartOffset="3784"/>
</LocList>
</BasicStmnt>
</StmntSeq>
</HierarchyLvl>
<HierarchyLvl HierarchyLvlId="431" HierarchyLvlTypeId="7" Intrnl_Id="41" Name="extractColumnKeys">
<Header>
<Loc EndOffset="4029" SrcFileId="1" StartOffset="3986"/>
</Header>
<LocList>
<Loc EndOffset="4747" SrcFileId="1" StartOffset="3986"/>
</LocList>
<StmntSeq Intrnl_Id="42">
<LocList>
<Loc EndOffset="4079" SrcFileId="1" StartOffset="4041"/>
<Loc EndOffset="4108" SrcFileId="1" StartOffset="4089"/>
<Loc EndOffset="4132" SrcFileId="1" StartOffset="4118"/>
<Loc EndOffset="4610" SrcFileId="1" StartOffset="4142"/>
<Loc EndOffset="4670" SrcFileId="1" StartOffset="4620"/>
<Loc EndOffset="4718" SrcFileId="1" StartOffset="4680"/>
<Loc EndOffset="4740" SrcFileId="1" StartOffset="4728"/>
</LocList>
<BasicStmnt CovItemId="S16" CovItemPrefix="org.jfree.data.io.CSV.java" Intrnl_Id="43">
<LocList>
<Loc EndOffset="4079" SrcFileId="1" StartOffset="4041"/>
</LocList>
</BasicStmnt>
<BasicStmnt CovItemId="S17" CovItemPrefix="org.jfree.data.io.CSV.java" Intrnl_Id="44">
<LocList>
<Loc EndOffset="4108" SrcFileId="1" StartOffset="4089"/>
</LocList>
</BasicStmnt>
<BasicStmnt CovItemId="S18" CovItemPrefix="org.jfree.data.io.CSV.java" Intrnl_Id="45">
<LocList>
<Loc EndOffset="4132" SrcFileId="1" StartOffset="4118"/>
</LocList>
</BasicStmnt>
<LoopStmnt CovItemId="S19" CovItemPrefix="org.jfree.data.io.CSV.java" Intrnl_Id="46" MltplExecId="L2-2" MltplExecPrefix="org.jfree.data.io.CSV.java" NvrExecId="L2-0" NvrExecPrefix="org.jfree.data.io.CSV.java" OnceExecutedId="L2-1" OnceExecutedPrefix="org.jfree.data.io.CSV.java" OptBodyExec="true">
<StmntSeq Intrnl_Id="47">
<LocList>
<Loc EndOffset="4599" SrcFileId="1" StartOffset="4197"/>
</LocList>
<CondStmnt CovItemId="S20" CovItemPrefix="org.jfree.data.io.CSV.java" Intrnl_Id="48">
<Branch CovItemId="B3" CovItemPrefix="org.jfree.data.io.CSV.java" Implct="false" Intrnl_Id="49">
<Cond/>
<LocList>
<Loc EndOffset="4599" SrcFileId="1" StartOffset="4240"/>
</LocList>
<StmntSeq Intrnl_Id="50">
<LocList>
<Loc EndOffset="4521" SrcFileId="1" StartOffset="4259"/>
<Loc EndOffset="4553" SrcFileId="1" StartOffset="4539"/>
<Loc EndOffset="4584" SrcFileId="1" StartOffset="4571"/>
</LocList>
<CondStmnt CovItemId="S21" CovItemPrefix="org.jfree.data.io.CSV.java" Intrnl_Id="51">
<Branch CovItemId="B5" CovItemPrefix="org.jfree.data.io.CSV.java" Implct="false" Intrnl_Id="52">
<Cond/>
<LocList>
<Loc EndOffset="4521" SrcFileId="1" StartOffset="4279"/>
</LocList>
<StmntSeq Intrnl_Id="53">
<LocList>
<Loc EndOffset="4442" SrcFileId="1" StartOffset="4404"/>
<Loc EndOffset="4502" SrcFileId="1" StartOffset="4464"/>
</LocList>
<BasicStmnt CovItemId="S22" CovItemPrefix="org.jfree.data.io.CSV.java" Intrnl_Id="54">
<LocList>
<Loc EndOffset="4442" SrcFileId="1" StartOffset="4404"/>
</LocList>
</BasicStmnt>
<BasicStmnt CovItemId="S23" CovItemPrefix="org.jfree.data.io.CSV.java" Intrnl_Id="55">
<LocList>
<Loc EndOffset="4502" SrcFileId="1" StartOffset="4464"/>
</LocList>
</BasicStmnt>
</StmntSeq>
</Branch>
<Branch CovItemId="B6" CovItemPrefix="org.jfree.data.io.CSV.java" Implct="true" Intrnl_Id="56">
<Cond/>
<LocList/>
<StmntSeq Intrnl_Id="57">
<LocList/>
</StmntSeq>
</Branch>
<Keyword EndOffset="4261" SrcFileId="1" StartOffset="4259"/>
<LocList>
<Loc EndOffset="4521" SrcFileId="1" StartOffset="4259"/>
</LocList>
</CondStmnt>
<BasicStmnt CovItemId="S24" CovItemPrefix="org.jfree.data.io.CSV.java" Intrnl_Id="58">
<LocList>
<Loc EndOffset="4553" SrcFileId="1" StartOffset="4539"/>
</LocList>
</BasicStmnt>
<BasicStmnt CovItemId="S25" CovItemPrefix="org.jfree.data.io.CSV.java" Intrnl_Id="59">
<LocList>
<Loc EndOffset="4584" SrcFileId="1" StartOffset="4571"/>
</LocList>
</BasicStmnt>
</StmntSeq>
</Branch>
<Branch CovItemId="B4" CovItemPrefix="org.jfree.data.io.CSV.java" Implct="true" Intrnl_Id="60">
<Cond/>
<LocList/>
<StmntSeq Intrnl_Id="61">
<LocList/>
</StmntSeq>
</Branch>
<Keyword EndOffset="4199" SrcFileId="1" StartOffset="4197"/>
<LocList>
<Loc EndOffset="4599" SrcFileId="1" StartOffset="4197"/>
</LocList>
</CondStmnt>
</StmntSeq>
<Keyword EndOffset="4145" SrcFileId="1" StartOffset="4142"/>
<LocList>
<Loc EndOffset="4610" SrcFileId="1" StartOffset="4142"/>
</LocList>
</LoopStmnt>
<BasicStmnt CovItemId="S26" CovItemPrefix="org.jfree.data.io.CSV.java" Intrnl_Id="62">
<LocList>
<Loc EndOffset="4670" SrcFileId="1" StartOffset="4620"/>
</LocList>
</BasicStmnt>
<BasicStmnt CovItemId="S27" CovItemPrefix="org.jfree.data.io.CSV.java" Intrnl_Id="63">
<LocList>
<Loc EndOffset="4718" SrcFileId="1" StartOffset="4680"/>
</LocList>
</BasicStmnt>
<BasicStmnt CovItemId="S28" CovItemPrefix="org.jfree.data.io.CSV.java" Intrnl_Id="64">
<LocList>
<Loc EndOffset="4740" SrcFileId="1" StartOffset="4728"/>
</LocList>
</BasicStmnt>
</StmntSeq>
</HierarchyLvl>
<HierarchyLvl HierarchyLvlId="432" HierarchyLvlTypeId="7" Intrnl_Id="65" Name="extractRowKeyAndData">
<Header>
<Loc EndOffset="5183" SrcFileId="1" StartOffset="5010"/>
</Header>
<LocList>
<Loc EndOffset="6331" SrcFileId="1" StartOffset="5010"/>
</LocList>
<StmntSeq Intrnl_Id="66">
<LocList>
<Loc EndOffset="5220" SrcFileId="1" StartOffset="5195"/>
<Loc EndOffset="5249" SrcFileId="1" StartOffset="5230"/>
<Loc EndOffset="5273" SrcFileId="1" StartOffset="5259"/>
<Loc EndOffset="6087" SrcFileId="1" StartOffset="5283"/>
<Loc EndOffset="6213" SrcFileId="1" StartOffset="6097"/>
<Loc EndOffset="6324" SrcFileId="1" StartOffset="6223"/>
</LocList>
<BasicStmnt CovItemId="S29" CovItemPrefix="org.jfree.data.io.CSV.java" Intrnl_Id="67">
<LocList>
<Loc EndOffset="5220" SrcFileId="1" StartOffset="5195"/>
</LocList>
</BasicStmnt>
<BasicStmnt CovItemId="S30" CovItemPrefix="org.jfree.data.io.CSV.java" Intrnl_Id="68">
<LocList>
<Loc EndOffset="5249" SrcFileId="1" StartOffset="5230"/>
</LocList>
</BasicStmnt>
<BasicStmnt CovItemId="S31" CovItemPrefix="org.jfree.data.io.CSV.java" Intrnl_Id="69">
<LocList>
<Loc EndOffset="5273" SrcFileId="1" StartOffset="5259"/>
</LocList>
</BasicStmnt>
<LoopStmnt CovItemId="S32" CovItemPrefix="org.jfree.data.io.CSV.java" Intrnl_Id="70" MltplExecId="L3-2" MltplExecPrefix="org.jfree.data.io.CSV.java" NvrExecId="L3-0" NvrExecPrefix="org.jfree.data.io.CSV.java" OnceExecutedId="L3-1" OnceExecutedPrefix="org.jfree.data.io.CSV.java" OptBodyExec="true">
<StmntSeq Intrnl_Id="71">
<LocList>
<Loc EndOffset="6076" SrcFileId="1" StartOffset="5338"/>
</LocList>
<CondStmnt CovItemId="S33" CovItemPrefix="org.jfree.data.io.CSV.java" Intrnl_Id="72">
<Branch CovItemId="B7" CovItemPrefix="org.jfree.data.io.CSV.java" Implct="false" Intrnl_Id="73">
<Cond/>
<LocList>
<Loc EndOffset="6076" SrcFileId="1" StartOffset="5381"/>
</LocList>
<StmntSeq Intrnl_Id="74">
<LocList>
<Loc EndOffset="5998" SrcFileId="1" StartOffset="5400"/>
<Loc EndOffset="6030" SrcFileId="1" StartOffset="6016"/>
<Loc EndOffset="6061" SrcFileId="1" StartOffset="6048"/>
</LocList>
<CondStmnt CovItemId="S34" CovItemPrefix="org.jfree.data.io.CSV.java" Intrnl_Id="75">
<Branch CovItemId="B9" CovItemPrefix="org.jfree.data.io.CSV.java" Implct="false" Intrnl_Id="76">
<Cond/>
<LocList>
<Loc EndOffset="5597" SrcFileId="1" StartOffset="5421"/>
</LocList>
<StmntSeq Intrnl_Id="77">
<LocList>
<Loc EndOffset="5519" SrcFileId="1" StartOffset="5481"/>
<Loc EndOffset="5578" SrcFileId="1" StartOffset="5541"/>
</LocList>
<BasicStmnt CovItemId="S35" CovItemPrefix="org.jfree.data.io.CSV.java" Intrnl_Id="78">
<LocList>
<Loc EndOffset="5519" SrcFileId="1" StartOffset="5481"/>
</LocList>
</BasicStmnt>
<BasicStmnt CovItemId="S36" CovItemPrefix="org.jfree.data.io.CSV.java" Intrnl_Id="79">
<LocList>
<Loc EndOffset="5578" SrcFileId="1" StartOffset="5541"/>
</LocList>
</BasicStmnt>
</StmntSeq>
</Branch>
<Branch CovItemId="B10" CovItemPrefix="org.jfree.data.io.CSV.java" Implct="false" Intrnl_Id="80">
<Cond>
<Loc EndOffset="5619" SrcFileId="1" StartOffset="5615"/>
</Cond>
<LocList>
<Loc EndOffset="5998" SrcFileId="1" StartOffset="5620"/>
</LocList>
<StmntSeq Intrnl_Id="81">
<LocList>
<Loc EndOffset="5807" SrcFileId="1" StartOffset="5679"/>
<Loc EndOffset="5979" SrcFileId="1" StartOffset="5829"/>
</LocList>
<BasicStmnt CovItemId="S37" CovItemPrefix="org.jfree.data.io.CSV.java" Intrnl_Id="82">
<LocList>
<Loc EndOffset="5807" SrcFileId="1" StartOffset="5679"/>
</LocList>
</BasicStmnt>
<BasicStmnt CovItemId="S38" CovItemPrefix="org.jfree.data.io.CSV.java" Intrnl_Id="83">
<LocList>
<Loc EndOffset="5979" SrcFileId="1" StartOffset="5829"/>
</LocList>
</BasicStmnt>
</StmntSeq>
</Branch>
<Keyword EndOffset="5402" SrcFileId="1" StartOffset="5400"/>
<LocList>
<Loc EndOffset="5998" SrcFileId="1" StartOffset="5400"/>
</LocList>
</CondStmnt>
<BasicStmnt CovItemId="S39" CovItemPrefix="org.jfree.data.io.CSV.java" Intrnl_Id="84">
<LocList>
<Loc EndOffset="6030" SrcFileId="1" StartOffset="6016"/>
</LocList>
</BasicStmnt>
<BasicStmnt CovItemId="S40" CovItemPrefix="org.jfree.data.io.CSV.java" Intrnl_Id="85">
<LocList>
<Loc EndOffset="6061" SrcFileId="1" StartOffset="6048"/>
</LocList>
</BasicStmnt>
</StmntSeq>
</Branch>
<Branch CovItemId="B8" CovItemPrefix="org.jfree.data.io.CSV.java" Implct="true" Intrnl_Id="86">
<Cond/>
<LocList/>
<StmntSeq Intrnl_Id="87">
<LocList/>
</StmntSeq>
</Branch>
<Keyword EndOffset="5340" SrcFileId="1" StartOffset="5338"/>
<LocList>
<Loc EndOffset="6076" SrcFileId="1" StartOffset="5338"/>
</LocList>
</CondStmnt>
</StmntSeq>
<Keyword EndOffset="5286" SrcFileId="1" StartOffset="5283"/>
<LocList>
<Loc EndOffset="6087" SrcFileId="1" StartOffset="5283"/>
</LocList>
</LoopStmnt>
<BasicStmnt CovItemId="S41" CovItemPrefix="org.jfree.data.io.CSV.java" Intrnl_Id="88">
<LocList>
<Loc EndOffset="6213" SrcFileId="1" StartOffset="6097"/>
</LocList>
</BasicStmnt>
<BasicStmnt CovItemId="S42" CovItemPrefix="org.jfree.data.io.CSV.java" Intrnl_Id="89">
<LocList>
<Loc EndOffset="6324" SrcFileId="1" StartOffset="6223"/>
</LocList>
</BasicStmnt>
</StmntSeq>
</HierarchyLvl>
<HierarchyLvl HierarchyLvlId="433" HierarchyLvlTypeId="7" Intrnl_Id="90" Name="removeStringDelimiters">
<Header>
<Loc EndOffset="6628" SrcFileId="1" StartOffset="6579"/>
</Header>
<LocList>
<Loc EndOffset="6905" SrcFileId="1" StartOffset="6579"/>
</LocList>
<StmntSeq Intrnl_Id="91">
<LocList>
<Loc EndOffset="6662" SrcFileId="1" StartOffset="6640"/>
<Loc EndOffset="6756" SrcFileId="1" StartOffset="6672"/>
<Loc EndOffset="6879" SrcFileId="1" StartOffset="6766"/>
<Loc EndOffset="6898" SrcFileId="1" StartOffset="6889"/>
</LocList>
<BasicStmnt CovItemId="S43" CovItemPrefix="org.jfree.data.io.CSV.java" Intrnl_Id="92">
<LocList>
<Loc EndOffset="6662" SrcFileId="1" StartOffset="6640"/>
</LocList>
</BasicStmnt>
<CondStmnt CovItemId="S44" CovItemPrefix="org.jfree.data.io.CSV.java" Intrnl_Id="93">
<Branch CovItemId="B11" CovItemPrefix="org.jfree.data.io.CSV.java" Implct="false" Intrnl_Id="94">
<Cond/>
<LocList>
<Loc EndOffset="6756" SrcFileId="1" StartOffset="6711"/>
</LocList>
<StmntSeq Intrnl_Id="95">
<LocList>
<Loc EndOffset="6745" SrcFileId="1" StartOffset="6726"/>
</LocList>
<BasicStmnt CovItemId="S45" CovItemPrefix="org.jfree.data.io.CSV.java" Intrnl_Id="96">
<LocList>
<Loc EndOffset="6745" SrcFileId="1" StartOffset="6726"/>
</LocList>
</BasicStmnt>
</StmntSeq>
</Branch>
<Branch CovItemId="B12" CovItemPrefix="org.jfree.data.io.CSV.java" Implct="true" Intrnl_Id="97">
<Cond/>
<LocList/>
<StmntSeq Intrnl_Id="98">
<LocList/>
</StmntSeq>
</Branch>
<Keyword EndOffset="6674" SrcFileId="1" StartOffset="6672"/>
<LocList>
<Loc EndOffset="6756" SrcFileId="1" StartOffset="6672"/>
</LocList>
</CondStmnt>
<CondStmnt CovItemId="S46" CovItemPrefix="org.jfree.data.io.CSV.java" Intrnl_Id="99">
<Branch CovItemId="B13" CovItemPrefix="org.jfree.data.io.CSV.java" Implct="false" Intrnl_Id="100">
<Cond/>
<LocList>
<Loc EndOffset="6879" SrcFileId="1" StartOffset="6818"/>
</LocList>
<StmntSeq Intrnl_Id="101">
<LocList>
<Loc EndOffset="6868" SrcFileId="1" StartOffset="6833"/>
</LocList>
<BasicStmnt CovItemId="S47" CovItemPrefix="org.jfree.data.io.CSV.java" Intrnl_Id="102">
<LocList>
<Loc EndOffset="6868" SrcFileId="1" StartOffset="6833"/>
</LocList>
</BasicStmnt>
</StmntSeq>
</Branch>
<Branch CovItemId="B14" CovItemPrefix="org.jfree.data.io.CSV.java" Implct="true" Intrnl_Id="103">
<Cond/>
<LocList/>
<StmntSeq Intrnl_Id="104">
<LocList/>
</StmntSeq>
</Branch>
<Keyword EndOffset="6768" SrcFileId="1" StartOffset="6766"/>
<LocList>
<Loc EndOffset="6879" SrcFileId="1" StartOffset="6766"/>
</LocList>
</CondStmnt>
<BasicStmnt CovItemId="S48" CovItemPrefix="org.jfree.data.io.CSV.java" Intrnl_Id="105">
<LocList>
<Loc EndOffset="6898" SrcFileId="1" StartOffset="6889"/>
</LocList>
</BasicStmnt>
</StmntSeq>
</HierarchyLvl>
</HierarchyLvl>
</HierarchyLvl>
<HierarchyLvl HierarchyLvlId="458" HierarchyLvlTypeId="6" Intrnl_Id="106" Name="Range">
<Header>
<Loc EndOffset="3126" SrcFileId="2" StartOffset="3075"/>
</Header>
<LocList>
<Loc EndOffset="15343" SrcFileId="2" StartOffset="3075"/>
</LocList>
<StmntSeq Intrnl_Id="107">
<LocList>
<Loc EndOffset="3233" SrcFileId="2" StartOffset="3167"/>
</LocList>
<BasicStmnt CovItemId="S1" CovItemPrefix="org.jfree.data.Range.java" Intrnl_Id="108">
<LocList>
<Loc EndOffset="3233" SrcFileId="2" StartOffset="3167"/>
</LocList>
</BasicStmnt>
</StmntSeq>
<HierarchyLvl HierarchyLvlId="435" HierarchyLvlTypeId="7" Intrnl_Id="109" Name="Range">
<Header>
<Loc EndOffset="3612" SrcFileId="2" StartOffset="3572"/>
</Header>
<LocList>
<Loc EndOffset="3899" SrcFileId="2" StartOffset="3572"/>
</LocList>
<StmntSeq Intrnl_Id="110">
<LocList>
<Loc EndOffset="3834" SrcFileId="2" StartOffset="3624"/>
<Loc EndOffset="3863" SrcFileId="2" StartOffset="3844"/>
<Loc EndOffset="3892" SrcFileId="2" StartOffset="3873"/>
</LocList>
<CondStmnt CovItemId="S2" CovItemPrefix="org.jfree.data.Range.java" Intrnl_Id="111">
<Branch CovItemId="B1" CovItemPrefix="org.jfree.data.Range.java" Implct="false" Intrnl_Id="112">
<Cond/>
<LocList>
<Loc EndOffset="3834" SrcFileId="2" StartOffset="3643"/>
</LocList>
<StmntSeq Intrnl_Id="113">
<LocList>
<Loc EndOffset="3769" SrcFileId="2" StartOffset="3658"/>
<Loc EndOffset="3823" SrcFileId="2" StartOffset="3783"/>
</LocList>
<BasicStmnt CovItemId="S3" CovItemPrefix="org.jfree.data.Range.java" Intrnl_Id="114">
<LocList>
<Loc EndOffset="3769" SrcFileId="2" StartOffset="3658"/>
</LocList>
</BasicStmnt>
<BasicStmnt CovItemId="S4" CovItemPrefix="org.jfree.data.Range.java" Intrnl_Id="115">
<LocList>
<Loc EndOffset="3823" SrcFileId="2" StartOffset="3783"/>
</LocList>
</BasicStmnt>
</StmntSeq>
</Branch>
<Branch CovItemId="B2" CovItemPrefix="org.jfree.data.Range.java" Implct="true" Intrnl_Id="116">
<Cond/>
<LocList/>
<StmntSeq Intrnl_Id="117">
<LocList/>
</StmntSeq>
</Branch>
<Keyword EndOffset="3626" SrcFileId="2" StartOffset="3624"/>
<LocList>
<Loc EndOffset="3834" SrcFileId="2" StartOffset="3624"/>
</LocList>
</CondStmnt>
<BasicStmnt CovItemId="S5" CovItemPrefix="org.jfree.data.Range.java" Intrnl_Id="118">
<LocList>
<Loc EndOffset="3863" SrcFileId="2" StartOffset="3844"/>
</LocList>
</BasicStmnt>
<BasicStmnt CovItemId="S6" CovItemPrefix="org.jfree.data.Range.java" Intrnl_Id="119">
<LocList>
<Loc EndOffset="3892" SrcFileId="2" StartOffset="3873"/>
</LocList>
</BasicStmnt>
</StmntSeq>
</HierarchyLvl>
<HierarchyLvl HierarchyLvlId="436" HierarchyLvlTypeId="7" Intrnl_Id="120" Name="getLowerBound">
<Header>
<Loc EndOffset="4042" SrcFileId="2" StartOffset="4013"/>
</Header>
<LocList>
<Loc EndOffset="4079" SrcFileId="2" StartOffset="4013"/>
</LocList>
<StmntSeq Intrnl_Id="121">
<LocList>
<Loc EndOffset="4072" SrcFileId="2" StartOffset="4054"/>
</LocList>
<BasicStmnt CovItemId="S7" CovItemPrefix="org.jfree.data.Range.java" Intrnl_Id="122">
<LocList>
<Loc EndOffset="4072" SrcFileId="2" StartOffset="4054"/>
</LocList>
</BasicStmnt>
</StmntSeq>
</HierarchyLvl>
<HierarchyLvl HierarchyLvlId="437" HierarchyLvlTypeId="7" Intrnl_Id="123" Name="getUpperBound">
<Header>
<Loc EndOffset="4222" SrcFileId="2" StartOffset="4193"/>
</Header>
<LocList>
<Loc EndOffset="4259" SrcFileId="2" StartOffset="4193"/>
</LocList>
<StmntSeq Intrnl_Id="124">
<LocList>
<Loc EndOffset="4252" SrcFileId="2" StartOffset="4234"/>
</LocList>
<BasicStmnt CovItemId="S8" CovItemPrefix="org.jfree.data.Range.java" Intrnl_Id="125">
<LocList>
<Loc EndOffset="4252" SrcFileId="2" StartOffset="4234"/>
</LocList>
</BasicStmnt>
</StmntSeq>
</HierarchyLvl>
<HierarchyLvl HierarchyLvlId="438" HierarchyLvlTypeId="7" Intrnl_Id="126" Name="getLength">
<Header>
<Loc EndOffset="4387" SrcFileId="2" StartOffset="4362"/>
</Header>
<LocList>
<Loc EndOffset="4437" SrcFileId="2" StartOffset="4362"/>
</LocList>
<StmntSeq Intrnl_Id="127">
<LocList>
<Loc EndOffset="4430" SrcFileId="2" StartOffset="4399"/>
</LocList>
<BasicStmnt CovItemId="S9" CovItemPrefix="org.jfree.data.Range.java" Intrnl_Id="128">
<LocList>
<Loc EndOffset="4430" SrcFileId="2" StartOffset="4399"/>
</LocList>
</BasicStmnt>
</StmntSeq>
</HierarchyLvl>
<HierarchyLvl HierarchyLvlId="439" HierarchyLvlTypeId="7" Intrnl_Id="129" Name="getCentralValue">
<Header>
<Loc EndOffset="4586" SrcFileId="2" StartOffset="4555"/>
</Header>
<LocList>
<Loc EndOffset="4648" SrcFileId="2" StartOffset="4555"/>
</LocList>
<StmntSeq Intrnl_Id="130">
<LocList>
<Loc EndOffset="4641" SrcFileId="2" StartOffset="4598"/>
</LocList>
<BasicStmnt CovItemId="S10" CovItemPrefix="org.jfree.data.Range.java" Intrnl_Id="131">
<LocList>
<Loc EndOffset="4641" SrcFileId="2" StartOffset="4598"/>
</LocList>
</BasicStmnt>
</StmntSeq>
</HierarchyLvl>
<HierarchyLvl HierarchyLvlId="440" HierarchyLvlTypeId="7" Intrnl_Id="132" Name="contains">
<Header>
<Loc EndOffset="4965" SrcFileId="2" StartOffset="4928"/>
</Header>
<LocList>
<Loc EndOffset="5036" SrcFileId="2" StartOffset="4928"/>
</LocList>
<StmntSeq Intrnl_Id="133">
<LocList>
<Loc EndOffset="5029" SrcFileId="2" StartOffset="4977"/>
</LocList>
<BasicStmnt CovItemId="S11" CovItemPrefix="org.jfree.data.Range.java" Intrnl_Id="134">
<LocList>
<Loc EndOffset="5029" SrcFileId="2" StartOffset="4977"/>
</LocList>
</BasicStmnt>
</StmntSeq>
</HierarchyLvl>
<HierarchyLvl HierarchyLvlId="441" HierarchyLvlTypeId="7" Intrnl_Id="135" Name="intersects">
<Header>
<Loc EndOffset="5392" SrcFileId="2" StartOffset="5345"/>
</Header>
<LocList>
<Loc EndOffset="5562" SrcFileId="2" StartOffset="5345"/>
</LocList>
<StmntSeq Intrnl_Id="136">
<LocList>
<Loc EndOffset="5555" SrcFileId="2" StartOffset="5404"/>
</LocList>
<CondStmnt CovItemId="S12" CovItemPrefix="org.jfree.data.Range.java" Intrnl_Id="137">
<Branch CovItemId="B3" CovItemPrefix="org.jfree.data.Range.java" Implct="false" Intrnl_Id="138">
<Cond/>
<LocList>
<Loc EndOffset="5477" SrcFileId="2" StartOffset="5426"/>
</LocList>
<StmntSeq Intrnl_Id="139">
<LocList>
<Loc EndOffset="5466" SrcFileId="2" StartOffset="5441"/>
</LocList>
<BasicStmnt CovItemId="S13" CovItemPrefix="org.jfree.data.Range.java" Intrnl_Id="140">
<LocList>
<Loc EndOffset="5466" SrcFileId="2" StartOffset="5441"/>
</LocList>
</BasicStmnt>
</StmntSeq>
</Branch>
<Branch CovItemId="B4" CovItemPrefix="org.jfree.data.Range.java" Implct="false" Intrnl_Id="141">
<Cond>
<Loc EndOffset="5491" SrcFileId="2" StartOffset="5487"/>
</Cond>
<LocList>
<Loc EndOffset="5555" SrcFileId="2" StartOffset="5492"/>
</LocList>
<StmntSeq Intrnl_Id="142">
<LocList>
<Loc EndOffset="5544" SrcFileId="2" StartOffset="5507"/>
</LocList>
<BasicStmnt CovItemId="S14" CovItemPrefix="org.jfree.data.Range.java" Intrnl_Id="143">
<LocList>
<Loc EndOffset="5544" SrcFileId="2" StartOffset="5507"/>
</LocList>
</BasicStmnt>
</StmntSeq>
</Branch>
<Keyword EndOffset="5406" SrcFileId="2" StartOffset="5404"/>
<LocList>
<Loc EndOffset="5555" SrcFileId="2" StartOffset="5404"/>
</LocList>
</CondStmnt>
</StmntSeq>
</HierarchyLvl>
<HierarchyLvl HierarchyLvlId="442" HierarchyLvlTypeId="7" Intrnl_Id="144" Name="intersects">
<Header>
<Loc EndOffset="5895" SrcFileId="2" StartOffset="5857"/>
</Header>
<LocList>
<Loc EndOffset="5978" SrcFileId="2" StartOffset="5857"/>
</LocList>
<StmntSeq Intrnl_Id="145">
<LocList>
<Loc EndOffset="5971" SrcFileId="2" StartOffset="5907"/>
</LocList>
<BasicStmnt CovItemId="S15" CovItemPrefix="org.jfree.data.Range.java" Intrnl_Id="146">
<LocList>
<Loc EndOffset="5971" SrcFileId="2" StartOffset="5907"/>
</LocList>
</BasicStmnt>
</StmntSeq>
</HierarchyLvl>
<HierarchyLvl HierarchyLvlId="443" HierarchyLvlTypeId="7" Intrnl_Id="147" Name="constrain">
<Header>
<Loc EndOffset="6220" SrcFileId="2" StartOffset="6183"/>
</Header>
<LocList>
<Loc EndOffset="6518" SrcFileId="2" StartOffset="6183"/>
</LocList>
<StmntSeq Intrnl_Id="148">
<LocList>
<Loc EndOffset="6254" SrcFileId="2" StartOffset="6232"/>
<Loc EndOffset="6487" SrcFileId="2" StartOffset="6264"/>
<Loc EndOffset="6511" SrcFileId="2" StartOffset="6497"/>
</LocList>
<BasicStmnt CovItemId="S16" CovItemPrefix="org.jfree.data.Range.java" Intrnl_Id="149">
<LocList>
<Loc EndOffset="6254" SrcFileId="2" StartOffset="6232"/>
</LocList>
</BasicStmnt>
<CondStmnt CovItemId="S17" CovItemPrefix="org.jfree.data.Range.java" Intrnl_Id="150">
<Branch CovItemId="B5" CovItemPrefix="org.jfree.data.Range.java" Implct="false" Intrnl_Id="151">
<Cond/>
<LocList>
<Loc EndOffset="6487" SrcFileId="2" StartOffset="6286"/>
</LocList>
<StmntSeq Intrnl_Id="152">
<LocList>
<Loc EndOffset="6476" SrcFileId="2" StartOffset="6301"/>
</LocList>
<CondStmnt CovItemId="S18" CovItemPrefix="org.jfree.data.Range.java" Intrnl_Id="153">
<Branch CovItemId="B7" CovItemPrefix="org.jfree.data.Range.java" Implct="false" Intrnl_Id="154">
<Cond/>
<LocList>
<Loc EndOffset="6379" SrcFileId="2" StartOffset="6325"/>
</LocList>
<StmntSeq Intrnl_Id="155">
<LocList>
<Loc EndOffset="6364" SrcFileId="2" StartOffset="6344"/>
</LocList>
<BasicStmnt CovItemId="S19" CovItemPrefix="org.jfree.data.Range.java" Intrnl_Id="156">
<LocList>
<Loc EndOffset="6364" SrcFileId="2" StartOffset="6344"/>
</LocList>
</BasicStmnt>
</StmntSeq>
</Branch>
<Branch CovItemId="B8" CovItemPrefix="org.jfree.data.Range.java" Implct="false" Intrnl_Id="157">
<Cond>
<Loc EndOffset="6397" SrcFileId="2" StartOffset="6393"/>
</Cond>
<LocList>
<Loc EndOffset="6476" SrcFileId="2" StartOffset="6398"/>
</LocList>
<StmntSeq Intrnl_Id="158">
<LocList>
<Loc EndOffset="6476" SrcFileId="2" StartOffset="6398"/>
</LocList>
<CondStmnt CovItemId="S20" CovItemPrefix="org.jfree.data.Range.java" Intrnl_Id="159">
<Branch CovItemId="B9" CovItemPrefix="org.jfree.data.Range.java" Implct="false" Intrnl_Id="160">
<Cond/>
<LocList>
<Loc EndOffset="6476" SrcFileId="2" StartOffset="6422"/>
</LocList>
<StmntSeq Intrnl_Id="161">
<LocList>
<Loc EndOffset="6461" SrcFileId="2" StartOffset="6441"/>
</LocList>
<BasicStmnt CovItemId="S21" CovItemPrefix="org.jfree.data.Range.java" Intrnl_Id="162">
<LocList>
<Loc EndOffset="6461" SrcFileId="2" StartOffset="6441"/>
</LocList>
</BasicStmnt>
</StmntSeq>
</Branch>
<Branch CovItemId="B10" CovItemPrefix="org.jfree.data.Range.java" Implct="true" Intrnl_Id="163">
<Cond/>
<LocList/>
<StmntSeq Intrnl_Id="164">
<LocList/>
</StmntSeq>
</Branch>
<Keyword EndOffset="6400" SrcFileId="2" StartOffset="6398"/>
<LocList>
<Loc EndOffset="6476" SrcFileId="2" StartOffset="6398"/>
</LocList>
</CondStmnt>
</StmntSeq>
</Branch>
<Keyword EndOffset="6303" SrcFileId="2" StartOffset="6301"/>
<LocList>
<Loc EndOffset="6476" SrcFileId="2" StartOffset="6301"/>
</LocList>
</CondStmnt>
</StmntSeq>
</Branch>
<Branch CovItemId="B6" CovItemPrefix="org.jfree.data.Range.java" Implct="true" Intrnl_Id="165">
<Cond/>
<LocList/>
<StmntSeq Intrnl_Id="166">
<LocList/>
</StmntSeq>
</Branch>
<Keyword EndOffset="6266" SrcFileId="2" StartOffset="6264"/>
<LocList>
<Loc EndOffset="6487" SrcFileId="2" StartOffset="6264"/>
</LocList>
</CondStmnt>
<BasicStmnt CovItemId="S22" CovItemPrefix="org.jfree.data.Range.java" Intrnl_Id="167">
<LocList>
<Loc EndOffset="6511" SrcFileId="2" StartOffset="6497"/>
</LocList>
</BasicStmnt>
</StmntSeq>
</HierarchyLvl>
<HierarchyLvl HierarchyLvlId="444" HierarchyLvlTypeId="7" Intrnl_Id="168" Name="combine">
<Header>
<Loc EndOffset="7158" SrcFileId="2" StartOffset="7103"/>
</Header>
<LocList>
<Loc EndOffset="7496" SrcFileId="2" StartOffset="7103"/>
</LocList>
<StmntSeq Intrnl_Id="169">
<LocList>
<Loc EndOffset="7230" SrcFileId="2" StartOffset="7170"/>
<Loc EndOffset="7300" SrcFileId="2" StartOffset="7240"/>
<Loc EndOffset="7378" SrcFileId="2" StartOffset="7310"/>
<Loc EndOffset="7456" SrcFileId="2" StartOffset="7388"/>
<Loc EndOffset="7489" SrcFileId="2" StartOffset="7466"/>
</LocList>
<CondStmnt CovItemId="S23" CovItemPrefix="org.jfree.data.Range.java" Intrnl_Id="170">
<Branch CovItemId="B11" CovItemPrefix="org.jfree.data.Range.java" Implct="false" Intrnl_Id="171">
<Cond/>
<LocList>
<Loc EndOffset="7230" SrcFileId="2" StartOffset="7190"/>
</LocList>
<StmntSeq Intrnl_Id="172">
<LocList>
<Loc EndOffset="7219" SrcFileId="2" StartOffset="7205"/>
</LocList>
<BasicStmnt CovItemId="S24" CovItemPrefix="org.jfree.data.Range.java" Intrnl_Id="173">
<LocList>
<Loc EndOffset="7219" SrcFileId="2" StartOffset="7205"/>
</LocList>
</BasicStmnt>
</StmntSeq>
</Branch>
<Branch CovItemId="B12" CovItemPrefix="org.jfree.data.Range.java" Implct="true" Intrnl_Id="174">
<Cond/>
<LocList/>
<StmntSeq Intrnl_Id="175">
<LocList/>
</StmntSeq>
</Branch>
<Keyword EndOffset="7172" SrcFileId="2" StartOffset="7170"/>
<LocList>
<Loc EndOffset="7230" SrcFileId="2" StartOffset="7170"/>
</LocList>
</CondStmnt>
<CondStmnt CovItemId="S25" CovItemPrefix="org.jfree.data.Range.java" Intrnl_Id="176">
<Branch CovItemId="B13" CovItemPrefix="org.jfree.data.Range.java" Implct="false" Intrnl_Id="177">
<Cond/>
<LocList>
<Loc EndOffset="7300" SrcFileId="2" StartOffset="7260"/>
</LocList>
<StmntSeq Intrnl_Id="178">
<LocList>
<Loc EndOffset="7289" SrcFileId="2" StartOffset="7275"/>
</LocList>
<BasicStmnt CovItemId="S26" CovItemPrefix="org.jfree.data.Range.java" Intrnl_Id="179">
<LocList>
<Loc EndOffset="7289" SrcFileId="2" StartOffset="7275"/>
</LocList>
</BasicStmnt>
</StmntSeq>
</Branch>
<Branch CovItemId="B14" CovItemPrefix="org.jfree.data.Range.java" Implct="true" Intrnl_Id="180">
<Cond/>
<LocList/>
<StmntSeq Intrnl_Id="181">
<LocList/>
</StmntSeq>
</Branch>
<Keyword EndOffset="7242" SrcFileId="2" StartOffset="7240"/>
<LocList>
<Loc EndOffset="7300" SrcFileId="2" StartOffset="7240"/>
</LocList>
</CondStmnt>
<BasicStmnt CovItemId="S27" CovItemPrefix="org.jfree.data.Range.java" Intrnl_Id="182">
<LocList>
<Loc EndOffset="7378" SrcFileId="2" StartOffset="7310"/>
</LocList>
</BasicStmnt>
<BasicStmnt CovItemId="S28" CovItemPrefix="org.jfree.data.Range.java" Intrnl_Id="183">
<LocList>
<Loc EndOffset="7456" SrcFileId="2" StartOffset="7388"/>
</LocList>
</BasicStmnt>
<BasicStmnt CovItemId="S29" CovItemPrefix="org.jfree.data.Range.java" Intrnl_Id="184">
<LocList>
<Loc EndOffset="7489" SrcFileId="2" StartOffset="7466"/>
</LocList>
</BasicStmnt>
</StmntSeq>
</HierarchyLvl>
<HierarchyLvl HierarchyLvlId="445" HierarchyLvlTypeId="7" Intrnl_Id="185" Name="combineIgnoringNaN">
<Header>
<Loc EndOffset="8004" SrcFileId="2" StartOffset="7938"/>
</Header>
<LocList>
<Loc EndOffset="8608" SrcFileId="2" StartOffset="7938"/>
</LocList>
<StmntSeq Intrnl_Id="186">
<LocList>
<Loc EndOffset="8179" SrcFileId="2" StartOffset="8016"/>
<Loc EndOffset="8334" SrcFileId="2" StartOffset="8189"/>
<Loc EndOffset="8407" SrcFileId="2" StartOffset="8344"/>
<Loc EndOffset="8480" SrcFileId="2" StartOffset="8417"/>
<Loc EndOffset="8568" SrcFileId="2" StartOffset="8490"/>
<Loc EndOffset="8601" SrcFileId="2" StartOffset="8578"/>
</LocList>
<CondStmnt CovItemId="S30" CovItemPrefix="org.jfree.data.Range.java" Intrnl_Id="187">
<Branch CovItemId="B15" CovItemPrefix="org.jfree.data.Range.java" Implct="false" Intrnl_Id="188">
<Cond/>
<LocList>
<Loc EndOffset="8179" SrcFileId="2" StartOffset="8036"/>
</LocList>
<StmntSeq Intrnl_Id="189">
<LocList>
<Loc EndOffset="8140" SrcFileId="2" StartOffset="8051"/>
<Loc EndOffset="8168" SrcFileId="2" StartOffset="8154"/>
</LocList>
<CondStmnt CovItemId="S31" CovItemPrefix="org.jfree.data.Range.java" Intrnl_Id="190">
<Branch CovItemId="B17" CovItemPrefix="org.jfree.data.Range.java" Implct="false" Intrnl_Id="191">
<Cond/>
<LocList>
<Loc EndOffset="8140" SrcFileId="2" StartOffset="8094"/>
</LocList>
<StmntSeq Intrnl_Id="192">
<LocList>
<Loc EndOffset="8125" SrcFileId="2" StartOffset="8113"/>
</LocList>
<BasicStmnt CovItemId="S32" CovItemPrefix="org.jfree.data.Range.java" Intrnl_Id="193">
<LocList>
<Loc EndOffset="8125" SrcFileId="2" StartOffset="8113"/>
</LocList>
</BasicStmnt>
</StmntSeq>
</Branch>
<Branch CovItemId="B18" CovItemPrefix="org.jfree.data.Range.java" Implct="true" Intrnl_Id="194">
<Cond/>
<LocList/>
<StmntSeq Intrnl_Id="195">
<LocList/>
</StmntSeq>
</Branch>
<Keyword EndOffset="8053" SrcFileId="2" StartOffset="8051"/>
<LocList>
<Loc EndOffset="8140" SrcFileId="2" StartOffset="8051"/>
</LocList>
</CondStmnt>
<BasicStmnt CovItemId="S33" CovItemPrefix="org.jfree.data.Range.java" Intrnl_Id="196">
<LocList>
<Loc EndOffset="8168" SrcFileId="2" StartOffset="8154"/>
</LocList>
</BasicStmnt>
</StmntSeq>
</Branch>
<Branch CovItemId="B16" CovItemPrefix="org.jfree.data.Range.java" Implct="true" Intrnl_Id="197">
<Cond/>
<LocList/>
<StmntSeq Intrnl_Id="198">
<LocList/>
</StmntSeq>
</Branch>
<Keyword EndOffset="8018" SrcFileId="2" StartOffset="8016"/>
<LocList>
<Loc EndOffset="8179" SrcFileId="2" StartOffset="8016"/>
</LocList>
</CondStmnt>
<CondStmnt CovItemId="S34" CovItemPrefix="org.jfree.data.Range.java" Intrnl_Id="199">
<Branch CovItemId="B19" CovItemPrefix="org.jfree.data.Range.java" Implct="false" Intrnl_Id="200">
<Cond/>
<LocList>
<Loc EndOffset="8334" SrcFileId="2" StartOffset="8209"/>
</LocList>
<StmntSeq Intrnl_Id="201">
<LocList>
<Loc EndOffset="8295" SrcFileId="2" StartOffset="8224"/>
<Loc EndOffset="8323" SrcFileId="2" StartOffset="8309"/>
</LocList>
<CondStmnt CovItemId="S35" CovItemPrefix="org.jfree.data.Range.java" Intrnl_Id="202">
<Branch CovItemId="B21" CovItemPrefix="org.jfree.data.Range.java" Implct="false" Intrnl_Id="203">
<Cond/>
<LocList>
<Loc EndOffset="8295" SrcFileId="2" StartOffset="8249"/>
</LocList>
<StmntSeq Intrnl_Id="204">
<LocList>
<Loc EndOffset="8280" SrcFileId="2" StartOffset="8268"/>
</LocList>
<BasicStmnt CovItemId="S36" CovItemPrefix="org.jfree.data.Range.java" Intrnl_Id="205">
<LocList>
<Loc EndOffset="8280" SrcFileId="2" StartOffset="8268"/>
</LocList>
</BasicStmnt>
</StmntSeq>
</Branch>
<Branch CovItemId="B22" CovItemPrefix="org.jfree.data.Range.java" Implct="true" Intrnl_Id="206">
<Cond/>
<LocList/>
<StmntSeq Intrnl_Id="207">
<LocList/>
</StmntSeq>
</Branch>
<Keyword EndOffset="8226" SrcFileId="2" StartOffset="8224"/>
<LocList>
<Loc EndOffset="8295" SrcFileId="2" StartOffset="8224"/>
</LocList>
</CondStmnt>
<BasicStmnt CovItemId="S37" CovItemPrefix="org.jfree.data.Range.java" Intrnl_Id="208">
<LocList>
<Loc EndOffset="8323" SrcFileId="2" StartOffset="8309"/>
</LocList>
</BasicStmnt>
</StmntSeq>
</Branch>
<Branch CovItemId="B20" CovItemPrefix="org.jfree.data.Range.java" Implct="true" Intrnl_Id="209">
<Cond/>
<LocList/>
<StmntSeq Intrnl_Id="210">
<LocList/>
</StmntSeq>
</Branch>
<Keyword EndOffset="8191" SrcFileId="2" StartOffset="8189"/>
<LocList>
<Loc EndOffset="8334" SrcFileId="2" StartOffset="8189"/>
</LocList>
</CondStmnt>
<BasicStmnt CovItemId="S38" CovItemPrefix="org.jfree.data.Range.java" Intrnl_Id="211">
<LocList>
<Loc EndOffset="8407" SrcFileId="2" StartOffset="8344"/>
</LocList>
</BasicStmnt>
<BasicStmnt CovItemId="S39" CovItemPrefix="org.jfree.data.Range.java" Intrnl_Id="212">
<LocList>
<Loc EndOffset="8480" SrcFileId="2" StartOffset="8417"/>
</LocList>
</BasicStmnt>
<CondStmnt CovItemId="S40" CovItemPrefix="org.jfree.data.Range.java" Intrnl_Id="213">
<Branch CovItemId="B23" CovItemPrefix="org.jfree.data.Range.java" Implct="false" Intrnl_Id="214">
<Cond/>
<LocList>
<Loc EndOffset="8568" SrcFileId="2" StartOffset="8530"/>
</LocList>
<StmntSeq Intrnl_Id="215">
<LocList>
<Loc EndOffset="8557" SrcFileId="2" StartOffset="8545"/>
</LocList>
<BasicStmnt CovItemId="S41" CovItemPrefix="org.jfree.data.Range.java" Intrnl_Id="216">
<LocList>
<Loc EndOffset="8557" SrcFileId="2" StartOffset="8545"/>
</LocList>
</BasicStmnt>
</StmntSeq>
</Branch>
<Branch CovItemId="B24" CovItemPrefix="org.jfree.data.Range.java" Implct="true" Intrnl_Id="217">
<Cond/>
<LocList/>
<StmntSeq Intrnl_Id="218">
<LocList/>
</StmntSeq>
</Branch>
<Keyword EndOffset="8492" SrcFileId="2" StartOffset="8490"/>
<LocList>
<Loc EndOffset="8568" SrcFileId="2" StartOffset="8490"/>
</LocList>
</CondStmnt>
<BasicStmnt CovItemId="S42" CovItemPrefix="org.jfree.data.Range.java" Intrnl_Id="219">
<LocList>
<Loc EndOffset="8601" SrcFileId="2" StartOffset="8578"/>
</LocList>
</BasicStmnt>
</StmntSeq>
</HierarchyLvl>
<HierarchyLvl HierarchyLvlId="446" HierarchyLvlTypeId="7" Intrnl_Id="220" Name="min">
<Header>
<Loc EndOffset="8940" SrcFileId="2" StartOffset="8893"/>
</Header>
<LocList>
<Loc EndOffset="9119" SrcFileId="2" StartOffset="8893"/>
</LocList>
<StmntSeq Intrnl_Id="221">
<LocList>
<Loc EndOffset="9010" SrcFileId="2" StartOffset="8952"/>
<Loc EndOffset="9078" SrcFileId="2" StartOffset="9020"/>
<Loc EndOffset="9112" SrcFileId="2" StartOffset="9088"/>
</LocList>
<CondStmnt CovItemId="S43" CovItemPrefix="org.jfree.data.Range.java" Intrnl_Id="222">
<Branch CovItemId="B25" CovItemPrefix="org.jfree.data.Range.java" Implct="false" Intrnl_Id="223">
<Cond/>
<LocList>
<Loc EndOffset="9010" SrcFileId="2" StartOffset="8974"/>
</LocList>
<StmntSeq Intrnl_Id="224">
<LocList>
<Loc EndOffset="8999" SrcFileId="2" StartOffset="8989"/>
</LocList>
<BasicStmnt CovItemId="S44" CovItemPrefix="org.jfree.data.Range.java" Intrnl_Id="225">
<LocList>
<Loc EndOffset="8999" SrcFileId="2" StartOffset="8989"/>
</LocList>
</BasicStmnt>
</StmntSeq>
</Branch>
<Branch CovItemId="B26" CovItemPrefix="org.jfree.data.Range.java" Implct="true" Intrnl_Id="226">
<Cond/>
<LocList/>
<StmntSeq Intrnl_Id="227">
<LocList/>
</StmntSeq>
</Branch>
<Keyword EndOffset="8954" SrcFileId="2" StartOffset="8952"/>
<LocList>
<Loc EndOffset="9010" SrcFileId="2" StartOffset="8952"/>
</LocList>
</CondStmnt>
<CondStmnt CovItemId="S45" CovItemPrefix="org.jfree.data.Range.java" Intrnl_Id="228">
<Branch CovItemId="B27" CovItemPrefix="org.jfree.data.Range.java" Implct="false" Intrnl_Id="229">
<Cond/>
<LocList>
<Loc EndOffset="9078" SrcFileId="2" StartOffset="9042"/>
</LocList>
<StmntSeq Intrnl_Id="230">
<LocList>
<Loc EndOffset="9067" SrcFileId="2" StartOffset="9057"/>
</LocList>
<BasicStmnt CovItemId="S46" CovItemPrefix="org.jfree.data.Range.java" Intrnl_Id="231">
<LocList>
<Loc EndOffset="9067" SrcFileId="2" StartOffset="9057"/>
</LocList>
</BasicStmnt>
</StmntSeq>
</Branch>
<Branch CovItemId="B28" CovItemPrefix="org.jfree.data.Range.java" Implct="true" Intrnl_Id="232">
<Cond/>
<LocList/>
<StmntSeq Intrnl_Id="233">
<LocList/>
</StmntSeq>
</Branch>
<Keyword EndOffset="9022" SrcFileId="2" StartOffset="9020"/>
<LocList>
<Loc EndOffset="9078" SrcFileId="2" StartOffset="9020"/>
</LocList>
</CondStmnt>
<BasicStmnt CovItemId="S47" CovItemPrefix="org.jfree.data.Range.java" Intrnl_Id="234">
<LocList>
<Loc EndOffset="9112" SrcFileId="2" StartOffset="9088"/>
</LocList>
</BasicStmnt>
</StmntSeq>
</HierarchyLvl>
<HierarchyLvl HierarchyLvlId="447" HierarchyLvlTypeId="7" Intrnl_Id="235" Name="max">
<Header>
<Loc EndOffset="9174" SrcFileId="2" StartOffset="9127"/>
</Header>
<LocList>
<Loc EndOffset="9353" SrcFileId="2" StartOffset="9127"/>
</LocList>
<StmntSeq Intrnl_Id="236">
<LocList>
<Loc EndOffset="9244" SrcFileId="2" StartOffset="9186"/>
<Loc EndOffset="9312" SrcFileId="2" StartOffset="9254"/>
<Loc EndOffset="9346" SrcFileId="2" StartOffset="9322"/>
</LocList>
<CondStmnt CovItemId="S48" CovItemPrefix="org.jfree.data.Range.java" Intrnl_Id="237">
<Branch CovItemId="B29" CovItemPrefix="org.jfree.data.Range.java" Implct="false" Intrnl_Id="238">
<Cond/>
<LocList>
<Loc EndOffset="9244" SrcFileId="2" StartOffset="9208"/>
</LocList>
<StmntSeq Intrnl_Id="239">
<LocList>
<Loc EndOffset="9233" SrcFileId="2" StartOffset="9223"/>
</LocList>
<BasicStmnt CovItemId="S49" CovItemPrefix="org.jfree.data.Range.java" Intrnl_Id="240">
<LocList>
<Loc EndOffset="9233" SrcFileId="2" StartOffset="9223"/>
</LocList>
</BasicStmnt>
</StmntSeq>
</Branch>
<Branch CovItemId="B30" CovItemPrefix="org.jfree.data.Range.java" Implct="true" Intrnl_Id="241">
<Cond/>
<LocList/>
<StmntSeq Intrnl_Id="242">
<LocList/>
</StmntSeq>
</Branch>
<Keyword EndOffset="9188" SrcFileId="2" StartOffset="9186"/>
<LocList>
<Loc EndOffset="9244" SrcFileId="2" StartOffset="9186"/>
</LocList>
</CondStmnt>
<CondStmnt CovItemId="S50" CovItemPrefix="org.jfree.data.Range.java" Intrnl_Id="243">
<Branch CovItemId="B31" CovItemPrefix="org.jfree.data.Range.java" Implct="false" Intrnl_Id="244">
<Cond/>
<LocList>
<Loc EndOffset="9312" SrcFileId="2" StartOffset="9276"/>
</LocList>
<StmntSeq Intrnl_Id="245">
<LocList>
<Loc EndOffset="9301" SrcFileId="2" StartOffset="9291"/>
</LocList>
<BasicStmnt CovItemId="S51" CovItemPrefix="org.jfree.data.Range.java" Intrnl_Id="246">
<LocList>
<Loc EndOffset="9301" SrcFileId="2" StartOffset="9291"/>
</LocList>
</BasicStmnt>
</StmntSeq>
</Branch>
<Branch CovItemId="B32" CovItemPrefix="org.jfree.data.Range.java" Implct="true" Intrnl_Id="247">
<Cond/>
<LocList/>
<StmntSeq Intrnl_Id="248">
<LocList/>
</StmntSeq>
</Branch>
<Keyword EndOffset="9256" SrcFileId="2" StartOffset="9254"/>
<LocList>
<Loc EndOffset="9312" SrcFileId="2" StartOffset="9254"/>
</LocList>
</CondStmnt>
<BasicStmnt CovItemId="S52" CovItemPrefix="org.jfree.data.Range.java" Intrnl_Id="249">
<LocList>
<Loc EndOffset="9346" SrcFileId="2" StartOffset="9322"/>
</LocList>
</BasicStmnt>
</StmntSeq>
</HierarchyLvl>
<HierarchyLvl HierarchyLvlId="448" HierarchyLvlTypeId="7" Intrnl_Id="250" Name="expandToInclude">
<Header>
<Loc EndOffset="9764" SrcFileId="2" StartOffset="9702"/>
</Header>
<LocList>
<Loc EndOffset="10154" SrcFileId="2" StartOffset="9702"/>
</LocList>
<StmntSeq Intrnl_Id="251">
<LocList>
<Loc EndOffset="9852" SrcFileId="2" StartOffset="9776"/>
<Loc EndOffset="10147" SrcFileId="2" StartOffset="9862"/>
</LocList>
<CondStmnt CovItemId="S53" CovItemPrefix="org.jfree.data.Range.java" Intrnl_Id="252">
<Branch CovItemId="B33" CovItemPrefix="org.jfree.data.Range.java" Implct="false" Intrnl_Id="253">
<Cond/>
<LocList>
<Loc EndOffset="9852" SrcFileId="2" StartOffset="9795"/>
</LocList>
<StmntSeq Intrnl_Id="254">
<LocList>
<Loc EndOffset="9841" SrcFileId="2" StartOffset="9810"/>
</LocList>
<BasicStmnt CovItemId="S54" CovItemPrefix="org.jfree.data.Range.java" Intrnl_Id="255">
<LocList>
<Loc EndOffset="9841" SrcFileId="2" StartOffset="9810"/>
</LocList>
</BasicStmnt>
</StmntSeq>
</Branch>
<Branch CovItemId="B34" CovItemPrefix="org.jfree.data.Range.java" Implct="true" Intrnl_Id="256">
<Cond/>
<LocList/>
<StmntSeq Intrnl_Id="257">
<LocList/>
</StmntSeq>
</Branch>
<Keyword EndOffset="9778" SrcFileId="2" StartOffset="9776"/>
<LocList>
<Loc EndOffset="9852" SrcFileId="2" StartOffset="9776"/>
</LocList>
</CondStmnt>
<CondStmnt CovItemId="S55" CovItemPrefix="org.jfree.data.Range.java" Intrnl_Id="258">
<Branch CovItemId="B35" CovItemPrefix="org.jfree.data.Range.java" Implct="false" Intrnl_Id="259">
<Cond/>
<LocList>
<Loc EndOffset="9970" SrcFileId="2" StartOffset="9897"/>
</LocList>
<StmntSeq Intrnl_Id="260">
<LocList>
<Loc EndOffset="9959" SrcFileId="2" StartOffset="9912"/>
</LocList>
<BasicStmnt CovItemId="S56" CovItemPrefix="org.jfree.data.Range.java" Intrnl_Id="261">
<LocList>
<Loc EndOffset="9959" SrcFileId="2" StartOffset="9912"/>
</LocList>
</BasicStmnt>
</StmntSeq>
</Branch>
<Branch CovItemId="B36" CovItemPrefix="org.jfree.data.Range.java" Implct="false" Intrnl_Id="262">
<Cond>
<Loc EndOffset="9984" SrcFileId="2" StartOffset="9980"/>
</Cond>
<LocList>
<Loc EndOffset="10147" SrcFileId="2" StartOffset="9985"/>
</LocList>
<StmntSeq Intrnl_Id="263">
<LocList>
<Loc EndOffset="10147" SrcFileId="2" StartOffset="9985"/>
</LocList>
<CondStmnt CovItemId="S57" CovItemPrefix="org.jfree.data.Range.java" Intrnl_Id="264">
<Branch CovItemId="B37" CovItemPrefix="org.jfree.data.Range.java" Implct="false" Intrnl_Id="265">
<Cond/>
<LocList>
<Loc EndOffset="10093" SrcFileId="2" StartOffset="10020"/>
</LocList>
<StmntSeq Intrnl_Id="266">
<LocList>
<Loc EndOffset="10082" SrcFileId="2" StartOffset="10035"/>
</LocList>
<BasicStmnt CovItemId="S58" CovItemPrefix="org.jfree.data.Range.java" Intrnl_Id="267">
<LocList>
<Loc EndOffset="10082" SrcFileId="2" StartOffset="10035"/>
</LocList>
</BasicStmnt>
</StmntSeq>
</Branch>
<Branch CovItemId="B38" CovItemPrefix="org.jfree.data.Range.java" Implct="false" Intrnl_Id="268">
<Cond>
<Loc EndOffset="10107" SrcFileId="2" StartOffset="10103"/>
</Cond>
<LocList>
<Loc EndOffset="10147" SrcFileId="2" StartOffset="10108"/>
</LocList>
<StmntSeq Intrnl_Id="269">
<LocList>
<Loc EndOffset="10136" SrcFileId="2" StartOffset="10123"/>
</LocList>
<BasicStmnt CovItemId="S59" CovItemPrefix="org.jfree.data.Range.java" Intrnl_Id="270">
<LocList>
<Loc EndOffset="10136" SrcFileId="2" StartOffset="10123"/>
</LocList>
</BasicStmnt>
</StmntSeq>
</Branch>
<Keyword EndOffset="9987" SrcFileId="2" StartOffset="9985"/>
<LocList>
<Loc EndOffset="10147" SrcFileId="2" StartOffset="9985"/>
</LocList>
</CondStmnt>
</StmntSeq>
</Branch>
<Keyword EndOffset="9864" SrcFileId="2" StartOffset="9862"/>
<LocList>
<Loc EndOffset="10147" SrcFileId="2" StartOffset="9862"/>
</LocList>
</CondStmnt>
</StmntSeq>
</HierarchyLvl>
<HierarchyLvl HierarchyLvlId="449" HierarchyLvlTypeId="7" Intrnl_Id="271" Name="expand">
<Header>
<Loc EndOffset="10722" SrcFileId="2" StartOffset="10611"/>
</Header>
<LocList>
<Loc EndOffset="11128" SrcFileId="2" StartOffset="10611"/>
</LocList>
<StmntSeq Intrnl_Id="272">
<LocList>
<Loc EndOffset="10779" SrcFileId="2" StartOffset="10734"/>
<Loc EndOffset="10823" SrcFileId="2" StartOffset="10789"/>
<Loc EndOffset="10893" SrcFileId="2" StartOffset="10833"/>
<Loc EndOffset="10963" SrcFileId="2" StartOffset="10903"/>
<Loc EndOffset="11080" SrcFileId="2" StartOffset="10973"/>
<Loc EndOffset="11121" SrcFileId="2" StartOffset="11090"/>
</LocList>
<BasicStmnt CovItemId="S60" CovItemPrefix="org.jfree.data.Range.java" Intrnl_Id="273">
<LocList>
<Loc EndOffset="10779" SrcFileId="2" StartOffset="10734"/>
</LocList>
</BasicStmnt>
<BasicStmnt CovItemId="S61" CovItemPrefix="org.jfree.data.Range.java" Intrnl_Id="274">
<LocList>
<Loc EndOffset="10823" SrcFileId="2" StartOffset="10789"/>
</LocList>
</BasicStmnt>
<BasicStmnt CovItemId="S62" CovItemPrefix="org.jfree.data.Range.java" Intrnl_Id="275">
<LocList>
<Loc EndOffset="10893" SrcFileId="2" StartOffset="10833"/>
</LocList>
</BasicStmnt>
<BasicStmnt CovItemId="S63" CovItemPrefix="org.jfree.data.Range.java" Intrnl_Id="276">
<LocList>
<Loc EndOffset="10963" SrcFileId="2" StartOffset="10903"/>
</LocList>
</BasicStmnt>
<CondStmnt CovItemId="S64" CovItemPrefix="org.jfree.data.Range.java" Intrnl_Id="277">
<Branch CovItemId="B39" CovItemPrefix="org.jfree.data.Range.java" Implct="false" Intrnl_Id="278">
<Cond/>
<LocList>
<Loc EndOffset="11080" SrcFileId="2" StartOffset="10992"/>
</LocList>
<StmntSeq Intrnl_Id="279">
<LocList>
<Loc EndOffset="11041" SrcFileId="2" StartOffset="11007"/>
<Loc EndOffset="11069" SrcFileId="2" StartOffset="11055"/>
</LocList>
<BasicStmnt CovItemId="S65" CovItemPrefix="org.jfree.data.Range.java" Intrnl_Id="280">
<LocList>
<Loc EndOffset="11041" SrcFileId="2" StartOffset="11007"/>
</LocList>
</BasicStmnt>
<BasicStmnt CovItemId="S66" CovItemPrefix="org.jfree.data.Range.java" Intrnl_Id="281">
<LocList>
<Loc EndOffset="11069" SrcFileId="2" StartOffset="11055"/>
</LocList>
</BasicStmnt>
</StmntSeq>
</Branch>
<Branch CovItemId="B40" CovItemPrefix="org.jfree.data.Range.java" Implct="true" Intrnl_Id="282">
<Cond/>
<LocList/>
<StmntSeq Intrnl_Id="283">
<LocList/>
</StmntSeq>
</Branch>
<Keyword EndOffset="10975" SrcFileId="2" StartOffset="10973"/>
<LocList>
<Loc EndOffset="11080" SrcFileId="2" StartOffset="10973"/>
</LocList>
</CondStmnt>
<BasicStmnt CovItemId="S67" CovItemPrefix="org.jfree.data.Range.java" Intrnl_Id="284">
<LocList>
<Loc EndOffset="11121" SrcFileId="2" StartOffset="11090"/>
</LocList>
</BasicStmnt>
</StmntSeq>
</HierarchyLvl>
<HierarchyLvl HierarchyLvlId="450" HierarchyLvlTypeId="7" Intrnl_Id="285" Name="shift">
<Header>
<Loc EndOffset="11411" SrcFileId="2" StartOffset="11360"/>
</Header>
<LocList>
<Loc EndOffset="11463" SrcFileId="2" StartOffset="11360"/>
</LocList>
<StmntSeq Intrnl_Id="286">
<LocList>
<Loc EndOffset="11456" SrcFileId="2" StartOffset="11423"/>
</LocList>
<BasicStmnt CovItemId="S68" CovItemPrefix="org.jfree.data.Range.java" Intrnl_Id="287">
<LocList>
<Loc EndOffset="11456" SrcFileId="2" StartOffset="11423"/>
</LocList>
</BasicStmnt>
</StmntSeq>
</HierarchyLvl>
<HierarchyLvl HierarchyLvlId="451" HierarchyLvlTypeId="7" Intrnl_Id="288" Name="shift">
<Header>
<Loc EndOffset="12012" SrcFileId="2" StartOffset="11903"/>
</Header>
<LocList>
<Loc EndOffset="12439" SrcFileId="2" StartOffset="11903"/>
</LocList>
<StmntSeq Intrnl_Id="289">
<LocList>
<Loc EndOffset="12067" SrcFileId="2" StartOffset="12024"/>
<Loc EndOffset="12432" SrcFileId="2" StartOffset="12077"/>
</LocList>
<BasicStmnt CovItemId="S69" CovItemPrefix="org.jfree.data.Range.java" Intrnl_Id="290">
<LocList>
<Loc EndOffset="12067" SrcFileId="2" StartOffset="12024"/>
</LocList>
</BasicStmnt>
<CondStmnt CovItemId="S70" CovItemPrefix="org.jfree.data.Range.java" Intrnl_Id="291">
<Branch CovItemId="B41" CovItemPrefix="org.jfree.data.Range.java" Implct="false" Intrnl_Id="292">
<Cond/>
<LocList>
<Loc EndOffset="12224" SrcFileId="2" StartOffset="12100"/>
</LocList>
<StmntSeq Intrnl_Id="293">
<LocList>
<Loc EndOffset="12213" SrcFileId="2" StartOffset="12115"/>
</LocList>
<BasicStmnt CovItemId="S71" CovItemPrefix="org.jfree.data.Range.java" Intrnl_Id="294">
<LocList>
<Loc EndOffset="12213" SrcFileId="2" StartOffset="12115"/>
</LocList>
</BasicStmnt>
</StmntSeq>
</Branch>
<Branch CovItemId="B42" CovItemPrefix="org.jfree.data.Range.java" Implct="false" Intrnl_Id="295">
<Cond>
<Loc EndOffset="12238" SrcFileId="2" StartOffset="12234"/>
</Cond>
<LocList>
<Loc EndOffset="12432" SrcFileId="2" StartOffset="12239"/>
</LocList>
<StmntSeq Intrnl_Id="296">
<LocList>
<Loc EndOffset="12421" SrcFileId="2" StartOffset="12254"/>
</LocList>
<BasicStmnt CovItemId="S72" CovItemPrefix="org.jfree.data.Range.java" Intrnl_Id="297">
<LocList>
<Loc EndOffset="12421" SrcFileId="2" StartOffset="12254"/>
</LocList>
</BasicStmnt>
</StmntSeq>
</Branch>
<Keyword EndOffset="12079" SrcFileId="2" StartOffset="12077"/>
<LocList>
<Loc EndOffset="12432" SrcFileId="2" StartOffset="12077"/>
</LocList>
</CondStmnt>
</StmntSeq>
</HierarchyLvl>
<HierarchyLvl HierarchyLvlId="452" HierarchyLvlTypeId="7" Intrnl_Id="298" Name="shiftWithNoZeroCrossing">
<Header>
<Loc EndOffset="12816" SrcFileId="2" StartOffset="12743"/>
</Header>
<LocList>
<Loc EndOffset="13070" SrcFileId="2" StartOffset="12743"/>
</LocList>
<StmntSeq Intrnl_Id="299">
<LocList>
<Loc EndOffset="13063" SrcFileId="2" StartOffset="12828"/>
</LocList>
<CondStmnt CovItemId="S73" CovItemPrefix="org.jfree.data.Range.java" Intrnl_Id="300">
<Branch CovItemId="B43" CovItemPrefix="org.jfree.data.Range.java" Implct="false" Intrnl_Id="301">
<Cond/>
<LocList>
<Loc EndOffset="12907" SrcFileId="2" StartOffset="12845"/>
</LocList>
<StmntSeq Intrnl_Id="302">
<LocList>
<Loc EndOffset="12896" SrcFileId="2" StartOffset="12860"/>
</LocList>
<BasicStmnt CovItemId="S74" CovItemPrefix="org.jfree.data.Range.java" Intrnl_Id="303">
<LocList>
<Loc EndOffset="12896" SrcFileId="2" StartOffset="12860"/>
</LocList>
</BasicStmnt>
</StmntSeq>
</Branch>
<Branch CovItemId="B44" CovItemPrefix="org.jfree.data.Range.java" Implct="false" Intrnl_Id="304">
<Cond>
<Loc EndOffset="12921" SrcFileId="2" StartOffset="12917"/>
</Cond>
<LocList>
<Loc EndOffset="13063" SrcFileId="2" StartOffset="12922"/>
</LocList>
<StmntSeq Intrnl_Id="305">
<LocList>
<Loc EndOffset="13063" SrcFileId="2" StartOffset="12922"/>
</LocList>
<CondStmnt CovItemId="S75" CovItemPrefix="org.jfree.data.Range.java" Intrnl_Id="306">
<Branch CovItemId="B45" CovItemPrefix="org.jfree.data.Range.java" Implct="false" Intrnl_Id="307">
<Cond/>
<LocList>
<Loc EndOffset="13001" SrcFileId="2" StartOffset="12939"/>
</LocList>
<StmntSeq Intrnl_Id="308">
<LocList>
<Loc EndOffset="12990" SrcFileId="2" StartOffset="12954"/>
</LocList>
<BasicStmnt CovItemId="S76" CovItemPrefix="org.jfree.data.Range.java" Intrnl_Id="309">
<LocList>
<Loc EndOffset="12990" SrcFileId="2" StartOffset="12954"/>
</LocList>
</BasicStmnt>
</StmntSeq>
</Branch>
<Branch CovItemId="B46" CovItemPrefix="org.jfree.data.Range.java" Implct="false" Intrnl_Id="310">
<Cond>
<Loc EndOffset="13015" SrcFileId="2" StartOffset="13011"/>
</Cond>
<LocList>
<Loc EndOffset="13063" SrcFileId="2" StartOffset="13016"/>
</LocList>
<StmntSeq Intrnl_Id="311">
<LocList>
<Loc EndOffset="13052" SrcFileId="2" StartOffset="13031"/>
</LocList>
<BasicStmnt CovItemId="S77" CovItemPrefix="org.jfree.data.Range.java" Intrnl_Id="312">
<LocList>
<Loc EndOffset="13052" SrcFileId="2" StartOffset="13031"/>
</LocList>
</BasicStmnt>
</StmntSeq>
</Branch>
<Keyword EndOffset="12924" SrcFileId="2" StartOffset="12922"/>
<LocList>
<Loc EndOffset="13063" SrcFileId="2" StartOffset="12922"/>
</LocList>
</CondStmnt>
</StmntSeq>
</Branch>
<Keyword EndOffset="12830" SrcFileId="2" StartOffset="12828"/>
<LocList>
<Loc EndOffset="13063" SrcFileId="2" StartOffset="12828"/>
</LocList>
</CondStmnt>
</StmntSeq>
</HierarchyLvl>
<HierarchyLvl HierarchyLvlId="453" HierarchyLvlTypeId="7" Intrnl_Id="313" Name="scale">
<Header>
<Loc EndOffset="13407" SrcFileId="2" StartOffset="13355"/>
</Header>
<LocList>
<Loc EndOffset="13693" SrcFileId="2" StartOffset="13355"/>
</LocList>
<StmntSeq Intrnl_Id="314">
<LocList>
<Loc EndOffset="13462" SrcFileId="2" StartOffset="13419"/>
<Loc EndOffset="13580" SrcFileId="2" StartOffset="13472"/>
<Loc EndOffset="13686" SrcFileId="2" StartOffset="13590"/>
</LocList>
<BasicStmnt CovItemId="S78" CovItemPrefix="org.jfree.data.Range.java" Intrnl_Id="315">
<LocList>
<Loc EndOffset="13462" SrcFileId="2" StartOffset="13419"/>
</LocList>
</BasicStmnt>
<CondStmnt CovItemId="S79" CovItemPrefix="org.jfree.data.Range.java" Intrnl_Id="316">
<Branch CovItemId="B47" CovItemPrefix="org.jfree.data.Range.java" Implct="false" Intrnl_Id="317">
<Cond/>
<LocList>
<Loc EndOffset="13580" SrcFileId="2" StartOffset="13488"/>
</LocList>
<StmntSeq Intrnl_Id="318">
<LocList>
<Loc EndOffset="13569" SrcFileId="2" StartOffset="13503"/>
</LocList>
<BasicStmnt CovItemId="S80" CovItemPrefix="org.jfree.data.Range.java" Intrnl_Id="319">
<LocList>
<Loc EndOffset="13569" SrcFileId="2" StartOffset="13503"/>
</LocList>
</BasicStmnt>
</StmntSeq>
</Branch>
<Branch CovItemId="B48" CovItemPrefix="org.jfree.data.Range.java" Implct="true" Intrnl_Id="320">
<Cond/>
<LocList/>
<StmntSeq Intrnl_Id="321">
<LocList/>
</StmntSeq>
</Branch>
<Keyword EndOffset="13474" SrcFileId="2" StartOffset="13472"/>
<LocList>
<Loc EndOffset="13580" SrcFileId="2" StartOffset="13472"/>
</LocList>
</CondStmnt>
<BasicStmnt CovItemId="S81" CovItemPrefix="org.jfree.data.Range.java" Intrnl_Id="322">
<LocList>
<Loc EndOffset="13686" SrcFileId="2" StartOffset="13590"/>
</LocList>
</BasicStmnt>
</StmntSeq>
</HierarchyLvl>
<HierarchyLvl HierarchyLvlId="454" HierarchyLvlTypeId="7" Intrnl_Id="323" Name="equals">
<Header>
<Loc EndOffset="13953" SrcFileId="2" StartOffset="13905"/>
</Header>
<LocList>
<Loc EndOffset="14264" SrcFileId="2" StartOffset="13905"/>
</LocList>
<StmntSeq Intrnl_Id="324">
<LocList>
<Loc EndOffset="14033" SrcFileId="2" StartOffset="13965"/>
<Loc EndOffset="14069" SrcFileId="2" StartOffset="14043"/>
<Loc EndOffset="14152" SrcFileId="2" StartOffset="14079"/>
<Loc EndOffset="14235" SrcFileId="2" StartOffset="14162"/>
<Loc EndOffset="14257" SrcFileId="2" StartOffset="14245"/>
</LocList>
<CondStmnt CovItemId="S82" CovItemPrefix="org.jfree.data.Range.java" Intrnl_Id="325">
<Branch CovItemId="B49" CovItemPrefix="org.jfree.data.Range.java" Implct="false" Intrnl_Id="326">
<Cond/>
<LocList>
<Loc EndOffset="14033" SrcFileId="2" StartOffset="13994"/>
</LocList>
<StmntSeq Intrnl_Id="327">
<LocList>
<Loc EndOffset="14022" SrcFileId="2" StartOffset="14009"/>
</LocList>
<BasicStmnt CovItemId="S83" CovItemPrefix="org.jfree.data.Range.java" Intrnl_Id="328">
<LocList>
<Loc EndOffset="14022" SrcFileId="2" StartOffset="14009"/>
</LocList>
</BasicStmnt>
</StmntSeq>
</Branch>
<Branch CovItemId="B50" CovItemPrefix="org.jfree.data.Range.java" Implct="true" Intrnl_Id="329">
<Cond/>
<LocList/>
<StmntSeq Intrnl_Id="330">
<LocList/>
</StmntSeq>
</Branch>
<Keyword EndOffset="13967" SrcFileId="2" StartOffset="13965"/>
<LocList>
<Loc EndOffset="14033" SrcFileId="2" StartOffset="13965"/>
</LocList>
</CondStmnt>
<BasicStmnt CovItemId="S84" CovItemPrefix="org.jfree.data.Range.java" Intrnl_Id="331">
<LocList>
<Loc EndOffset="14069" SrcFileId="2" StartOffset="14043"/>
</LocList>
</BasicStmnt>
<CondStmnt CovItemId="S85" CovItemPrefix="org.jfree.data.Range.java" Intrnl_Id="332">
<Branch CovItemId="B51" CovItemPrefix="org.jfree.data.Range.java" Implct="false" Intrnl_Id="333">
<Cond/>
<LocList>
<Loc EndOffset="14152" SrcFileId="2" StartOffset="14113"/>
</LocList>
<StmntSeq Intrnl_Id="334">
<LocList>
<Loc EndOffset="14141" SrcFileId="2" StartOffset="14128"/>
</LocList>
<BasicStmnt CovItemId="S86" CovItemPrefix="org.jfree.data.Range.java" Intrnl_Id="335">
<LocList>
<Loc EndOffset="14141" SrcFileId="2" StartOffset="14128"/>
</LocList>
</BasicStmnt>
</StmntSeq>
</Branch>
<Branch CovItemId="B52" CovItemPrefix="org.jfree.data.Range.java" Implct="true" Intrnl_Id="336">
<Cond/>
<LocList/>
<StmntSeq Intrnl_Id="337">
<LocList/>
</StmntSeq>
</Branch>
<Keyword EndOffset="14081" SrcFileId="2" StartOffset="14079"/>
<LocList>
<Loc EndOffset="14152" SrcFileId="2" StartOffset="14079"/>
</LocList>
</CondStmnt>
<CondStmnt CovItemId="S87" CovItemPrefix="org.jfree.data.Range.java" Intrnl_Id="338">
<Branch CovItemId="B53" CovItemPrefix="org.jfree.data.Range.java" Implct="false" Intrnl_Id="339">
<Cond/>
<LocList>
<Loc EndOffset="14235" SrcFileId="2" StartOffset="14196"/>
</LocList>
<StmntSeq Intrnl_Id="340">
<LocList>
<Loc EndOffset="14224" SrcFileId="2" StartOffset="14211"/>
</LocList>
<BasicStmnt CovItemId="S88" CovItemPrefix="org.jfree.data.Range.java" Intrnl_Id="341">
<LocList>
<Loc EndOffset="14224" SrcFileId="2" StartOffset="14211"/>
</LocList>
</BasicStmnt>
</StmntSeq>
</Branch>
<Branch CovItemId="B54" CovItemPrefix="org.jfree.data.Range.java" Implct="true" Intrnl_Id="342">
<Cond/>
<LocList/>
<StmntSeq Intrnl_Id="343">
<LocList/>
</StmntSeq>
</Branch>
<Keyword EndOffset="14164" SrcFileId="2" StartOffset="14162"/>
<LocList>
<Loc EndOffset="14235" SrcFileId="2" StartOffset="14162"/>
</LocList>
</CondStmnt>
<BasicStmnt CovItemId="S89" CovItemPrefix="org.jfree.data.Range.java" Intrnl_Id="344">
<LocList>
<Loc EndOffset="14257" SrcFileId="2" StartOffset="14245"/>
</LocList>
</BasicStmnt>
</StmntSeq>
</HierarchyLvl>
<HierarchyLvl HierarchyLvlId="455" HierarchyLvlTypeId="7" Intrnl_Id="345" Name="isNaNRange">
<Header>
<Loc EndOffset="14525" SrcFileId="2" StartOffset="14498"/>
</Header>
<LocList>
<Loc EndOffset="14604" SrcFileId="2" StartOffset="14498"/>
</LocList>
<StmntSeq Intrnl_Id="346">
<LocList>
<Loc EndOffset="14597" SrcFileId="2" StartOffset="14537"/>
</LocList>
<BasicStmnt CovItemId="S90" CovItemPrefix="org.jfree.data.Range.java" Intrnl_Id="347">
<LocList>
<Loc EndOffset="14597" SrcFileId="2" StartOffset="14537"/>
</LocList>
</BasicStmnt>
</StmntSeq>
</HierarchyLvl>
<HierarchyLvl HierarchyLvlId="456" HierarchyLvlTypeId="7" Intrnl_Id="348" Name="hashCode">
<Header>
<Loc EndOffset="14736" SrcFileId="2" StartOffset="14700"/>
</Header>
<LocList>
<Loc EndOffset="15026" SrcFileId="2" StartOffset="14700"/>
</LocList>
<StmntSeq Intrnl_Id="349">
<LocList>
<Loc EndOffset="14832" SrcFileId="2" StartOffset="14789"/>
<Loc EndOffset="14880" SrcFileId="2" StartOffset="14842"/>
<Loc EndOffset="14933" SrcFileId="2" StartOffset="14890"/>
<Loc EndOffset="14995" SrcFileId="2" StartOffset="14943"/>
<Loc EndOffset="15019" SrcFileId="2" StartOffset="15005"/>
</LocList>
<BasicStmnt CovItemId="S91" CovItemPrefix="org.jfree.data.Range.java" Intrnl_Id="350">
<LocList>
<Loc EndOffset="14832" SrcFileId="2" StartOffset="14789"/>
</LocList>
</BasicStmnt>
<BasicStmnt CovItemId="S92" CovItemPrefix="org.jfree.data.Range.java" Intrnl_Id="351">
<LocList>
<Loc EndOffset="14880" SrcFileId="2" StartOffset="14842"/>
</LocList>
</BasicStmnt>
<BasicStmnt CovItemId="S93" CovItemPrefix="org.jfree.data.Range.java" Intrnl_Id="352">
<LocList>
<Loc EndOffset="14933" SrcFileId="2" StartOffset="14890"/>
</LocList>
</BasicStmnt>
<BasicStmnt CovItemId="S94" CovItemPrefix="org.jfree.data.Range.java" Intrnl_Id="353">
<LocList>
<Loc EndOffset="14995" SrcFileId="2" StartOffset="14943"/>
</LocList>
</BasicStmnt>
<BasicStmnt CovItemId="S95" CovItemPrefix="org.jfree.data.Range.java" Intrnl_Id="354">
<LocList>
<Loc EndOffset="15019" SrcFileId="2" StartOffset="15005"/>
</LocList>
</BasicStmnt>
</StmntSeq>
</HierarchyLvl>
<HierarchyLvl HierarchyLvlId="457" HierarchyLvlTypeId="7" Intrnl_Id="355" Name="toString">
<Header>
<Loc EndOffset="15263" SrcFileId="2" StartOffset="15224"/>
</Header>
<LocList>
<Loc EndOffset="15338" SrcFileId="2" StartOffset="15224"/>
</LocList>
<StmntSeq Intrnl_Id="356">
<LocList>
<Loc EndOffset="15331" SrcFileId="2" StartOffset="15275"/>
</LocList>
<BasicStmnt CovItemId="S96" CovItemPrefix="org.jfree.data.Range.java" Intrnl_Id="357">
<LocList>
<Loc EndOffset="15331" SrcFileId="2" StartOffset="15275"/>
</LocList>
</BasicStmnt>
</StmntSeq>
</HierarchyLvl>
</HierarchyLvl>
</HierarchyLvl>
</HierarchyLvl>
</HierarchyLvl>
<HierarchyLvl HierarchyLvlId="477" HierarchyLvlTypeId="5" Intrnl_Id="358" Name="Test">
<Header/>
<LocList/>
<HierarchyLvl HierarchyLvlId="470" HierarchyLvlTypeId="6" Intrnl_Id="359" Name="TestRange">
<Header>
<Loc EndOffset="121" SrcFileId="3" StartOffset="99"/>
</Header>
<LocList>
<Loc EndOffset="3266" SrcFileId="3" StartOffset="99"/>
</LocList>
<HierarchyLvl HierarchyLvlId="459" HierarchyLvlTypeId="7" Intrnl_Id="360" Name="testCombine_WithTwoSameRange">
<Header>
<Loc EndOffset="176" SrcFileId="3" StartOffset="126"/>
</Header>
<LocList>
<Loc EndOffset="549" SrcFileId="3" StartOffset="126"/>
</LocList>
<StmntSeq Intrnl_Id="361">
<LocList>
<Loc EndOffset="216" SrcFileId="3" StartOffset="184"/>
<Loc EndOffset="252" SrcFileId="3" StartOffset="220"/>
<Loc EndOffset="303" SrcFileId="3" StartOffset="256"/>
<Loc EndOffset="360" SrcFileId="3" StartOffset="307"/>
<Loc EndOffset="421" SrcFileId="3" StartOffset="364"/>
<Loc EndOffset="482" SrcFileId="3" StartOffset="425"/>
<Loc EndOffset="545" SrcFileId="3" StartOffset="486"/>
</LocList>
<BasicStmnt CovItemId="S1" CovItemPrefix="Test.TestRange.java" Intrnl_Id="362">
<LocList>
<Loc EndOffset="216" SrcFileId="3" StartOffset="184"/>
</LocList>
</BasicStmnt>
<BasicStmnt CovItemId="S2" CovItemPrefix="Test.TestRange.java" Intrnl_Id="363">
<LocList>
<Loc EndOffset="252" SrcFileId="3" StartOffset="220"/>
</LocList>
</BasicStmnt>
<BasicStmnt CovItemId="S3" CovItemPrefix="Test.TestRange.java" Intrnl_Id="364">
<LocList>
<Loc EndOffset="303" SrcFileId="3" StartOffset="256"/>
</LocList>
</BasicStmnt>
<BasicStmnt CovItemId="S4" CovItemPrefix="Test.TestRange.java" Intrnl_Id="365">
<LocList>
<Loc EndOffset="360" SrcFileId="3" StartOffset="307"/>
</LocList>
</BasicStmnt>
<BasicStmnt CovItemId="S5" CovItemPrefix="Test.TestRange.java" Intrnl_Id="366">
<LocList>
<Loc EndOffset="421" SrcFileId="3" StartOffset="364"/>
</LocList>
</BasicStmnt>
<BasicStmnt CovItemId="S6" CovItemPrefix="Test.TestRange.java" Intrnl_Id="367">
<LocList>
<Loc EndOffset="482" SrcFileId="3" StartOffset="425"/>
</LocList>
</BasicStmnt>
<BasicStmnt CovItemId="S7" CovItemPrefix="Test.TestRange.java" Intrnl_Id="368">
<LocList>
<Loc EndOffset="545" SrcFileId="3" StartOffset="486"/>
</LocList>
</BasicStmnt>
</StmntSeq>
</HierarchyLvl>
<HierarchyLvl HierarchyLvlId="460" HierarchyLvlTypeId="7" Intrnl_Id="369" Name="testCombine_WithTwoIntersectRange">
<Header>
<Loc EndOffset="610" SrcFileId="3" StartOffset="555"/>
</Header>
<LocList>
<Loc EndOffset="988" SrcFileId="3" StartOffset="555"/>
</LocList>
<StmntSeq Intrnl_Id="370">
<LocList>
<Loc EndOffset="651" SrcFileId="3" StartOffset="618"/>
<Loc EndOffset="690" SrcFileId="3" StartOffset="655"/>
<Loc EndOffset="741" SrcFileId="3" StartOffset="694"/>
<Loc EndOffset="798" SrcFileId="3" StartOffset="745"/>
<Loc EndOffset="860" SrcFileId="3" StartOffset="802"/>
<Loc EndOffset="921" SrcFileId="3" StartOffset="864"/>
<Loc EndOffset="984" SrcFileId="3" StartOffset="925"/>
</LocList>
<BasicStmnt CovItemId="S8" CovItemPrefix="Test.TestRange.java" Intrnl_Id="371">
<LocList>
<Loc EndOffset="651" SrcFileId="3" StartOffset="618"/>
</LocList>
</BasicStmnt>
<BasicStmnt CovItemId="S9" CovItemPrefix="Test.TestRange.java" Intrnl_Id="372">
<LocList>
<Loc EndOffset="690" SrcFileId="3" StartOffset="655"/>
</LocList>
</BasicStmnt>
<BasicStmnt CovItemId="S10" CovItemPrefix="Test.TestRange.java" Intrnl_Id="373">
<LocList>
<Loc EndOffset="741" SrcFileId="3" StartOffset="694"/>
</LocList>
</BasicStmnt>
<BasicStmnt CovItemId="S11" CovItemPrefix="Test.TestRange.java" Intrnl_Id="374">
<LocList>
<Loc EndOffset="798" SrcFileId="3" StartOffset="745"/>
</LocList>
</BasicStmnt>
<BasicStmnt CovItemId="S12" CovItemPrefix="Test.TestRange.java" Intrnl_Id="375">
<LocList>
<Loc EndOffset="860" SrcFileId="3" StartOffset="802"/>
</LocList>
</BasicStmnt>
<BasicStmnt CovItemId="S13" CovItemPrefix="Test.TestRange.java" Intrnl_Id="376">
<LocList>
<Loc EndOffset="921" SrcFileId="3" StartOffset="864"/>
</LocList>
</BasicStmnt>
<BasicStmnt CovItemId="S14" CovItemPrefix="Test.TestRange.java" Intrnl_Id="377">
<LocList>
<Loc EndOffset="984" SrcFileId="3" StartOffset="925"/>
</LocList>
</BasicStmnt>
</StmntSeq>
</HierarchyLvl>
<HierarchyLvl HierarchyLvlId="461" HierarchyLvlTypeId="7" Intrnl_Id="378" Name="testCombine_WithTwoUnintersectRange">
<Header>
<Loc EndOffset="1051" SrcFileId="3" StartOffset="994"/>
</Header>
<LocList>
<Loc EndOffset="1427" SrcFileId="3" StartOffset="994"/>
</LocList>
<StmntSeq Intrnl_Id="379">
<LocList>
<Loc EndOffset="1092" SrcFileId="3" StartOffset="1059"/>
<Loc EndOffset="1128" SrcFileId="3" StartOffset="1096"/>
<Loc EndOffset="1179" SrcFileId="3" StartOffset="1132"/>
<Loc EndOffset="1237" SrcFileId="3" StartOffset="1183"/>
<Loc EndOffset="1299" SrcFileId="3" StartOffset="1241"/>
<Loc EndOffset="1360" SrcFileId="3" StartOffset="1303"/>
<Loc EndOffset="1423" SrcFileId="3" StartOffset="1364"/>
</LocList>
<BasicStmnt CovItemId="S15" CovItemPrefix="Test.TestRange.java" Intrnl_Id="380">
<LocList>
<Loc EndOffset="1092" SrcFileId="3" StartOffset="1059"/>
</LocList>
</BasicStmnt>
<BasicStmnt CovItemId="S16" CovItemPrefix="Test.TestRange.java" Intrnl_Id="381">
<LocList>
<Loc EndOffset="1128" SrcFileId="3" StartOffset="1096"/>
</LocList>
</BasicStmnt>
<BasicStmnt CovItemId="S17" CovItemPrefix="Test.TestRange.java" Intrnl_Id="382">
<LocList>
<Loc EndOffset="1179" SrcFileId="3" StartOffset="1132"/>
</LocList>
</BasicStmnt>
<BasicStmnt CovItemId="S18" CovItemPrefix="Test.TestRange.java" Intrnl_Id="383">
<LocList>
<Loc EndOffset="1237" SrcFileId="3" StartOffset="1183"/>
</LocList>
</BasicStmnt>
<BasicStmnt CovItemId="S19" CovItemPrefix="Test.TestRange.java" Intrnl_Id="384">
<LocList>
<Loc EndOffset="1299" SrcFileId="3" StartOffset="1241"/>
</LocList>
</BasicStmnt>
<BasicStmnt CovItemId="S20" CovItemPrefix="Test.TestRange.java" Intrnl_Id="385">
<LocList>
<Loc EndOffset="1360" SrcFileId="3" StartOffset="1303"/>
</LocList>
</BasicStmnt>
<BasicStmnt CovItemId="S21" CovItemPrefix="Test.TestRange.java" Intrnl_Id="386">
<LocList>
<Loc EndOffset="1423" SrcFileId="3" StartOffset="1364"/>
</LocList>
</BasicStmnt>
</StmntSeq>
</HierarchyLvl>
<HierarchyLvl HierarchyLvlId="462" HierarchyLvlTypeId="7" Intrnl_Id="387" Name="testConstrain">
<Header>
<Loc EndOffset="1468" SrcFileId="3" StartOffset="1433"/>
</Header>
<LocList>
<Loc EndOffset="1934" SrcFileId="3" StartOffset="1433"/>
</LocList>
<StmntSeq Intrnl_Id="388">
<LocList>
<Loc EndOffset="1508" SrcFileId="3" StartOffset="1476"/>
<Loc EndOffset="1566" SrcFileId="3" StartOffset="1512"/>
<Loc EndOffset="1626" SrcFileId="3" StartOffset="1570"/>
<Loc EndOffset="1684" SrcFileId="3" StartOffset="1630"/>
<Loc EndOffset="1746" SrcFileId="3" StartOffset="1688"/>
<Loc EndOffset="1810" SrcFileId="3" StartOffset="1750"/>
<Loc EndOffset="1869" SrcFileId="3" StartOffset="1814"/>
<Loc EndOffset="1930" SrcFileId="3" StartOffset="1873"/>
</LocList>
<BasicStmnt CovItemId="S22" CovItemPrefix="Test.TestRange.java" Intrnl_Id="389">
<LocList>
<Loc EndOffset="1508" SrcFileId="3" StartOffset="1476"/>
</LocList>
</BasicStmnt>
<BasicStmnt CovItemId="S23" CovItemPrefix="Test.TestRange.java" Intrnl_Id="390">
<LocList>
<Loc EndOffset="1566" SrcFileId="3" StartOffset="1512"/>
</LocList>
</BasicStmnt>
<BasicStmnt CovItemId="S24" CovItemPrefix="Test.TestRange.java" Intrnl_Id="391">
<LocList>
<Loc EndOffset="1626" SrcFileId="3" StartOffset="1570"/>
</LocList>
</BasicStmnt>
<BasicStmnt CovItemId="S25" CovItemPrefix="Test.TestRange.java" Intrnl_Id="392">
<LocList>
<Loc EndOffset="1684" SrcFileId="3" StartOffset="1630"/>
</LocList>
</BasicStmnt>
<BasicStmnt CovItemId="S26" CovItemPrefix="Test.TestRange.java" Intrnl_Id="393">
<LocList>
<Loc EndOffset="1746" SrcFileId="3" StartOffset="1688"/>
</LocList>
</BasicStmnt>
<BasicStmnt CovItemId="S27" CovItemPrefix="Test.TestRange.java" Intrnl_Id="394">
<LocList>
<Loc EndOffset="1810" SrcFileId="3" StartOffset="1750"/>
</LocList>
</BasicStmnt>
<BasicStmnt CovItemId="S28" CovItemPrefix="Test.TestRange.java" Intrnl_Id="395">
<LocList>
<Loc EndOffset="1869" SrcFileId="3" StartOffset="1814"/>
</LocList>
</BasicStmnt>
<BasicStmnt CovItemId="S29" CovItemPrefix="Test.TestRange.java" Intrnl_Id="396">
<LocList>
<Loc EndOffset="1930" SrcFileId="3" StartOffset="1873"/>
</LocList>
</BasicStmnt>
</StmntSeq>
</HierarchyLvl>
<HierarchyLvl HierarchyLvlId="463" HierarchyLvlTypeId="7" Intrnl_Id="397" Name="testContains">
<Header>
<Loc EndOffset="1974" SrcFileId="3" StartOffset="1940"/>
</Header>
<LocList>
<Loc EndOffset="2236" SrcFileId="3" StartOffset="1940"/>
</LocList>
<StmntSeq Intrnl_Id="398">
<LocList>
<Loc EndOffset="2014" SrcFileId="3" StartOffset="1982"/>
<Loc EndOffset="2060" SrcFileId="3" StartOffset="2018"/>
<Loc EndOffset="2103" SrcFileId="3" StartOffset="2064"/>
<Loc EndOffset="2145" SrcFileId="3" StartOffset="2107"/>
<Loc EndOffset="2187" SrcFileId="3" StartOffset="2149"/>
<Loc EndOffset="2232" SrcFileId="3" StartOffset="2191"/>
</LocList>
<BasicStmnt CovItemId="S30" CovItemPrefix="Test.TestRange.java" Intrnl_Id="399">
<LocList>
<Loc EndOffset="2014" SrcFileId="3" StartOffset="1982"/>
</LocList>
</BasicStmnt>
<BasicStmnt CovItemId="S31" CovItemPrefix="Test.TestRange.java" Intrnl_Id="400">
<LocList>
<Loc EndOffset="2060" SrcFileId="3" StartOffset="2018"/>
</LocList>
</BasicStmnt>
<BasicStmnt CovItemId="S32" CovItemPrefix="Test.TestRange.java" Intrnl_Id="401">
<LocList>
<Loc EndOffset="2103" SrcFileId="3" StartOffset="2064"/>
</LocList>
</BasicStmnt>
<BasicStmnt CovItemId="S33" CovItemPrefix="Test.TestRange.java" Intrnl_Id="402">
<LocList>
<Loc EndOffset="2145" SrcFileId="3" StartOffset="2107"/>
</LocList>
</BasicStmnt>
<BasicStmnt CovItemId="S34" CovItemPrefix="Test.TestRange.java" Intrnl_Id="403">
<LocList>
<Loc EndOffset="2187" SrcFileId="3" StartOffset="2149"/>
</LocList>
</BasicStmnt>
<BasicStmnt CovItemId="S35" CovItemPrefix="Test.TestRange.java" Intrnl_Id="404">
<LocList>
<Loc EndOffset="2232" SrcFileId="3" StartOffset="2191"/>
</LocList>
</BasicStmnt>
</StmntSeq>
</HierarchyLvl>
<HierarchyLvl HierarchyLvlId="464" HierarchyLvlTypeId="7" Intrnl_Id="405" Name="testGetCentralValue_WithNegativeRange">
<Header>
<Loc EndOffset="2301" SrcFileId="3" StartOffset="2242"/>
</Header>
<LocList>
<Loc EndOffset="2413" SrcFileId="3" StartOffset="2242"/>
</LocList>
<StmntSeq Intrnl_Id="406">
<LocList>
<Loc EndOffset="2343" SrcFileId="3" StartOffset="2309"/>
<Loc EndOffset="2409" SrcFileId="3" StartOffset="2347"/>
</LocList>
<BasicStmnt CovItemId="S36" CovItemPrefix="Test.TestRange.java" Intrnl_Id="407">
<LocList>
<Loc EndOffset="2343" SrcFileId="3" StartOffset="2309"/>
</LocList>
</BasicStmnt>
<BasicStmnt CovItemId="S37" CovItemPrefix="Test.TestRange.java" Intrnl_Id="408">
<LocList>
<Loc EndOffset="2409" SrcFileId="3" StartOffset="2347"/>
</LocList>
</BasicStmnt>
</StmntSeq>
</HierarchyLvl>
<HierarchyLvl HierarchyLvlId="465" HierarchyLvlTypeId="7" Intrnl_Id="409" Name="testGetCentralValue_WithNegativeAndPositiveRange">
<Header>
<Loc EndOffset="2489" SrcFileId="3" StartOffset="2419"/>
</Header>
<LocList>
<Loc EndOffset="2597" SrcFileId="3" StartOffset="2419"/>
</LocList>
<StmntSeq Intrnl_Id="410">
<LocList>
<Loc EndOffset="2529" SrcFileId="3" StartOffset="2497"/>
<Loc EndOffset="2593" SrcFileId="3" StartOffset="2533"/>
</LocList>
<BasicStmnt CovItemId="S38" CovItemPrefix="Test.TestRange.java" Intrnl_Id="411">
<LocList>
<Loc EndOffset="2529" SrcFileId="3" StartOffset="2497"/>
</LocList>
</BasicStmnt>
<BasicStmnt CovItemId="S39" CovItemPrefix="Test.TestRange.java" Intrnl_Id="412">
<LocList>
<Loc EndOffset="2593" SrcFileId="3" StartOffset="2533"/>
</LocList>
</BasicStmnt>
</StmntSeq>
</HierarchyLvl>
<HierarchyLvl HierarchyLvlId="466" HierarchyLvlTypeId="7" Intrnl_Id="413" Name="testGetCentralValue_WithPositiveRange">
<Header>
<Loc EndOffset="2662" SrcFileId="3" StartOffset="2603"/>
</Header>
<LocList>
<Loc EndOffset="2770" SrcFileId="3" StartOffset="2603"/>
</LocList>
<StmntSeq Intrnl_Id="414">
<LocList>
<Loc EndOffset="2701" SrcFileId="3" StartOffset="2670"/>
<Loc EndOffset="2766" SrcFileId="3" StartOffset="2705"/>
</LocList>
<BasicStmnt CovItemId="S40" CovItemPrefix="Test.TestRange.java" Intrnl_Id="415">
<LocList>
<Loc EndOffset="2701" SrcFileId="3" StartOffset="2670"/>
</LocList>
</BasicStmnt>
<BasicStmnt CovItemId="S41" CovItemPrefix="Test.TestRange.java" Intrnl_Id="416">
<LocList>
<Loc EndOffset="2766" SrcFileId="3" StartOffset="2705"/>
</LocList>
</BasicStmnt>
</StmntSeq>
</HierarchyLvl>
<HierarchyLvl HierarchyLvlId="467" HierarchyLvlTypeId="7" Intrnl_Id="417" Name="testGetLength_WithNegativeRange">
<Header>
<Loc EndOffset="2829" SrcFileId="3" StartOffset="2776"/>
</Header>
<LocList>
<Loc EndOffset="2932" SrcFileId="3" StartOffset="2776"/>
</LocList>
<StmntSeq Intrnl_Id="418">
<LocList>
<Loc EndOffset="2871" SrcFileId="3" StartOffset="2837"/>
<Loc EndOffset="2928" SrcFileId="3" StartOffset="2875"/>
</LocList>
<BasicStmnt CovItemId="S42" CovItemPrefix="Test.TestRange.java" Intrnl_Id="419">
<LocList>
<Loc EndOffset="2871" SrcFileId="3" StartOffset="2837"/>
</LocList>
</BasicStmnt>
<BasicStmnt CovItemId="S43" CovItemPrefix="Test.TestRange.java" Intrnl_Id="420">
<LocList>
<Loc EndOffset="2928" SrcFileId="3" StartOffset="2875"/>
</LocList>
</BasicStmnt>
</StmntSeq>
</HierarchyLvl>
<HierarchyLvl HierarchyLvlId="468" HierarchyLvlTypeId="7" Intrnl_Id="421" Name="testGetLength_WithNegativeAndPositiveRange">
<Header>
<Loc EndOffset="3002" SrcFileId="3" StartOffset="2938"/>
</Header>
<LocList>
<Loc EndOffset="3104" SrcFileId="3" StartOffset="2938"/>
</LocList>
<StmntSeq Intrnl_Id="422">
<LocList>
<Loc EndOffset="3042" SrcFileId="3" StartOffset="3010"/>
<Loc EndOffset="3100" SrcFileId="3" StartOffset="3046"/>
</LocList>
<BasicStmnt CovItemId="S44" CovItemPrefix="Test.TestRange.java" Intrnl_Id="423">
<LocList>
<Loc EndOffset="3042" SrcFileId="3" StartOffset="3010"/>
</LocList>
</BasicStmnt>
<BasicStmnt CovItemId="S45" CovItemPrefix="Test.TestRange.java" Intrnl_Id="424">
<LocList>
<Loc EndOffset="3100" SrcFileId="3" StartOffset="3046"/>
</LocList>
</BasicStmnt>
</StmntSeq>
</HierarchyLvl>
<HierarchyLvl HierarchyLvlId="469" HierarchyLvlTypeId="7" Intrnl_Id="425" Name="testGetLength_WithPositiveRange">
<Header>
<Loc EndOffset="3163" SrcFileId="3" StartOffset="3110"/>
</Header>
<LocList>
<Loc EndOffset="3263" SrcFileId="3" StartOffset="3110"/>
</LocList>
<StmntSeq Intrnl_Id="426">
<LocList>
<Loc EndOffset="3202" SrcFileId="3" StartOffset="3171"/>
<Loc EndOffset="3259" SrcFileId="3" StartOffset="3206"/>
</LocList>
<BasicStmnt CovItemId="S46" CovItemPrefix="Test.TestRange.java" Intrnl_Id="427">
<LocList>
<Loc EndOffset="3202" SrcFileId="3" StartOffset="3171"/>
</LocList>
</BasicStmnt>
<BasicStmnt CovItemId="S47" CovItemPrefix="Test.TestRange.java" Intrnl_Id="428">
<LocList>
<Loc EndOffset="3259" SrcFileId="3" StartOffset="3206"/>
</LocList>
</BasicStmnt>
</StmntSeq>
</HierarchyLvl>
</HierarchyLvl>
<HierarchyLvl HierarchyLvlId="472" HierarchyLvlTypeId="6" Intrnl_Id="429" Name="TestCSV">
<Header>
<Loc EndOffset="231" SrcFileId="4" StartOffset="211"/>
</Header>
<LocList>
<Loc EndOffset="861" SrcFileId="4" StartOffset="211"/>
</LocList>
<HierarchyLvl HierarchyLvlId="471" HierarchyLvlTypeId="7" Intrnl_Id="430" Name="testReadCategoryDataset">
<Header>
<Loc EndOffset="302" SrcFileId="4" StartOffset="238"/>
</Header>
<LocList>
<Loc EndOffset="858" SrcFileId="4" StartOffset="238"/>
</LocList>
<StmntSeq Intrnl_Id="431">
<LocList>
<Loc EndOffset="330" SrcFileId="4" StartOffset="310"/>
<Loc EndOffset="403" SrcFileId="4" StartOffset="334"/>
<Loc EndOffset="479" SrcFileId="4" StartOffset="407"/>
<Loc EndOffset="546" SrcFileId="4" StartOffset="483"/>
<Loc EndOffset="610" SrcFileId="4" StartOffset="550"/>
<Loc EndOffset="671" SrcFileId="4" StartOffset="614"/>
<Loc EndOffset="732" SrcFileId="4" StartOffset="675"/>
<Loc EndOffset="793" SrcFileId="4" StartOffset="736"/>
<Loc EndOffset="854" SrcFileId="4" StartOffset="797"/>
</LocList>
<BasicStmnt CovItemId="S1" CovItemPrefix="Test.TestCSV.java" Intrnl_Id="432">
<LocList>
<Loc EndOffset="330" SrcFileId="4" StartOffset="310"/>
</LocList>
</BasicStmnt>
<BasicStmnt CovItemId="S2" CovItemPrefix="Test.TestCSV.java" Intrnl_Id="433">
<LocList>
<Loc EndOffset="403" SrcFileId="4" StartOffset="334"/>
</LocList>
</BasicStmnt>
<BasicStmnt CovItemId="S3" CovItemPrefix="Test.TestCSV.java" Intrnl_Id="434">
<LocList>
<Loc EndOffset="479" SrcFileId="4" StartOffset="407"/>
</LocList>
</BasicStmnt>
<BasicStmnt CovItemId="S4" CovItemPrefix="Test.TestCSV.java" Intrnl_Id="435">
<LocList>
<Loc EndOffset="546" SrcFileId="4" StartOffset="483"/>
</LocList>
</BasicStmnt>
<BasicStmnt CovItemId="S5" CovItemPrefix="Test.TestCSV.java" Intrnl_Id="436">
<LocList>
<Loc EndOffset="610" SrcFileId="4" StartOffset="550"/>
</LocList>
</BasicStmnt>
<BasicStmnt CovItemId="S6" CovItemPrefix="Test.TestCSV.java" Intrnl_Id="437">
<LocList>
<Loc EndOffset="671" SrcFileId="4" StartOffset="614"/>
</LocList>
</BasicStmnt>
<BasicStmnt CovItemId="S7" CovItemPrefix="Test.TestCSV.java" Intrnl_Id="438">
<LocList>
<Loc EndOffset="732" SrcFileId="4" StartOffset="675"/>
</LocList>
</BasicStmnt>
<BasicStmnt CovItemId="S8" CovItemPrefix="Test.TestCSV.java" Intrnl_Id="439">
<LocList>
<Loc EndOffset="793" SrcFileId="4" StartOffset="736"/>
</LocList>
</BasicStmnt>
<BasicStmnt CovItemId="S9" CovItemPrefix="Test.TestCSV.java" Intrnl_Id="440">
<LocList>
<Loc EndOffset="854" SrcFileId="4" StartOffset="797"/>
</LocList>
</BasicStmnt>
</StmntSeq>
</HierarchyLvl>
</HierarchyLvl>
</HierarchyLvl>
</HierarchyLvl>
</MASTRoot>
<TestSession Comment="" Date="1428931664092" Name="2015/4/13 下午 09:27:44">
<TestCase Comment="" Date="1428931663970" Name="Test.TestRange:testGetCentralValue_WithNegativeRange">
<CovList>
<CovPrefix CovItemPrefix="Test.TestRange.java">
<Cov CovItemId="S36" Value="1"/>
<Cov CovItemId="S37" Value="1"/>
</CovPrefix>
<CovPrefix CovItemPrefix="org.jfree.data.Range.java">
<Cov CovItemId="B2" Value="1"/>
<Cov CovItemId="S1" Value="1"/>
<Cov CovItemId="S10" Value="1"/>
<Cov CovItemId="S2" Value="1"/>
<Cov CovItemId="S5" Value="1"/>
<Cov CovItemId="S6" Value="1"/>
</CovPrefix>
</CovList>
<AssgnmntList/>
<ObjMetaDataList/>
<MetaDataList/>
</TestCase>
<TestCase Comment="" Date="1428931663976" Name="Test.TestRange:testGetLength_WithNegativeAndPositiveRange">
<CovList>
<CovPrefix CovItemPrefix="Test.TestRange.java">
<Cov CovItemId="S44" Value="1"/>
<Cov CovItemId="S45" Value="1"/>
</CovPrefix>
<CovPrefix CovItemPrefix="org.jfree.data.Range.java">
<Cov CovItemId="B2" Value="1"/>
<Cov CovItemId="S2" Value="1"/>
<Cov CovItemId="S5" Value="1"/>
<Cov CovItemId="S6" Value="1"/>
<Cov CovItemId="S9" Value="1"/>
</CovPrefix>
</CovList>
<AssgnmntList/>
<ObjMetaDataList/>
<MetaDataList/>
</TestCase>
<TestCase Comment="" Date="1428931663977" Name="Test.TestRange:testGetLength_WithPositiveRange">
<CovList>
<CovPrefix CovItemPrefix="Test.TestRange.java">
<Cov CovItemId="S46" Value="1"/>
<Cov CovItemId="S47" Value="1"/>
</CovPrefix>
<CovPrefix CovItemPrefix="org.jfree.data.Range.java">
<Cov CovItemId="B2" Value="1"/>
<Cov CovItemId="S2" Value="1"/>
<Cov CovItemId="S5" Value="1"/>
<Cov CovItemId="S6" Value="1"/>
<Cov CovItemId="S9" Value="1"/>
</CovPrefix>
</CovList>
<AssgnmntList/>
<ObjMetaDataList/>
<MetaDataList/>
</TestCase>
<TestCase Comment="" Date="1428931663978" Name="Test.TestRange:testCombine_WithTwoSameRange">
<CovList>
<CovPrefix CovItemPrefix="Test.TestRange.java">
<Cov CovItemId="S1" Value="1"/>
<Cov CovItemId="S2" Value="1"/>
<Cov CovItemId="S3" Value="1"/>
<Cov CovItemId="S4" Value="1"/>
<Cov CovItemId="S5" Value="1"/>
<Cov CovItemId="S6" Value="1"/>
<Cov CovItemId="S7" Value="1"/>
</CovPrefix>
<CovPrefix CovItemPrefix="org.jfree.data.Range.java">
<Cov CovItemId="B12" Value="1"/>
<Cov CovItemId="B14" Value="1"/>
<Cov CovItemId="B2" Value="3"/>
<Cov CovItemId="S10" Value="1"/>
<Cov CovItemId="S2" Value="3"/>
<Cov CovItemId="S23" Value="1"/>
<Cov CovItemId="S25" Value="1"/>
<Cov CovItemId="S27" Value="1"/>
<Cov CovItemId="S28" Value="1"/>
<Cov CovItemId="S29" Value="1"/>
<Cov CovItemId="S5" Value="3"/>
<Cov CovItemId="S6" Value="3"/>
<Cov CovItemId="S7" Value="3"/>
<Cov CovItemId="S8" Value="3"/>
<Cov CovItemId="S9" Value="1"/>
</CovPrefix>
</CovList>
<AssgnmntList/>
<ObjMetaDataList/>
<MetaDataList/>
</TestCase>
<TestCase Comment="" Date="1428931663980" Name="Test.TestRange:testGetLength_WithNegativeRange">
<CovList>
<CovPrefix CovItemPrefix="Test.TestRange.java">
<Cov CovItemId="S42" Value="1"/>
<Cov CovItemId="S43" Value="1"/>
</CovPrefix>
<CovPrefix CovItemPrefix="org.jfree.data.Range.java">
<Cov CovItemId="B2" Value="1"/>
<Cov CovItemId="S2" Value="1"/>
<Cov CovItemId="S5" Value="1"/>
<Cov CovItemId="S6" Value="1"/>
<Cov CovItemId="S9" Value="1"/>
</CovPrefix>
</CovList>
<AssgnmntList/>
<ObjMetaDataList/>
<MetaDataList/>
</TestCase>
<TestCase Comment="" Date="1428931663981" Name="Test.TestRange:testCombine_WithTwoIntersectRange">
<CovList>
<CovPrefix CovItemPrefix="Test.TestRange.java">
<Cov CovItemId="S10" Value="1"/>
<Cov CovItemId="S11" Value="1"/>
<Cov CovItemId="S12" Value="1"/>
<Cov CovItemId="S13" Value="1"/>
<Cov CovItemId="S14" Value="1"/>
<Cov CovItemId="S8" Value="1"/>
<Cov CovItemId="S9" Value="1"/>
</CovPrefix>
<CovPrefix CovItemPrefix="org.jfree.data.Range.java">
<Cov CovItemId="B12" Value="1"/>
<Cov CovItemId="B14" Value="1"/>
<Cov CovItemId="B2" Value="3"/>
<Cov CovItemId="S10" Value="1"/>
<Cov CovItemId="S2" Value="3"/>
<Cov CovItemId="S23" Value="1"/>
<Cov CovItemId="S25" Value="1"/>
<Cov CovItemId="S27" Value="1"/>
<Cov CovItemId="S28" Value="1"/>
<Cov CovItemId="S29" Value="1"/>
<Cov CovItemId="S5" Value="3"/>
<Cov CovItemId="S6" Value="3"/>
<Cov CovItemId="S7" Value="3"/>
<Cov CovItemId="S8" Value="3"/>
<Cov CovItemId="S9" Value="1"/>
</CovPrefix>
</CovList>
<AssgnmntList/>
<ObjMetaDataList/>
<MetaDataList/>
</TestCase>
<TestCase Comment="" Date="1428931663982" Name="Test.TestRange:testGetCentralValue_WithNegativeAndPositiveRange">
<CovList>
<CovPrefix CovItemPrefix="Test.TestRange.java">
<Cov CovItemId="S38" Value="1"/>
<Cov CovItemId="S39" Value="1"/>
</CovPrefix>
<CovPrefix CovItemPrefix="org.jfree.data.Range.java">
<Cov CovItemId="B2" Value="1"/>
<Cov CovItemId="S10" Value="1"/>
<Cov CovItemId="S2" Value="1"/>
<Cov CovItemId="S5" Value="1"/>
<Cov CovItemId="S6" Value="1"/>
</CovPrefix>
</CovList>
<AssgnmntList/>
<ObjMetaDataList/>
<MetaDataList/>
</TestCase>
<TestCase Comment="" Date="1428931663983" Name="Test.TestRange:testCombine_WithTwoUnintersectRange">
<CovList>
<CovPrefix CovItemPrefix="Test.TestRange.java">
<Cov CovItemId="S15" Value="1"/>
<Cov CovItemId="S16" Value="1"/>
<Cov CovItemId="S17" Value="1"/>
<Cov CovItemId="S18" Value="1"/>
<Cov CovItemId="S19" Value="1"/>
<Cov CovItemId="S20" Value="1"/>
<Cov CovItemId="S21" Value="1"/>
</CovPrefix>
<CovPrefix CovItemPrefix="org.jfree.data.Range.java">
<Cov CovItemId="B12" Value="1"/>
<Cov CovItemId="B14" Value="1"/>
<Cov CovItemId="B2" Value="3"/>
<Cov CovItemId="S10" Value="1"/>
<Cov CovItemId="S2" Value="3"/>
<Cov CovItemId="S23" Value="1"/>
<Cov CovItemId="S25" Value="1"/>
<Cov CovItemId="S27" Value="1"/>
<Cov CovItemId="S28" Value="1"/>
<Cov CovItemId="S29" Value="1"/>
<Cov CovItemId="S5" Value="3"/>
<Cov CovItemId="S6" Value="3"/>
<Cov CovItemId="S7" Value="3"/>
<Cov CovItemId="S8" Value="3"/>
<Cov CovItemId="S9" Value="1"/>
</CovPrefix>
</CovList>
<AssgnmntList/>
<ObjMetaDataList/>
<MetaDataList/>
</TestCase>
<TestCase Comment="" Date="1428931663985" Name="Test.TestRange:testContains">
<CovList>
<CovPrefix CovItemPrefix="Test.TestRange.java">
<Cov CovItemId="S30" Value="1"/>
<Cov CovItemId="S31" Value="1"/>
<Cov CovItemId="S32" Value="1"/>
<Cov CovItemId="S33" Value="1"/>
<Cov CovItemId="S34" Value="1"/>
<Cov CovItemId="S35" Value="1"/>
</CovPrefix>
<CovPrefix CovItemPrefix="org.jfree.data.Range.java">
<Cov CovItemId="B2" Value="1"/>
<Cov CovItemId="S11" Value="5"/>
<Cov CovItemId="S2" Value="1"/>
<Cov CovItemId="S5" Value="1"/>
<Cov CovItemId="S6" Value="1"/>
</CovPrefix>
</CovList>
<AssgnmntList/>
<ObjMetaDataList/>
<MetaDataList/>
</TestCase>
<TestCase Comment="" Date="1428931663986" Name="Test.TestRange:testConstrain">
<CovList>
<CovPrefix CovItemPrefix="Test.TestRange.java">
<Cov CovItemId="S22" Value="1"/>
<Cov CovItemId="S23" Value="1"/>
<Cov CovItemId="S24" Value="1"/>
<Cov CovItemId="S25" Value="1"/>
<Cov CovItemId="S26" Value="1"/>
<Cov CovItemId="S27" Value="1"/>
<Cov CovItemId="S28" Value="1"/>
<Cov CovItemId="S29" Value="1"/>
</CovPrefix>
<CovPrefix CovItemPrefix="org.jfree.data.Range.java">
<Cov CovItemId="B2" Value="1"/>
<Cov CovItemId="B5" Value="2"/>
<Cov CovItemId="B6" Value="5"/>
<Cov CovItemId="B7" Value="1"/>
<Cov CovItemId="B8" Value="1"/>
<Cov CovItemId="B9" Value="1"/>
<Cov CovItemId="S11" Value="7"/>
<Cov CovItemId="S16" Value="7"/>
<Cov CovItemId="S17" Value="7"/>
<Cov CovItemId="S18" Value="2"/>
<Cov CovItemId="S19" Value="1"/>
<Cov CovItemId="S2" Value="1"/>
<Cov CovItemId="S20" Value="1"/>
<Cov CovItemId="S21" Value="1"/>
<Cov CovItemId="S22" Value="7"/>
<Cov CovItemId="S5" Value="1"/>
<Cov CovItemId="S6" Value="1"/>
</CovPrefix>
</CovList>
<AssgnmntList/>
<ObjMetaDataList/>
<MetaDataList/>
</TestCase>
<TestCase Comment="" Date="1428931663995" Name="Test.TestRange:testGetCentralValue_WithPositiveRange">
<CovList>
<CovPrefix CovItemPrefix="Test.TestRange.java">
<Cov CovItemId="S40" Value="1"/>
<Cov CovItemId="S41" Value="1"/>
</CovPrefix>
<CovPrefix CovItemPrefix="org.jfree.data.Range.java">
<Cov CovItemId="B2" Value="1"/>
<Cov CovItemId="S10" Value="1"/>
<Cov CovItemId="S2" Value="1"/>
<Cov CovItemId="S5" Value="1"/>
<Cov CovItemId="S6" Value="1"/>
</CovPrefix>
</CovList>
<AssgnmntList/>
<ObjMetaDataList/>
<MetaDataList/>
</TestCase>
<MetaDataList/>
</TestSession>
</TestSessionContainer>
